{"meta": {"format": 3, "version": "7.13.3", "timestamp": "2026-02-07T04:34:56.670485", "branch_coverage": true, "show_contexts": false}, "files": {"src/spotdl/__init__.py": {"executed_lines": [3], "summary": {"covered_lines": 1, "num_statements": 1, "percent_covered": 100.0, "percent_covered_display": "100", "missing_lines": 0, "excluded_lines": 0, "percent_statements_covered": 100.0, "percent_statements_covered_display": "100", "num_branches": 0, "num_partial_branches": 0, "covered_branches": 0, "missing_branches": 0, "percent_branches_covered": 100.0, "percent_branches_covered_display": "100"}, "missing_lines": [], "excluded_lines": [], "executed_branches": [], "missing_branches": [], "functions": {"": {"executed_lines": [3], "summary": {"covered_lines": 1, "num_statements": 1, "percent_covered": 100.0, "percent_covered_display": "100", "missing_lines": 0, "excluded_lines": 0, "percent_statements_covered": 100.0, "percent_statements_covered_display": "100", "num_branches": 0, "num_partial_branches": 0, "covered_branches": 0, "missing_branches": 0, "percent_branches_covered": 100.0, "percent_branches_covered_display": "100"}, "missing_lines": [], "excluded_lines": [], "start_line": 1, "executed_branches": [], "missing_branches": []}}, "classes": {"": {"executed_lines": [3], "summary": {"covered_lines": 1, "num_statements": 1, "percent_covered": 100.0, "percent_covered_display": "100", "missing_lines": 0, "excluded_lines": 0, "percent_statements_covered": 100.0, "percent_statements_covered_display": "100", "num_branches": 0, "num_partial_branches": 0, "covered_branches": 0, "missing_branches": 0, "percent_branches_covered": 100.0, "percent_branches_covered_display": "100"}, "missing_lines": [], "excluded_lines": [], "start_line": 1, "executed_branches": [], "missing_branches": []}}}, "src/spotdl/api/__init__.py": {"executed_lines": [], "summary": {"covered_lines": 0, "num_statements": 0, "percent_covered": 100.0, "percent_covered_display": "100", "missing_lines": 0, "excluded_lines": 0, "percent_statements_covered": 100.0, "percent_statements_covered_display": "100", "num_branches": 0, "num_partial_branches": 0, "covered_branches": 0, "missing_branches": 0, "percent_branches_covered": 100.0, "percent_branches_covered_display": "100"}, "missing_lines": [], "excluded_lines": [], "executed_branches": [], "missing_branches": [], "functions": {"": {"executed_lines": [], "summary": {"covered_lines": 0, "num_statements": 0, "percent_covered": 100.0, "percent_covered_display": "100", "missing_lines": 0, "excluded_lines": 0, "percent_statements_covered": 100.0, "percent_statements_covered_display": "100", "num_branches": 0, "num_partial_branches": 0, "covered_branches": 0, "missing_branches": 0, "percent_branches_covered": 100.0, "percent_branches_covered_display": "100"}, "missing_lines": [], "excluded_lines": [], "start_line": 1, "executed_branches": [], "missing_branches": []}}, "classes": {"": {"executed_lines": [], "summary": {"covered_lines": 0, "num_statements": 0, "percent_covered": 100.0, "percent_covered_display": "100", "missing_lines": 0, "excluded_lines": 0, "percent_statements_covered": 100.0, "percent_statements_covered_display": "100", "num_branches": 0, "num_partial_branches": 0, "covered_branches": 0, "missing_branches": 0, "percent_branches_covered": 100.0, "percent_branches_covered_display": "100"}, "missing_lines": [], "excluded_lines": [], "start_line": 1, "executed_branches": [], "missing_branches": []}}}, "src/spotdl/api/v1/__init__.py": {"executed_lines": [3, 5, 21, 22, 23, 24, 25, 26, 27, 28, 29, 30, 31, 32, 33, 34], "summary": {"covered_lines": 16, "num_statements": 16, "percent_covered": 100.0, "percent_covered_display": "100", "missing_lines": 0, "excluded_lines": 0, "percent_statements_covered": 100.0, "percent_statements_covered_display": "100", "num_branches": 0, "num_partial_branches": 0, "covered_branches": 0, "missing_branches": 0, "percent_branches_covered": 100.0, "percent_branches_covered_display": "100"}, "missing_lines": [], "excluded_lines": [], "executed_branches": [], "missing_branches": [], "functions": {"": {"executed_lines": [3, 5, 21, 22, 23, 24, 25, 26, 27, 28, 29, 30, 31, 32, 33, 34], "summary": {"covered_lines": 16, "num_statements": 16, "percent_covered": 100.0, "percent_covered_display": "100", "missing_lines": 0, "excluded_lines": 0, "percent_statements_covered": 100.0, "percent_statements_covered_display": "100", "num_branches": 0, "num_partial_branches": 0, "covered_branches": 0, "missing_branches": 0, "percent_branches_covered": 100.0, "percent_branches_covered_display": "100"}, "missing_lines": [], "excluded_lines": [], "start_line": 1, "executed_branches": [], "missing_branches": []}}, "classes": {"": {"executed_lines": [3, 5, 21, 22, 23, 24, 25, 26, 27, 28, 29, 30, 31, 32, 33, 34], "summary": {"covered_lines": 16, "num_statements": 16, "percent_covered": 100.0, "percent_covered_display": "100", "missing_lines": 0, "excluded_lines": 0, "percent_statements_covered": 100.0, "percent_statements_covered_display": "100", "num_branches": 0, "num_partial_branches": 0, "covered_branches": 0, "missing_branches": 0, "percent_branches_covered": 100.0, "percent_branches_covered_display": "100"}, "missing_lines": [], "excluded_lines": [], "start_line": 1, "executed_branches": [], "missing_branches": []}}}, "src/spotdl/api/v1/admin.py": {"executed_lines": [3, 5, 6, 7, 8, 9, 10, 12, 13, 14, 15, 16, 18, 19, 20, 21, 22, 23, 24, 25, 26, 27, 28, 29, 30, 32, 35, 37, 40, 43, 44, 45, 51, 54, 55, 56, 57, 58, 59, 60, 61, 62, 63, 64, 66, 69, 72, 73, 74, 75, 76, 79, 82, 83, 84, 85, 86, 87, 88, 89, 90, 91, 92, 93, 94, 95, 96, 97, 99, 102, 105, 106, 107, 108, 109, 112, 115, 116, 117, 118, 119, 120, 123, 126, 127, 128, 129, 130, 131, 134, 137, 138, 139, 145, 148, 149, 150, 153, 156, 162, 177, 178, 278, 279, 338, 339, 431, 432, 513, 514, 607, 608, 695, 698, 701, 704, 707, 708, 784, 785, 841, 842, 904, 905, 967, 970, 971, 972, 973, 974, 975, 976, 977, 978, 979, 980, 981, 984, 987, 988, 989, 990, 991, 992, 993, 994, 995, 998, 1001, 1002, 1003, 1004, 1005, 1006, 1009, 1010, 1066, 1067, 1125, 1126], "summary": {"covered_lines": 160, "num_statements": 417, "percent_covered": 33.68421052631579, "percent_covered_display": "34", "missing_lines": 257, "excluded_lines": 0, "percent_statements_covered": 38.36930455635492, "percent_statements_covered_display": "38", "num_branches": 58, "num_partial_branches": 0, "covered_branches": 0, "missing_branches": 58, "percent_branches_covered": 0.0, "percent_branches_covered_display": "0"}, "missing_lines": [166, 167, 171, 195, 198, 199, 203, 205, 206, 208, 209, 212, 213, 214, 217, 218, 219, 221, 224, 226, 227, 230, 231, 233, 240, 247, 253, 269, 287, 288, 289, 290, 295, 296, 298, 299, 305, 311, 317, 323, 350, 351, 352, 353, 358, 359, 361, 362, 368, 369, 375, 376, 377, 378, 379, 380, 382, 383, 385, 395, 401, 407, 413, 444, 450, 451, 453, 454, 457, 465, 466, 469, 470, 472, 473, 475, 476, 477, 504, 523, 524, 525, 526, 531, 539, 541, 542, 548, 551, 552, 553, 556, 557, 558, 559, 562, 563, 567, 568, 570, 578, 580, 615, 616, 617, 619, 621, 624, 625, 626, 627, 628, 629, 632, 638, 644, 650, 656, 662, 669, 671, 719, 720, 721, 723, 724, 725, 727, 735, 736, 737, 740, 749, 750, 751, 752, 753, 754, 757, 759, 767, 769, 770, 771, 776, 795, 797, 803, 804, 805, 806, 808, 809, 810, 811, 812, 813, 815, 816, 817, 818, 819, 820, 821, 822, 823, 824, 825, 826, 827, 828, 830, 852, 854, 859, 865, 873, 874, 877, 878, 880, 881, 883, 885, 890, 891, 892, 893, 898, 916, 918, 919, 920, 921, 922, 924, 935, 936, 937, 938, 939, 940, 941, 942, 944, 946, 950, 951, 952, 953, 958, 1020, 1022, 1023, 1026, 1028, 1030, 1031, 1033, 1051, 1058, 1076, 1077, 1079, 1080, 1082, 1089, 1096, 1102, 1116, 1118, 1135, 1136, 1137, 1140, 1141, 1142, 1143, 1144, 1145, 1148, 1149, 1150, 1151, 1152, 1153, 1156, 1157, 1158, 1161, 1162, 1163, 1164, 1166, 1168, 1200, 1202], "excluded_lines": [], "executed_branches": [], "missing_branches": [[166, 167], [166, 171], [198, 199], [198, 205], [205, 206], [205, 208], [208, 209], [208, 212], [218, 219], [218, 221], [231, 233], [231, 269], [298, 299], [298, 305], [361, 362], [361, 368], [368, 369], [368, 375], [375, 376], [375, 377], [377, 378], [377, 379], [379, 380], [379, 382], [450, 451], [450, 453], [453, 454], [453, 457], [476, 477], [476, 504], [541, 542], [541, 548], [552, 553], [552, 556], [556, 557], [556, 567], [558, 559], [558, 562], [562, 563], [562, 567], [724, 725], [724, 757], [735, 736], [735, 740], [808, 809], [808, 830], [811, 812], [811, 815], [852, 854], [852, 873], [880, 881], [880, 883], [916, 918], [916, 935], [1022, 1023], [1022, 1026], [1080, 1082], [1080, 1116]], "functions": {"require_admin": {"executed_lines": [], "summary": {"covered_lines": 0, "num_statements": 3, "percent_covered": 0.0, "percent_covered_display": "0", "missing_lines": 3, "excluded_lines": 0, "percent_statements_covered": 0.0, "percent_statements_covered_display": "0", "num_branches": 2, "num_partial_branches": 0, "covered_branches": 0, "missing_branches": 2, "percent_branches_covered": 0.0, "percent_branches_covered_display": "0"}, "missing_lines": [166, 167, 171], "excluded_lines": [], "start_line": 162, "executed_branches": [], "missing_branches": [[166, 167], [166, 171]]}, "list_users": {"executed_lines": [], "summary": {"covered_lines": 0, "num_statements": 25, "percent_covered": 0.0, "percent_covered_display": "0", "missing_lines": 25, "excluded_lines": 0, "percent_statements_covered": 0.0, "percent_statements_covered_display": "0", "num_branches": 10, "num_partial_branches": 0, "covered_branches": 0, "missing_branches": 10, "percent_branches_covered": 0.0, "percent_branches_covered_display": "0"}, "missing_lines": [195, 198, 199, 203, 205, 206, 208, 209, 212, 213, 214, 217, 218, 219, 221, 224, 226, 227, 230, 231, 233, 240, 247, 253, 269], "excluded_lines": [], "start_line": 178, "executed_branches": [], "missing_branches": [[198, 199], [198, 205], [205, 206], [205, 208], [208, 209], [208, 212], [218, 219], [218, 221], [231, 233], [231, 269]]}, "get_user": {"executed_lines": [], "summary": {"covered_lines": 0, "num_statements": 12, "percent_covered": 0.0, "percent_covered_display": "0", "missing_lines": 12, "excluded_lines": 0, "percent_statements_covered": 0.0, "percent_statements_covered_display": "0", "num_branches": 2, "num_partial_branches": 0, "covered_branches": 0, "missing_branches": 2, "percent_branches_covered": 0.0, "percent_branches_covered_display": "0"}, "missing_lines": [287, 288, 289, 290, 295, 296, 298, 299, 305, 311, 317, 323], "excluded_lines": [], "start_line": 279, "executed_branches": [], "missing_branches": [[298, 299], [298, 305]]}, "update_user": {"executed_lines": [], "summary": {"covered_lines": 0, "num_statements": 23, "percent_covered": 0.0, "percent_covered_display": "0", "missing_lines": 23, "excluded_lines": 0, "percent_statements_covered": 0.0, "percent_statements_covered_display": "0", "num_branches": 10, "num_partial_branches": 0, "covered_branches": 0, "missing_branches": 10, "percent_branches_covered": 0.0, "percent_branches_covered_display": "0"}, "missing_lines": [350, 351, 352, 353, 358, 359, 361, 362, 368, 369, 375, 376, 377, 378, 379, 380, 382, 383, 385, 395, 401, 407, 413], "excluded_lines": [], "start_line": 339, "executed_branches": [], "missing_branches": [[361, 362], [361, 368], [368, 369], [368, 375], [375, 376], [375, 377], [377, 378], [377, 379], [379, 380], [379, 382]]}, "list_matches": {"executed_lines": [], "summary": {"covered_lines": 0, "num_statements": 16, "percent_covered": 0.0, "percent_covered_display": "0", "missing_lines": 16, "excluded_lines": 0, "percent_statements_covered": 0.0, "percent_statements_covered_display": "0", "num_branches": 6, "num_partial_branches": 0, "covered_branches": 0, "missing_branches": 6, "percent_branches_covered": 0.0, "percent_branches_covered_display": "0"}, "missing_lines": [444, 450, 451, 453, 454, 457, 465, 466, 469, 470, 472, 473, 475, 476, 477, 504], "excluded_lines": [], "start_line": 432, "executed_branches": [], "missing_branches": [[450, 451], [450, 453], [453, 454], [453, 457], [476, 477], [476, 504]]}, "update_match_status": {"executed_lines": [], "summary": {"covered_lines": 0, "num_statements": 23, "percent_covered": 0.0, "percent_covered_display": "0", "missing_lines": 23, "excluded_lines": 0, "percent_statements_covered": 0.0, "percent_statements_covered_display": "0", "num_branches": 10, "num_partial_branches": 0, "covered_branches": 0, "missing_branches": 10, "percent_branches_covered": 0.0, "percent_branches_covered_display": "0"}, "missing_lines": [523, 524, 525, 526, 531, 539, 541, 542, 548, 551, 552, 553, 556, 557, 558, 559, 562, 563, 567, 568, 570, 578, 580], "excluded_lines": [], "start_line": 514, "executed_branches": [], "missing_branches": [[541, 542], [541, 548], [552, 553], [552, 556], [556, 557], [556, 567], [558, 559], [558, 562], [562, 563], [562, 567]]}, "get_system_stats": {"executed_lines": [], "summary": {"covered_lines": 0, "num_statements": 19, "percent_covered": 0.0, "percent_covered_display": "0", "missing_lines": 19, "excluded_lines": 0, "percent_statements_covered": 0.0, "percent_statements_covered_display": "0", "num_branches": 0, "num_partial_branches": 0, "covered_branches": 0, "missing_branches": 0, "percent_branches_covered": 100.0, "percent_branches_covered_display": "100"}, "missing_lines": [615, 616, 617, 619, 621, 624, 625, 626, 627, 628, 629, 632, 638, 644, 650, 656, 662, 669, 671], "excluded_lines": [], "start_line": 608, "executed_branches": [], "missing_branches": []}, "import_matches": {"executed_lines": [], "summary": {"covered_lines": 0, "num_statements": 24, "percent_covered": 0.0, "percent_covered_display": "0", "missing_lines": 24, "excluded_lines": 0, "percent_statements_covered": 0.0, "percent_statements_covered_display": "0", "num_branches": 4, "num_partial_branches": 0, "covered_branches": 0, "missing_branches": 4, "percent_branches_covered": 0.0, "percent_branches_covered_display": "0"}, "missing_lines": [719, 720, 721, 723, 724, 725, 727, 735, 736, 737, 740, 749, 750, 751, 752, 753, 754, 757, 759, 767, 769, 770, 771, 776], "excluded_lines": [], "start_line": 708, "executed_branches": [], "missing_branches": [[724, 725], [724, 757], [735, 736], [735, 740]]}, "import_urls": {"executed_lines": [], "summary": {"covered_lines": 0, "num_statements": 27, "percent_covered": 0.0, "percent_covered_display": "0", "missing_lines": 27, "excluded_lines": 0, "percent_statements_covered": 0.0, "percent_statements_covered_display": "0", "num_branches": 4, "num_partial_branches": 0, "covered_branches": 0, "missing_branches": 4, "percent_branches_covered": 0.0, "percent_branches_covered_display": "0"}, "missing_lines": [795, 797, 803, 804, 805, 806, 808, 809, 810, 811, 812, 813, 815, 816, 817, 818, 819, 820, 821, 822, 823, 824, 825, 826, 827, 828, 830], "excluded_lines": [], "start_line": 785, "executed_branches": [], "missing_branches": [[808, 809], [808, 830], [811, 812], [811, 815]]}, "purge_unverified_matches": {"executed_lines": [], "summary": {"covered_lines": 0, "num_statements": 17, "percent_covered": 0.0, "percent_covered_display": "0", "missing_lines": 17, "excluded_lines": 0, "percent_statements_covered": 0.0, "percent_statements_covered_display": "0", "num_branches": 4, "num_partial_branches": 0, "covered_branches": 0, "missing_branches": 4, "percent_branches_covered": 0.0, "percent_branches_covered_display": "0"}, "missing_lines": [852, 854, 859, 865, 873, 874, 877, 878, 880, 881, 883, 885, 890, 891, 892, 893, 898], "excluded_lines": [], "start_line": 842, "executed_branches": [], "missing_branches": [[852, 854], [852, 873], [880, 881], [880, 883]]}, "reset_database": {"executed_lines": [], "summary": {"covered_lines": 0, "num_statements": 22, "percent_covered": 0.0, "percent_covered_display": "0", "missing_lines": 22, "excluded_lines": 0, "percent_statements_covered": 0.0, "percent_statements_covered_display": "0", "num_branches": 2, "num_partial_branches": 0, "covered_branches": 0, "missing_branches": 2, "percent_branches_covered": 0.0, "percent_branches_covered_display": "0"}, "missing_lines": [916, 918, 919, 920, 921, 922, 924, 935, 936, 937, 938, 939, 940, 941, 942, 944, 946, 950, 951, 952, 953, 958], "excluded_lines": [], "start_line": 905, "executed_branches": [], "missing_branches": [[916, 918], [916, 935]]}, "export_matches": {"executed_lines": [], "summary": {"covered_lines": 0, "num_statements": 10, "percent_covered": 0.0, "percent_covered_display": "0", "missing_lines": 10, "excluded_lines": 0, "percent_statements_covered": 0.0, "percent_statements_covered_display": "0", "num_branches": 2, "num_partial_branches": 0, "covered_branches": 0, "missing_branches": 2, "percent_branches_covered": 0.0, "percent_branches_covered_display": "0"}, "missing_lines": [1020, 1022, 1023, 1026, 1028, 1030, 1031, 1033, 1051, 1058], "excluded_lines": [], "start_line": 1010, "executed_branches": [], "missing_branches": [[1022, 1023], [1022, 1026]]}, "export_users": {"executed_lines": [], "summary": {"covered_lines": 0, "num_statements": 10, "percent_covered": 0.0, "percent_covered_display": "0", "missing_lines": 10, "excluded_lines": 0, "percent_statements_covered": 0.0, "percent_statements_covered_display": "0", "num_branches": 2, "num_partial_branches": 0, "covered_branches": 0, "missing_branches": 2, "percent_branches_covered": 0.0, "percent_branches_covered_display": "0"}, "missing_lines": [1076, 1077, 1079, 1080, 1082, 1089, 1096, 1102, 1116, 1118], "excluded_lines": [], "start_line": 1067, "executed_branches": [], "missing_branches": [[1080, 1082], [1080, 1116]]}, "export_statistics": {"executed_lines": [], "summary": {"covered_lines": 0, "num_statements": 26, "percent_covered": 0.0, "percent_covered_display": "0", "missing_lines": 26, "excluded_lines": 0, "percent_statements_covered": 0.0, "percent_statements_covered_display": "0", "num_branches": 0, "num_partial_branches": 0, "covered_branches": 0, "missing_branches": 0, "percent_branches_covered": 100.0, "percent_branches_covered_display": "100"}, "missing_lines": [1135, 1136, 1137, 1140, 1141, 1142, 1143, 1144, 1145, 1148, 1149, 1150, 1151, 1152, 1153, 1156, 1157, 1158, 1161, 1162, 1163, 1164, 1166, 1168, 1200, 1202], "excluded_lines": [], "start_line": 1126, "executed_branches": [], "missing_branches": []}, "": {"executed_lines": [3, 5, 6, 7, 8, 9, 10, 12, 13, 14, 15, 16, 18, 19, 20, 21, 22, 23, 24, 25, 26, 27, 28, 29, 30, 32, 35, 37, 40, 43, 44, 45, 51, 54, 55, 56, 57, 58, 59, 60, 61, 62, 63, 64, 66, 69, 72, 73, 74, 75, 76, 79, 82, 83, 84, 85, 86, 87, 88, 89, 90, 91, 92, 93, 94, 95, 96, 97, 99, 102, 105, 106, 107, 108, 109, 112, 115, 116, 117, 118, 119, 120, 123, 126, 127, 128, 129, 130, 131, 134, 137, 138, 139, 145, 148, 149, 150, 153, 156, 162, 177, 178, 278, 279, 338, 339, 431, 432, 513, 514, 607, 608, 695, 698, 701, 704, 707, 708, 784, 785, 841, 842, 904, 905, 967, 970, 971, 972, 973, 974, 975, 976, 977, 978, 979, 980, 981, 984, 987, 988, 989, 990, 991, 992, 993, 994, 995, 998, 1001, 1002, 1003, 1004, 1005, 1006, 1009, 1010, 1066, 1067, 1125, 1126], "summary": {"covered_lines": 160, "num_statements": 160, "percent_covered": 100.0, "percent_covered_display": "100", "missing_lines": 0, "excluded_lines": 0, "percent_statements_covered": 100.0, "percent_statements_covered_display": "100", "num_branches": 0, "num_partial_branches": 0, "covered_branches": 0, "missing_branches": 0, "percent_branches_covered": 100.0, "percent_branches_covered_display": "100"}, "missing_lines": [], "excluded_lines": [], "start_line": 1, "executed_branches": [], "missing_branches": []}}, "classes": {"MatchStatus": {"executed_lines": [], "summary": {"covered_lines": 0, "num_statements": 0, "percent_covered": 100.0, "percent_covered_display": "100", "missing_lines": 0, "excluded_lines": 0, "percent_statements_covered": 100.0, "percent_statements_covered_display": "100", "num_branches": 0, "num_partial_branches": 0, "covered_branches": 0, "missing_branches": 0, "percent_branches_covered": 100.0, "percent_branches_covered_display": "100"}, "missing_lines": [], "excluded_lines": [], "start_line": 40, "executed_branches": [], "missing_branches": []}, "AdminUserResponse": {"executed_lines": [], "summary": {"covered_lines": 0, "num_statements": 0, "percent_covered": 100.0, "percent_covered_display": "100", "missing_lines": 0, "excluded_lines": 0, "percent_statements_covered": 100.0, "percent_statements_covered_display": "100", "num_branches": 0, "num_partial_branches": 0, "covered_branches": 0, "missing_branches": 0, "percent_branches_covered": 100.0, "percent_branches_covered_display": "100"}, "missing_lines": [], "excluded_lines": [], "start_line": 51, "executed_branches": [], "missing_branches": []}, "AdminUserListResponse": {"executed_lines": [], "summary": {"covered_lines": 0, "num_statements": 0, "percent_covered": 100.0, "percent_covered_display": "100", "missing_lines": 0, "excluded_lines": 0, "percent_statements_covered": 100.0, "percent_statements_covered_display": "100", "num_branches": 0, "num_partial_branches": 0, "covered_branches": 0, "missing_branches": 0, "percent_branches_covered": 100.0, "percent_branches_covered_display": "100"}, "missing_lines": [], "excluded_lines": [], "start_line": 69, "executed_branches": [], "missing_branches": []}, "AdminMatchResponse": {"executed_lines": [], "summary": {"covered_lines": 0, "num_statements": 0, "percent_covered": 100.0, "percent_covered_display": "100", "missing_lines": 0, "excluded_lines": 0, "percent_statements_covered": 100.0, "percent_statements_covered_display": "100", "num_branches": 0, "num_partial_branches": 0, "covered_branches": 0, "missing_branches": 0, "percent_branches_covered": 100.0, "percent_branches_covered_display": "100"}, "missing_lines": [], "excluded_lines": [], "start_line": 79, "executed_branches": [], "missing_branches": []}, "AdminMatchListResponse": {"executed_lines": [], "summary": {"covered_lines": 0, "num_statements": 0, "percent_covered": 100.0, "percent_covered_display": "100", "missing_lines": 0, "excluded_lines": 0, "percent_statements_covered": 100.0, "percent_statements_covered_display": "100", "num_branches": 0, "num_partial_branches": 0, "covered_branches": 0, "missing_branches": 0, "percent_branches_covered": 100.0, "percent_branches_covered_display": "100"}, "missing_lines": [], "excluded_lines": [], "start_line": 102, "executed_branches": [], "missing_branches": []}, "EntityCountsResponse": {"executed_lines": [], "summary": {"covered_lines": 0, "num_statements": 0, "percent_covered": 100.0, "percent_covered_display": "100", "missing_lines": 0, "excluded_lines": 0, "percent_statements_covered": 100.0, "percent_statements_covered_display": "100", "num_branches": 0, "num_partial_branches": 0, "covered_branches": 0, "missing_branches": 0, "percent_branches_covered": 100.0, "percent_branches_covered_display": "100"}, "missing_lines": [], "excluded_lines": [], "start_line": 112, "executed_branches": [], "missing_branches": []}, "GrowthStatsResponse": {"executed_lines": [], "summary": {"covered_lines": 0, "num_statements": 0, "percent_covered": 100.0, "percent_covered_display": "100", "missing_lines": 0, "excluded_lines": 0, "percent_statements_covered": 100.0, "percent_statements_covered_display": "100", "num_branches": 0, "num_partial_branches": 0, "covered_branches": 0, "missing_branches": 0, "percent_branches_covered": 100.0, "percent_branches_covered_display": "100"}, "missing_lines": [], "excluded_lines": [], "start_line": 123, "executed_branches": [], "missing_branches": []}, "SystemStatsResponse": {"executed_lines": [], "summary": {"covered_lines": 0, "num_statements": 0, "percent_covered": 100.0, "percent_covered_display": "100", "missing_lines": 0, "excluded_lines": 0, "percent_statements_covered": 100.0, "percent_statements_covered_display": "100", "num_branches": 0, "num_partial_branches": 0, "covered_branches": 0, "missing_branches": 0, "percent_branches_covered": 100.0, "percent_branches_covered_display": "100"}, "missing_lines": [], "excluded_lines": [], "start_line": 134, "executed_branches": [], "missing_branches": []}, "UpdateUserRequest": {"executed_lines": [], "summary": {"covered_lines": 0, "num_statements": 0, "percent_covered": 100.0, "percent_covered_display": "100", "missing_lines": 0, "excluded_lines": 0, "percent_statements_covered": 100.0, "percent_statements_covered_display": "100", "num_branches": 0, "num_partial_branches": 0, "covered_branches": 0, "missing_branches": 0, "percent_branches_covered": 100.0, "percent_branches_covered_display": "100"}, "missing_lines": [], "excluded_lines": [], "start_line": 145, "executed_branches": [], "missing_branches": []}, "UpdateMatchStatusRequest": {"executed_lines": [], "summary": {"covered_lines": 0, "num_statements": 0, "percent_covered": 100.0, "percent_covered_display": "100", "missing_lines": 0, "excluded_lines": 0, "percent_statements_covered": 100.0, "percent_statements_covered_display": "100", "num_branches": 0, "num_partial_branches": 0, "covered_branches": 0, "missing_branches": 0, "percent_branches_covered": 100.0, "percent_branches_covered_display": "100"}, "missing_lines": [], "excluded_lines": [], "start_line": 153, "executed_branches": [], "missing_branches": []}, "ImportMatchesRequest": {"executed_lines": [], "summary": {"covered_lines": 0, "num_statements": 0, "percent_covered": 100.0, "percent_covered_display": "100", "missing_lines": 0, "excluded_lines": 0, "percent_statements_covered": 100.0, "percent_statements_covered_display": "100", "num_branches": 0, "num_partial_branches": 0, "covered_branches": 0, "missing_branches": 0, "percent_branches_covered": 100.0, "percent_branches_covered_display": "100"}, "missing_lines": [], "excluded_lines": [], "start_line": 695, "executed_branches": [], "missing_branches": []}, "BulkUrlImportRequest": {"executed_lines": [], "summary": {"covered_lines": 0, "num_statements": 0, "percent_covered": 100.0, "percent_covered_display": "100", "missing_lines": 0, "excluded_lines": 0, "percent_statements_covered": 100.0, "percent_statements_covered_display": "100", "num_branches": 0, "num_partial_branches": 0, "covered_branches": 0, "missing_branches": 0, "percent_branches_covered": 100.0, "percent_branches_covered_display": "100"}, "missing_lines": [], "excluded_lines": [], "start_line": 701, "executed_branches": [], "missing_branches": []}, "MatchExportItem": {"executed_lines": [], "summary": {"covered_lines": 0, "num_statements": 0, "percent_covered": 100.0, "percent_covered_display": "100", "missing_lines": 0, "excluded_lines": 0, "percent_statements_covered": 100.0, "percent_statements_covered_display": "100", "num_branches": 0, "num_partial_branches": 0, "covered_branches": 0, "missing_branches": 0, "percent_branches_covered": 100.0, "percent_branches_covered_display": "100"}, "missing_lines": [], "excluded_lines": [], "start_line": 967, "executed_branches": [], "missing_branches": []}, "UserExportItem": {"executed_lines": [], "summary": {"covered_lines": 0, "num_statements": 0, "percent_covered": 100.0, "percent_covered_display": "100", "missing_lines": 0, "excluded_lines": 0, "percent_statements_covered": 100.0, "percent_statements_covered_display": "100", "num_branches": 0, "num_partial_branches": 0, "covered_branches": 0, "missing_branches": 0, "percent_branches_covered": 100.0, "percent_branches_covered_display": "100"}, "missing_lines": [], "excluded_lines": [], "start_line": 984, "executed_branches": [], "missing_branches": []}, "StatisticsExport": {"executed_lines": [], "summary": {"covered_lines": 0, "num_statements": 0, "percent_covered": 100.0, "percent_covered_display": "100", "missing_lines": 0, "excluded_lines": 0, "percent_statements_covered": 100.0, "percent_statements_covered_display": "100", "num_branches": 0, "num_partial_branches": 0, "covered_branches": 0, "missing_branches": 0, "percent_branches_covered": 100.0, "percent_branches_covered_display": "100"}, "missing_lines": [], "excluded_lines": [], "start_line": 998, "executed_branches": [], "missing_branches": []}, "": {"executed_lines": [3, 5, 6, 7, 8, 9, 10, 12, 13, 14, 15, 16, 18, 19, 20, 21, 22, 23, 24, 25, 26, 27, 28, 29, 30, 32, 35, 37, 40, 43, 44, 45, 51, 54, 55, 56, 57, 58, 59, 60, 61, 62, 63, 64, 66, 69, 72, 73, 74, 75, 76, 79, 82, 83, 84, 85, 86, 87, 88, 89, 90, 91, 92, 93, 94, 95, 96, 97, 99, 102, 105, 106, 107, 108, 109, 112, 115, 116, 117, 118, 119, 120, 123, 126, 127, 128, 129, 130, 131, 134, 137, 138, 139, 145, 148, 149, 150, 153, 156, 162, 177, 178, 278, 279, 338, 339, 431, 432, 513, 514, 607, 608, 695, 698, 701, 704, 707, 708, 784, 785, 841, 842, 904, 905, 967, 970, 971, 972, 973, 974, 975, 976, 977, 978, 979, 980, 981, 984, 987, 988, 989, 990, 991, 992, 993, 994, 995, 998, 1001, 1002, 1003, 1004, 1005, 1006, 1009, 1010, 1066, 1067, 1125, 1126], "summary": {"covered_lines": 160, "num_statements": 417, "percent_covered": 33.68421052631579, "percent_covered_display": "34", "missing_lines": 257, "excluded_lines": 0, "percent_statements_covered": 38.36930455635492, "percent_statements_covered_display": "38", "num_branches": 58, "num_partial_branches": 0, "covered_branches": 0, "missing_branches": 58, "percent_branches_covered": 0.0, "percent_branches_covered_display": "0"}, "missing_lines": [166, 167, 171, 195, 198, 199, 203, 205, 206, 208, 209, 212, 213, 214, 217, 218, 219, 221, 224, 226, 227, 230, 231, 233, 240, 247, 253, 269, 287, 288, 289, 290, 295, 296, 298, 299, 305, 311, 317, 323, 350, 351, 352, 353, 358, 359, 361, 362, 368, 369, 375, 376, 377, 378, 379, 380, 382, 383, 385, 395, 401, 407, 413, 444, 450, 451, 453, 454, 457, 465, 466, 469, 470, 472, 473, 475, 476, 477, 504, 523, 524, 525, 526, 531, 539, 541, 542, 548, 551, 552, 553, 556, 557, 558, 559, 562, 563, 567, 568, 570, 578, 580, 615, 616, 617, 619, 621, 624, 625, 626, 627, 628, 629, 632, 638, 644, 650, 656, 662, 669, 671, 719, 720, 721, 723, 724, 725, 727, 735, 736, 737, 740, 749, 750, 751, 752, 753, 754, 757, 759, 767, 769, 770, 771, 776, 795, 797, 803, 804, 805, 806, 808, 809, 810, 811, 812, 813, 815, 816, 817, 818, 819, 820, 821, 822, 823, 824, 825, 826, 827, 828, 830, 852, 854, 859, 865, 873, 874, 877, 878, 880, 881, 883, 885, 890, 891, 892, 893, 898, 916, 918, 919, 920, 921, 922, 924, 935, 936, 937, 938, 939, 940, 941, 942, 944, 946, 950, 951, 952, 953, 958, 1020, 1022, 1023, 1026, 1028, 1030, 1031, 1033, 1051, 1058, 1076, 1077, 1079, 1080, 1082, 1089, 1096, 1102, 1116, 1118, 1135, 1136, 1137, 1140, 1141, 1142, 1143, 1144, 1145, 1148, 1149, 1150, 1151, 1152, 1153, 1156, 1157, 1158, 1161, 1162, 1163, 1164, 1166, 1168, 1200, 1202], "excluded_lines": [], "start_line": 1, "executed_branches": [], "missing_branches": [[166, 167], [166, 171], [198, 199], [198, 205], [205, 206], [205, 208], [208, 209], [208, 212], [218, 219], [218, 221], [231, 233], [231, 269], [298, 299], [298, 305], [361, 362], [361, 368], [368, 369], [368, 375], [375, 376], [375, 377], [377, 378], [377, 379], [379, 380], [379, 382], [450, 451], [450, 453], [453, 454], [453, 457], [476, 477], [476, 504], [541, 542], [541, 548], [552, 553], [552, 556], [556, 557], [556, 567], [558, 559], [558, 562], [562, 563], [562, 567], [724, 725], [724, 757], [735, 736], [735, 740], [808, 809], [808, 830], [811, 812], [811, 815], [852, 854], [852, 873], [880, 881], [880, 883], [916, 918], [916, 935], [1022, 1023], [1022, 1026], [1080, 1082], [1080, 1116]]}}}, "src/spotdl/api/v1/auth.py": {"executed_lines": [3, 5, 6, 7, 9, 10, 11, 12, 14, 24, 25, 26, 28, 29, 33, 36, 37, 38, 41, 44, 45, 48, 51, 54, 57, 58, 59, 60, 63, 66, 67, 68, 69, 70, 71, 72, 74, 75, 78, 81, 85, 94, 95, 102, 103, 104, 111, 118, 125, 126, 127, 135, 136, 143, 149, 152, 161, 162, 164, 165, 170, 174, 177, 181, 185, 186, 203, 206, 207, 213, 214, 220, 223, 229, 232, 233, 235, 250, 251, 268, 271, 272, 273, 279, 280, 286, 293, 294, 296, 311, 312, 329, 330, 331, 336, 342, 343, 344, 351, 352, 359, 360, 362, 368, 369, 381, 392, 393, 407, 408, 409, 412, 415, 416, 419, 420, 453, 454], "summary": {"covered_lines": 118, "num_statements": 140, "percent_covered": 81.60919540229885, "percent_covered_display": "82", "missing_lines": 22, "excluded_lines": 0, "percent_statements_covered": 84.28571428571429, "percent_statements_covered_display": "84", "num_branches": 34, "num_partial_branches": 8, "covered_branches": 24, "missing_branches": 10, "percent_branches_covered": 70.58823529411765, "percent_branches_covered_display": "71"}, "missing_lines": [112, 119, 128, 129, 137, 144, 166, 167, 287, 337, 345, 346, 353, 440, 441, 447, 448, 450, 470, 471, 472, 474], "excluded_lines": [], "executed_branches": [[94, 95], [94, 102], [103, 104], [103, 111], [111, 118], [118, 125], [136, 143], [143, 149], [161, 162], [161, 164], [206, 207], [206, 213], [213, 214], [213, 220], [272, 273], [272, 279], [279, 280], [279, 286], [286, 293], [330, 331], [330, 336], [336, 342], [352, 359], [407, 408]], "missing_branches": [[111, 112], [118, 119], [136, 137], [143, 144], [286, 287], [336, 337], [352, 353], [407, 409], [440, 441], [440, 447]], "functions": {"get_current_user": {"executed_lines": [94, 95, 102, 103, 104, 111, 118, 125, 126, 127, 135, 136, 143, 149], "summary": {"covered_lines": 14, "num_statements": 20, "percent_covered": 68.75, "percent_covered_display": "69", "missing_lines": 6, "excluded_lines": 0, "percent_statements_covered": 70.0, "percent_statements_covered_display": "70", "num_branches": 12, "num_partial_branches": 4, "covered_branches": 8, "missing_branches": 4, "percent_branches_covered": 66.66666666666667, "percent_branches_covered_display": "67"}, "missing_lines": [112, 119, 128, 129, 137, 144], "excluded_lines": [], "start_line": 85, "executed_branches": [[94, 95], [94, 102], [103, 104], [103, 111], [111, 118], [118, 125], [136, 143], [143, 149]], "missing_branches": [[111, 112], [118, 119], [136, 137], [143, 144]]}, "get_current_user_optional": {"executed_lines": [161, 162, 164, 165], "summary": {"covered_lines": 4, "num_statements": 6, "percent_covered": 75.0, "percent_covered_display": "75", "missing_lines": 2, "excluded_lines": 0, "percent_statements_covered": 66.66666666666667, "percent_statements_covered_display": "67", "num_branches": 2, "num_partial_branches": 0, "covered_branches": 2, "missing_branches": 0, "percent_branches_covered": 100.0, "percent_branches_covered_display": "100"}, "missing_lines": [166, 167], "excluded_lines": [], "start_line": 152, "executed_branches": [[161, 162], [161, 164]], "missing_branches": []}, "get_current_user_id": {"executed_lines": [174], "summary": {"covered_lines": 1, "num_statements": 1, "percent_covered": 100.0, "percent_covered_display": "100", "missing_lines": 0, "excluded_lines": 0, "percent_statements_covered": 100.0, "percent_statements_covered_display": "100", "num_branches": 0, "num_partial_branches": 0, "covered_branches": 0, "missing_branches": 0, "percent_branches_covered": 100.0, "percent_branches_covered_display": "100"}, "missing_lines": [], "excluded_lines": [], "start_line": 170, "executed_branches": [], "missing_branches": []}, "get_current_user_id_optional": {"executed_lines": [181], "summary": {"covered_lines": 1, "num_statements": 1, "percent_covered": 100.0, "percent_covered_display": "100", "missing_lines": 0, "excluded_lines": 0, "percent_statements_covered": 100.0, "percent_statements_covered_display": "100", "num_branches": 0, "num_partial_branches": 0, "covered_branches": 0, "missing_branches": 0, "percent_branches_covered": 100.0, "percent_branches_covered_display": "100"}, "missing_lines": [], "excluded_lines": [], "start_line": 177, "executed_branches": [], "missing_branches": []}, "register": {"executed_lines": [203, 206, 207, 213, 214, 220, 223, 229, 232, 233, 235], "summary": {"covered_lines": 11, "num_statements": 11, "percent_covered": 100.0, "percent_covered_display": "100", "missing_lines": 0, "excluded_lines": 0, "percent_statements_covered": 100.0, "percent_statements_covered_display": "100", "num_branches": 4, "num_partial_branches": 0, "covered_branches": 4, "missing_branches": 0, "percent_branches_covered": 100.0, "percent_branches_covered_display": "100"}, "missing_lines": [], "excluded_lines": [], "start_line": 186, "executed_branches": [[206, 207], [206, 213], [213, 214], [213, 220]], "missing_branches": []}, "login": {"executed_lines": [268, 271, 272, 273, 279, 280, 286, 293, 294, 296], "summary": {"covered_lines": 10, "num_statements": 11, "percent_covered": 88.23529411764706, "percent_covered_display": "88", "missing_lines": 1, "excluded_lines": 0, "percent_statements_covered": 90.9090909090909, "percent_statements_covered_display": "91", "num_branches": 6, "num_partial_branches": 1, "covered_branches": 5, "missing_branches": 1, "percent_branches_covered": 83.33333333333333, "percent_branches_covered_display": "83"}, "missing_lines": [287], "excluded_lines": [], "start_line": 251, "executed_branches": [[272, 273], [272, 279], [279, 280], [279, 286], [286, 293]], "missing_branches": [[286, 287]]}, "refresh_token": {"executed_lines": [329, 330, 331, 336, 342, 343, 344, 351, 352, 359, 360, 362], "summary": {"covered_lines": 12, "num_statements": 16, "percent_covered": 72.72727272727273, "percent_covered_display": "73", "missing_lines": 4, "excluded_lines": 0, "percent_statements_covered": 75.0, "percent_statements_covered_display": "75", "num_branches": 6, "num_partial_branches": 2, "covered_branches": 4, "missing_branches": 2, "percent_branches_covered": 66.66666666666667, "percent_branches_covered_display": "67"}, "missing_lines": [337, 345, 346, 353], "excluded_lines": [], "start_line": 312, "executed_branches": [[330, 331], [330, 336], [336, 342], [352, 359]], "missing_branches": [[336, 337], [352, 353]]}, "get_me": {"executed_lines": [381], "summary": {"covered_lines": 1, "num_statements": 1, "percent_covered": 100.0, "percent_covered_display": "100", "missing_lines": 0, "excluded_lines": 0, "percent_statements_covered": 100.0, "percent_statements_covered_display": "100", "num_branches": 0, "num_partial_branches": 0, "covered_branches": 0, "missing_branches": 0, "percent_branches_covered": 100.0, "percent_branches_covered_display": "100"}, "missing_lines": [], "excluded_lines": [], "start_line": 369, "executed_branches": [], "missing_branches": []}, "logout": {"executed_lines": [407, 408, 409], "summary": {"covered_lines": 3, "num_statements": 3, "percent_covered": 80.0, "percent_covered_display": "80", "missing_lines": 0, "excluded_lines": 0, "percent_statements_covered": 100.0, "percent_statements_covered_display": "100", "num_branches": 2, "num_partial_branches": 1, "covered_branches": 1, "missing_branches": 1, "percent_branches_covered": 50.0, "percent_branches_covered_display": "50"}, "missing_lines": [], "excluded_lines": [], "start_line": 393, "executed_branches": [[407, 408]], "missing_branches": [[407, 409]]}, "change_password": {"executed_lines": [], "summary": {"covered_lines": 0, "num_statements": 5, "percent_covered": 0.0, "percent_covered_display": "0", "missing_lines": 5, "excluded_lines": 0, "percent_statements_covered": 0.0, "percent_statements_covered_display": "0", "num_branches": 2, "num_partial_branches": 0, "covered_branches": 0, "missing_branches": 2, "percent_branches_covered": 0.0, "percent_branches_covered_display": "0"}, "missing_lines": [440, 441, 447, 448, 450], "excluded_lines": [], "start_line": 420, "executed_branches": [], "missing_branches": [[440, 441], [440, 447]]}, "delete_account": {"executed_lines": [], "summary": {"covered_lines": 0, "num_statements": 4, "percent_covered": 0.0, "percent_covered_display": "0", "missing_lines": 4, "excluded_lines": 0, "percent_statements_covered": 0.0, "percent_statements_covered_display": "0", "num_branches": 0, "num_partial_branches": 0, "covered_branches": 0, "missing_branches": 0, "percent_branches_covered": 100.0, "percent_branches_covered_display": "100"}, "missing_lines": [470, 471, 472, 474], "excluded_lines": [], "start_line": 454, "executed_branches": [], "missing_branches": []}, "": {"executed_lines": [3, 5, 6, 7, 9, 10, 11, 12, 14, 24, 25, 26, 28, 29, 33, 36, 37, 38, 41, 44, 45, 48, 51, 54, 57, 58, 59, 60, 63, 66, 67, 68, 69, 70, 71, 72, 74, 75, 78, 81, 85, 152, 170, 177, 185, 186, 250, 251, 311, 312, 368, 369, 392, 393, 412, 415, 416, 419, 420, 453, 454], "summary": {"covered_lines": 61, "num_statements": 61, "percent_covered": 100.0, "percent_covered_display": "100", "missing_lines": 0, "excluded_lines": 0, "percent_statements_covered": 100.0, "percent_statements_covered_display": "100", "num_branches": 0, "num_partial_branches": 0, "covered_branches": 0, "missing_branches": 0, "percent_branches_covered": 100.0, "percent_branches_covered_display": "100"}, "missing_lines": [], "excluded_lines": [], "start_line": 1, "executed_branches": [], "missing_branches": []}}, "classes": {"RegisterRequest": {"executed_lines": [], "summary": {"covered_lines": 0, "num_statements": 0, "percent_covered": 100.0, "percent_covered_display": "100", "missing_lines": 0, "excluded_lines": 0, "percent_statements_covered": 100.0, "percent_statements_covered_display": "100", "num_branches": 0, "num_partial_branches": 0, "covered_branches": 0, "missing_branches": 0, "percent_branches_covered": 100.0, "percent_branches_covered_display": "100"}, "missing_lines": [], "excluded_lines": [], "start_line": 33, "executed_branches": [], "missing_branches": []}, "LoginRequest": {"executed_lines": [], "summary": {"covered_lines": 0, "num_statements": 0, "percent_covered": 100.0, "percent_covered_display": "100", "missing_lines": 0, "excluded_lines": 0, "percent_statements_covered": 100.0, "percent_statements_covered_display": "100", "num_branches": 0, "num_partial_branches": 0, "covered_branches": 0, "missing_branches": 0, "percent_branches_covered": 100.0, "percent_branches_covered_display": "100"}, "missing_lines": [], "excluded_lines": [], "start_line": 41, "executed_branches": [], "missing_branches": []}, "RefreshRequest": {"executed_lines": [], "summary": {"covered_lines": 0, "num_statements": 0, "percent_covered": 100.0, "percent_covered_display": "100", "missing_lines": 0, "excluded_lines": 0, "percent_statements_covered": 100.0, "percent_statements_covered_display": "100", "num_branches": 0, "num_partial_branches": 0, "covered_branches": 0, "missing_branches": 0, "percent_branches_covered": 100.0, "percent_branches_covered_display": "100"}, "missing_lines": [], "excluded_lines": [], "start_line": 48, "executed_branches": [], "missing_branches": []}, "TokenResponse": {"executed_lines": [], "summary": {"covered_lines": 0, "num_statements": 0, "percent_covered": 100.0, "percent_covered_display": "100", "missing_lines": 0, "excluded_lines": 0, "percent_statements_covered": 100.0, "percent_statements_covered_display": "100", "num_branches": 0, "num_partial_branches": 0, "covered_branches": 0, "missing_branches": 0, "percent_branches_covered": 100.0, "percent_branches_covered_display": "100"}, "missing_lines": [], "excluded_lines": [], "start_line": 54, "executed_branches": [], "missing_branches": []}, "UserResponse": {"executed_lines": [], "summary": {"covered_lines": 0, "num_statements": 0, "percent_covered": 100.0, "percent_covered_display": "100", "missing_lines": 0, "excluded_lines": 0, "percent_statements_covered": 100.0, "percent_statements_covered_display": "100", "num_branches": 0, "num_partial_branches": 0, "covered_branches": 0, "missing_branches": 0, "percent_branches_covered": 100.0, "percent_branches_covered_display": "100"}, "missing_lines": [], "excluded_lines": [], "start_line": 63, "executed_branches": [], "missing_branches": []}, "UserResponse.Config": {"executed_lines": [], "summary": {"covered_lines": 0, "num_statements": 0, "percent_covered": 100.0, "percent_covered_display": "100", "missing_lines": 0, "excluded_lines": 0, "percent_statements_covered": 100.0, "percent_statements_covered_display": "100", "num_branches": 0, "num_partial_branches": 0, "covered_branches": 0, "missing_branches": 0, "percent_branches_covered": 100.0, "percent_branches_covered_display": "100"}, "missing_lines": [], "excluded_lines": [], "start_line": 74, "executed_branches": [], "missing_branches": []}, "MessageResponse": {"executed_lines": [], "summary": {"covered_lines": 0, "num_statements": 0, "percent_covered": 100.0, "percent_covered_display": "100", "missing_lines": 0, "excluded_lines": 0, "percent_statements_covered": 100.0, "percent_statements_covered_display": "100", "num_branches": 0, "num_partial_branches": 0, "covered_branches": 0, "missing_branches": 0, "percent_branches_covered": 100.0, "percent_branches_covered_display": "100"}, "missing_lines": [], "excluded_lines": [], "start_line": 78, "executed_branches": [], "missing_branches": []}, "ChangePasswordRequest": {"executed_lines": [], "summary": {"covered_lines": 0, "num_statements": 0, "percent_covered": 100.0, "percent_covered_display": "100", "missing_lines": 0, "excluded_lines": 0, "percent_statements_covered": 100.0, "percent_statements_covered_display": "100", "num_branches": 0, "num_partial_branches": 0, "covered_branches": 0, "missing_branches": 0, "percent_branches_covered": 100.0, "percent_branches_covered_display": "100"}, "missing_lines": [], "excluded_lines": [], "start_line": 412, "executed_branches": [], "missing_branches": []}, "": {"executed_lines": [3, 5, 6, 7, 9, 10, 11, 12, 14, 24, 25, 26, 28, 29, 33, 36, 37, 38, 41, 44, 45, 48, 51, 54, 57, 58, 59, 60, 63, 66, 67, 68, 69, 70, 71, 72, 74, 75, 78, 81, 85, 94, 95, 102, 103, 104, 111, 118, 125, 126, 127, 135, 136, 143, 149, 152, 161, 162, 164, 165, 170, 174, 177, 181, 185, 186, 203, 206, 207, 213, 214, 220, 223, 229, 232, 233, 235, 250, 251, 268, 271, 272, 273, 279, 280, 286, 293, 294, 296, 311, 312, 329, 330, 331, 336, 342, 343, 344, 351, 352, 359, 360, 362, 368, 369, 381, 392, 393, 407, 408, 409, 412, 415, 416, 419, 420, 453, 454], "summary": {"covered_lines": 118, "num_statements": 140, "percent_covered": 81.60919540229885, "percent_covered_display": "82", "missing_lines": 22, "excluded_lines": 0, "percent_statements_covered": 84.28571428571429, "percent_statements_covered_display": "84", "num_branches": 34, "num_partial_branches": 8, "covered_branches": 24, "missing_branches": 10, "percent_branches_covered": 70.58823529411765, "percent_branches_covered_display": "71"}, "missing_lines": [112, 119, 128, 129, 137, 144, 166, 167, 287, 337, 345, 346, 353, 440, 441, 447, 448, 450, 470, 471, 472, 474], "excluded_lines": [], "start_line": 1, "executed_branches": [[94, 95], [94, 102], [103, 104], [103, 111], [111, 118], [118, 125], [136, 143], [143, 149], [161, 162], [161, 164], [206, 207], [206, 213], [213, 214], [213, 220], [272, 273], [272, 279], [279, 280], [279, 286], [286, 293], [330, 331], [330, 336], [336, 342], [352, 359], [407, 408]], "missing_branches": [[111, 112], [118, 119], [136, 137], [143, 144], [286, 287], [336, 337], [352, 353], [407, 409], [440, 441], [440, 447]]}}}, "src/spotdl/api/v1/dependencies.py": {"executed_lines": [3, 5, 7, 8, 10, 11, 15, 23, 27, 28, 29, 32, 35, 36, 37, 40, 58, 60, 85, 104, 119, 134], "summary": {"covered_lines": 22, "num_statements": 38, "percent_covered": 50.0, "percent_covered_display": "50", "missing_lines": 16, "excluded_lines": 0, "percent_statements_covered": 57.89473684210526, "percent_statements_covered_display": "58", "num_branches": 8, "num_partial_branches": 1, "covered_branches": 1, "missing_branches": 7, "percent_branches_covered": 12.5, "percent_branches_covered_display": "12"}, "missing_lines": [67, 68, 70, 72, 78, 97, 98, 116, 131, 151, 153, 156, 157, 159, 160, 162], "excluded_lines": [], "executed_branches": [[58, 60]], "missing_branches": [[58, 67], [70, 72], [70, 78], [151, 153], [151, 156], [159, 160], [159, 162]], "functions": {"get_user_preferences": {"executed_lines": [58, 60], "summary": {"covered_lines": 2, "num_statements": 7, "percent_covered": 27.272727272727273, "percent_covered_display": "27", "missing_lines": 5, "excluded_lines": 0, "percent_statements_covered": 28.571428571428573, "percent_statements_covered_display": "29", "num_branches": 4, "num_partial_branches": 1, "covered_branches": 1, "missing_branches": 3, "percent_branches_covered": 25.0, "percent_branches_covered_display": "25"}, "missing_lines": [67, 68, 70, 72, 78], "excluded_lines": [], "start_line": 40, "executed_branches": [[58, 60]], "missing_branches": [[58, 67], [70, 72], [70, 78]]}, "get_audio_preferences": {"executed_lines": [], "summary": {"covered_lines": 0, "num_statements": 2, "percent_covered": 0.0, "percent_covered_display": "0", "missing_lines": 2, "excluded_lines": 0, "percent_statements_covered": 0.0, "percent_statements_covered_display": "0", "num_branches": 0, "num_partial_branches": 0, "covered_branches": 0, "missing_branches": 0, "percent_branches_covered": 100.0, "percent_branches_covered_display": "100"}, "missing_lines": [97, 98], "excluded_lines": [], "start_line": 85, "executed_branches": [], "missing_branches": []}, "get_metadata_preferences": {"executed_lines": [], "summary": {"covered_lines": 0, "num_statements": 1, "percent_covered": 0.0, "percent_covered_display": "0", "missing_lines": 1, "excluded_lines": 0, "percent_statements_covered": 0.0, "percent_statements_covered_display": "0", "num_branches": 0, "num_partial_branches": 0, "covered_branches": 0, "missing_branches": 0, "percent_branches_covered": 100.0, "percent_branches_covered_display": "100"}, "missing_lines": [116], "excluded_lines": [], "start_line": 104, "executed_branches": [], "missing_branches": []}, "get_lyrics_preferences": {"executed_lines": [], "summary": {"covered_lines": 0, "num_statements": 1, "percent_covered": 0.0, "percent_covered_display": "0", "missing_lines": 1, "excluded_lines": 0, "percent_statements_covered": 0.0, "percent_statements_covered_display": "0", "num_branches": 0, "num_partial_branches": 0, "covered_branches": 0, "missing_branches": 0, "percent_branches_covered": 100.0, "percent_branches_covered_display": "100"}, "missing_lines": [131], "excluded_lines": [], "start_line": 119, "executed_branches": [], "missing_branches": []}, "get_embed_preferences": {"executed_lines": [], "summary": {"covered_lines": 0, "num_statements": 7, "percent_covered": 0.0, "percent_covered_display": "0", "missing_lines": 7, "excluded_lines": 0, "percent_statements_covered": 0.0, "percent_statements_covered_display": "0", "num_branches": 4, "num_partial_branches": 0, "covered_branches": 0, "missing_branches": 4, "percent_branches_covered": 0.0, "percent_branches_covered_display": "0"}, "missing_lines": [151, 153, 156, 157, 159, 160, 162], "excluded_lines": [], "start_line": 134, "executed_branches": [], "missing_branches": [[151, 153], [151, 156], [159, 160], [159, 162]]}, "": {"executed_lines": [3, 5, 7, 8, 10, 11, 15, 23, 27, 28, 29, 32, 35, 36, 37, 40, 85, 104, 119, 134], "summary": {"covered_lines": 20, "num_statements": 20, "percent_covered": 100.0, "percent_covered_display": "100", "missing_lines": 0, "excluded_lines": 0, "percent_statements_covered": 100.0, "percent_statements_covered_display": "100", "num_branches": 0, "num_partial_branches": 0, "covered_branches": 0, "missing_branches": 0, "percent_branches_covered": 100.0, "percent_branches_covered_display": "100"}, "missing_lines": [], "excluded_lines": [], "start_line": 1, "executed_branches": [], "missing_branches": []}}, "classes": {"UserPreferences": {"executed_lines": [], "summary": {"covered_lines": 0, "num_statements": 0, "percent_covered": 100.0, "percent_covered_display": "100", "missing_lines": 0, "excluded_lines": 0, "percent_statements_covered": 100.0, "percent_statements_covered_display": "100", "num_branches": 0, "num_partial_branches": 0, "covered_branches": 0, "missing_branches": 0, "percent_branches_covered": 100.0, "percent_branches_covered_display": "100"}, "missing_lines": [], "excluded_lines": [], "start_line": 32, "executed_branches": [], "missing_branches": []}, "": {"executed_lines": [3, 5, 7, 8, 10, 11, 15, 23, 27, 28, 29, 32, 35, 36, 37, 40, 58, 60, 85, 104, 119, 134], "summary": {"covered_lines": 22, "num_statements": 38, "percent_covered": 50.0, "percent_covered_display": "50", "missing_lines": 16, "excluded_lines": 0, "percent_statements_covered": 57.89473684210526, "percent_statements_covered_display": "58", "num_branches": 8, "num_partial_branches": 1, "covered_branches": 1, "missing_branches": 7, "percent_branches_covered": 12.5, "percent_branches_covered_display": "12"}, "missing_lines": [67, 68, 70, 72, 78, 97, 98, 116, 131, 151, 153, 156, 157, 159, 160, 162], "excluded_lines": [], "start_line": 1, "executed_branches": [[58, 60]], "missing_branches": [[58, 67], [70, 72], [70, 78], [151, 153], [151, 156], [159, 160], [159, 162]]}}}, "src/spotdl/api/v1/download.py": {"executed_lines": [3, 5, 6, 8, 9, 10, 12, 13, 22, 24, 27, 37, 40, 41, 42, 43, 44, 45, 46, 47, 49, 50, 51, 54, 57, 58, 59, 62, 65, 66, 67, 68, 69, 70, 71, 72, 73, 76, 79, 80, 83, 98, 99, 140, 141, 155, 156, 169, 170, 202, 203], "summary": {"covered_lines": 51, "num_statements": 86, "percent_covered": 51.0, "percent_covered_display": "51", "missing_lines": 35, "excluded_lines": 0, "percent_statements_covered": 59.30232558139535, "percent_statements_covered_display": "59", "num_branches": 14, "num_partial_branches": 0, "covered_branches": 0, "missing_branches": 14, "percent_branches_covered": 0.0, "percent_branches_covered_display": "0"}, "missing_lines": [29, 30, 31, 85, 109, 112, 113, 129, 131, 133, 146, 147, 149, 150, 152, 160, 161, 163, 179, 180, 182, 183, 185, 186, 191, 192, 193, 195, 208, 210, 211, 213, 215, 216, 218], "excluded_lines": [], "executed_branches": [], "missing_branches": [[30, -27], [30, 31], [149, 150], [149, 152], [182, 183], [182, 185], [185, 186], [185, 191], [192, 193], [192, 195], [210, 211], [210, 213], [215, 216], [215, 218]], "functions": {"require_downloads_enabled": {"executed_lines": [], "summary": {"covered_lines": 0, "num_statements": 3, "percent_covered": 0.0, "percent_covered_display": "0", "missing_lines": 3, "excluded_lines": 0, "percent_statements_covered": 0.0, "percent_statements_covered_display": "0", "num_branches": 2, "num_partial_branches": 0, "covered_branches": 0, "missing_branches": 2, "percent_branches_covered": 0.0, "percent_branches_covered_display": "0"}, "missing_lines": [29, 30, 31], "excluded_lines": [], "start_line": 27, "executed_branches": [], "missing_branches": [[30, -27], [30, 31]]}, "progress_to_response": {"executed_lines": [], "summary": {"covered_lines": 0, "num_statements": 1, "percent_covered": 0.0, "percent_covered_display": "0", "missing_lines": 1, "excluded_lines": 0, "percent_statements_covered": 0.0, "percent_statements_covered_display": "0", "num_branches": 0, "num_partial_branches": 0, "covered_branches": 0, "missing_branches": 0, "percent_branches_covered": 100.0, "percent_branches_covered_display": "100"}, "missing_lines": [85], "excluded_lines": [], "start_line": 83, "executed_branches": [], "missing_branches": []}, "start_download": {"executed_lines": [], "summary": {"covered_lines": 0, "num_statements": 6, "percent_covered": 0.0, "percent_covered_display": "0", "missing_lines": 6, "excluded_lines": 0, "percent_statements_covered": 0.0, "percent_statements_covered_display": "0", "num_branches": 0, "num_partial_branches": 0, "covered_branches": 0, "missing_branches": 0, "percent_branches_covered": 100.0, "percent_branches_covered_display": "100"}, "missing_lines": [109, 112, 113, 129, 131, 133], "excluded_lines": [], "start_line": 99, "executed_branches": [], "missing_branches": []}, "get_download_status": {"executed_lines": [], "summary": {"covered_lines": 0, "num_statements": 5, "percent_covered": 0.0, "percent_covered_display": "0", "missing_lines": 5, "excluded_lines": 0, "percent_statements_covered": 0.0, "percent_statements_covered_display": "0", "num_branches": 2, "num_partial_branches": 0, "covered_branches": 0, "missing_branches": 2, "percent_branches_covered": 0.0, "percent_branches_covered_display": "0"}, "missing_lines": [146, 147, 149, 150, 152], "excluded_lines": [], "start_line": 141, "executed_branches": [], "missing_branches": [[149, 150], [149, 152]]}, "list_downloads": {"executed_lines": [], "summary": {"covered_lines": 0, "num_statements": 3, "percent_covered": 0.0, "percent_covered_display": "0", "missing_lines": 3, "excluded_lines": 0, "percent_statements_covered": 0.0, "percent_statements_covered_display": "0", "num_branches": 0, "num_partial_branches": 0, "covered_branches": 0, "missing_branches": 0, "percent_branches_covered": 100.0, "percent_branches_covered_display": "100"}, "missing_lines": [160, 161, 163], "excluded_lines": [], "start_line": 156, "executed_branches": [], "missing_branches": []}, "get_download_file": {"executed_lines": [], "summary": {"covered_lines": 0, "num_statements": 10, "percent_covered": 0.0, "percent_covered_display": "0", "missing_lines": 10, "excluded_lines": 0, "percent_statements_covered": 0.0, "percent_statements_covered_display": "0", "num_branches": 6, "num_partial_branches": 0, "covered_branches": 0, "missing_branches": 6, "percent_branches_covered": 0.0, "percent_branches_covered_display": "0"}, "missing_lines": [179, 180, 182, 183, 185, 186, 191, 192, 193, 195], "excluded_lines": [], "start_line": 170, "executed_branches": [], "missing_branches": [[182, 183], [182, 185], [185, 186], [185, 191], [192, 193], [192, 195]]}, "cancel_download": {"executed_lines": [], "summary": {"covered_lines": 0, "num_statements": 7, "percent_covered": 0.0, "percent_covered_display": "0", "missing_lines": 7, "excluded_lines": 0, "percent_statements_covered": 0.0, "percent_statements_covered_display": "0", "num_branches": 4, "num_partial_branches": 0, "covered_branches": 0, "missing_branches": 4, "percent_branches_covered": 0.0, "percent_branches_covered_display": "0"}, "missing_lines": [208, 210, 211, 213, 215, 216, 218], "excluded_lines": [], "start_line": 203, "executed_branches": [], "missing_branches": [[210, 211], [210, 213], [215, 216], [215, 218]]}, "": {"executed_lines": [3, 5, 6, 8, 9, 10, 12, 13, 22, 24, 27, 37, 40, 41, 42, 43, 44, 45, 46, 47, 49, 50, 51, 54, 57, 58, 59, 62, 65, 66, 67, 68, 69, 70, 71, 72, 73, 76, 79, 80, 83, 98, 99, 140, 141, 155, 156, 169, 170, 202, 203], "summary": {"covered_lines": 51, "num_statements": 51, "percent_covered": 100.0, "percent_covered_display": "100", "missing_lines": 0, "excluded_lines": 0, "percent_statements_covered": 100.0, "percent_statements_covered_display": "100", "num_branches": 0, "num_partial_branches": 0, "covered_branches": 0, "missing_branches": 0, "percent_branches_covered": 100.0, "percent_branches_covered_display": "100"}, "missing_lines": [], "excluded_lines": [], "start_line": 1, "executed_branches": [], "missing_branches": []}}, "classes": {"StartDownloadRequest": {"executed_lines": [], "summary": {"covered_lines": 0, "num_statements": 0, "percent_covered": 100.0, "percent_covered_display": "100", "missing_lines": 0, "excluded_lines": 0, "percent_statements_covered": 100.0, "percent_statements_covered_display": "100", "num_branches": 0, "num_partial_branches": 0, "covered_branches": 0, "missing_branches": 0, "percent_branches_covered": 100.0, "percent_branches_covered_display": "100"}, "missing_lines": [], "excluded_lines": [], "start_line": 37, "executed_branches": [], "missing_branches": []}, "StartDownloadResponse": {"executed_lines": [], "summary": {"covered_lines": 0, "num_statements": 0, "percent_covered": 100.0, "percent_covered_display": "100", "missing_lines": 0, "excluded_lines": 0, "percent_statements_covered": 100.0, "percent_statements_covered_display": "100", "num_branches": 0, "num_partial_branches": 0, "covered_branches": 0, "missing_branches": 0, "percent_branches_covered": 100.0, "percent_branches_covered_display": "100"}, "missing_lines": [], "excluded_lines": [], "start_line": 54, "executed_branches": [], "missing_branches": []}, "DownloadProgressResponse": {"executed_lines": [], "summary": {"covered_lines": 0, "num_statements": 0, "percent_covered": 100.0, "percent_covered_display": "100", "missing_lines": 0, "excluded_lines": 0, "percent_statements_covered": 100.0, "percent_statements_covered_display": "100", "num_branches": 0, "num_partial_branches": 0, "covered_branches": 0, "missing_branches": 0, "percent_branches_covered": 100.0, "percent_branches_covered_display": "100"}, "missing_lines": [], "excluded_lines": [], "start_line": 62, "executed_branches": [], "missing_branches": []}, "DownloadListResponse": {"executed_lines": [], "summary": {"covered_lines": 0, "num_statements": 0, "percent_covered": 100.0, "percent_covered_display": "100", "missing_lines": 0, "excluded_lines": 0, "percent_statements_covered": 100.0, "percent_statements_covered_display": "100", "num_branches": 0, "num_partial_branches": 0, "covered_branches": 0, "missing_branches": 0, "percent_branches_covered": 100.0, "percent_branches_covered_display": "100"}, "missing_lines": [], "excluded_lines": [], "start_line": 76, "executed_branches": [], "missing_branches": []}, "": {"executed_lines": [3, 5, 6, 8, 9, 10, 12, 13, 22, 24, 27, 37, 40, 41, 42, 43, 44, 45, 46, 47, 49, 50, 51, 54, 57, 58, 59, 62, 65, 66, 67, 68, 69, 70, 71, 72, 73, 76, 79, 80, 83, 98, 99, 140, 141, 155, 156, 169, 170, 202, 203], "summary": {"covered_lines": 51, "num_statements": 86, "percent_covered": 51.0, "percent_covered_display": "51", "missing_lines": 35, "excluded_lines": 0, "percent_statements_covered": 59.30232558139535, "percent_statements_covered_display": "59", "num_branches": 14, "num_partial_branches": 0, "covered_branches": 0, "missing_branches": 14, "percent_branches_covered": 0.0, "percent_branches_covered_display": "0"}, "missing_lines": [29, 30, 31, 85, 109, 112, 113, 129, 131, 133, 146, 147, 149, 150, 152, 160, 161, 163, 179, 180, 182, 183, 185, 186, 191, 192, 193, 195, 208, 210, 211, 213, 215, 216, 218], "excluded_lines": [], "start_line": 1, "executed_branches": [], "missing_branches": [[30, -27], [30, 31], [149, 150], [149, 152], [182, 183], [182, 185], [185, 186], [185, 191], [192, 193], [192, 195], [210, 211], [210, 213], [215, 216], [215, 218]]}}}, "src/spotdl/api/v1/entities.py": {"executed_lines": [3, 5, 6, 7, 8, 10, 11, 12, 13, 14, 16, 17, 18, 19, 20, 21, 22, 23, 24, 25, 26, 27, 28, 29, 30, 31, 32, 33, 35, 37, 40, 43, 44, 45, 46, 49, 52, 53, 54, 55, 56, 57, 58, 59, 60, 61, 62, 63, 66, 69, 70, 71, 72, 73, 74, 75, 76, 77, 78, 79, 80, 82, 83, 84, 85, 86, 87, 88, 89, 90, 91, 93, 94, 95, 96, 98, 101, 104, 105, 106, 107, 108, 109, 110, 111, 112, 114, 115, 116, 117, 118, 119, 120, 123, 126, 127, 128, 129, 130, 131, 134, 137, 138, 139, 140, 141, 142, 143, 144, 145, 147, 148, 149, 150, 151, 152, 155, 158, 159, 160, 161, 162, 163, 164, 165, 167, 168, 172, 175, 186, 266, 330, 402, 403, 560, 561, 647, 648, 783, 784, 824, 825, 885, 886, 945, 946, 1011, 1012, 1053, 1056, 1057, 1058, 1059, 1060, 1061, 1063, 1066, 1069, 1070, 1071, 1074, 1075, 1133, 1136, 1137, 1138, 1139, 1142, 1145, 1146, 1149, 1150, 1204, 1207, 1208, 1209, 1212, 1246, 1262, 1263, 1308, 1309, 1358, 1359, 1452, 1453, 1509, 1512, 1513, 1514, 1515, 1518, 1519, 1631, 1632, 1660, 1692, 1695, 1696, 1697, 1698, 1699, 1702, 1703], "summary": {"covered_lines": 204, "num_statements": 779, "percent_covered": 20.752797558494404, "percent_covered_display": "21", "missing_lines": 575, "excluded_lines": 0, "percent_statements_covered": 26.187419768934532, "percent_statements_covered_display": "26", "num_branches": 204, "num_partial_branches": 0, "covered_branches": 0, "missing_branches": 204, "percent_branches_covered": 0.0, "percent_branches_covered_display": "0"}, "missing_lines": [177, 179, 180, 181, 182, 183, 195, 198, 209, 210, 212, 213, 214, 216, 219, 220, 221, 222, 223, 224, 227, 228, 230, 232, 236, 237, 238, 241, 242, 243, 244, 246, 250, 251, 252, 255, 256, 257, 258, 259, 261, 263, 272, 274, 285, 286, 288, 289, 290, 292, 295, 296, 297, 298, 301, 302, 304, 305, 309, 310, 311, 313, 314, 315, 317, 321, 322, 325, 327, 333, 334, 335, 336, 337, 339, 361, 362, 363, 364, 365, 366, 367, 368, 369, 372, 378, 394, 395, 396, 397, 399, 413, 415, 416, 418, 419, 422, 423, 424, 425, 426, 428, 429, 430, 431, 434, 435, 436, 437, 438, 441, 442, 443, 449, 450, 452, 454, 457, 458, 461, 462, 465, 467, 468, 469, 474, 477, 478, 479, 482, 483, 484, 485, 487, 489, 491, 493, 494, 497, 498, 501, 502, 505, 508, 509, 510, 513, 514, 515, 518, 520, 571, 573, 574, 576, 577, 580, 582, 583, 584, 588, 589, 594, 595, 596, 597, 598, 599, 600, 601, 602, 603, 604, 606, 607, 608, 610, 611, 615, 618, 620, 662, 664, 665, 667, 668, 672, 678, 679, 680, 681, 684, 687, 688, 705, 706, 722, 732, 737, 747, 748, 749, 752, 753, 754, 755, 756, 757, 758, 759, 762, 763, 764, 765, 766, 768, 769, 770, 772, 774, 776, 777, 780, 793, 795, 796, 798, 799, 801, 835, 836, 838, 839, 846, 847, 848, 850, 851, 852, 854, 855, 858, 861, 862, 864, 872, 873, 875, 880, 881, 882, 894, 895, 897, 898, 904, 905, 906, 908, 909, 910, 912, 913, 916, 918, 919, 921, 932, 933, 935, 940, 941, 942, 954, 955, 957, 958, 964, 965, 966, 968, 969, 970, 972, 973, 976, 978, 987, 990, 991, 992, 993, 994, 996, 997, 999, 1001, 1006, 1007, 1008, 1020, 1021, 1023, 1024, 1030, 1031, 1032, 1034, 1035, 1036, 1039, 1040, 1041, 1043, 1048, 1049, 1050, 1090, 1092, 1095, 1096, 1098, 1099, 1102, 1107, 1108, 1111, 1112, 1114, 1116, 1166, 1167, 1169, 1172, 1173, 1175, 1176, 1179, 1183, 1184, 1187, 1188, 1190, 1226, 1227, 1229, 1230, 1232, 1236, 1237, 1238, 1239, 1254, 1255, 1257, 1258, 1259, 1273, 1276, 1278, 1279, 1281, 1282, 1285, 1286, 1287, 1289, 1290, 1291, 1294, 1295, 1298, 1300, 1302, 1303, 1304, 1305, 1319, 1322, 1324, 1325, 1327, 1328, 1331, 1332, 1334, 1335, 1336, 1337, 1339, 1340, 1341, 1343, 1344, 1345, 1348, 1350, 1352, 1353, 1354, 1355, 1369, 1372, 1374, 1375, 1377, 1378, 1381, 1382, 1384, 1385, 1386, 1387, 1389, 1390, 1391, 1393, 1394, 1395, 1398, 1399, 1400, 1401, 1402, 1403, 1404, 1405, 1406, 1408, 1410, 1411, 1412, 1414, 1419, 1420, 1421, 1424, 1425, 1426, 1427, 1430, 1431, 1432, 1435, 1436, 1438, 1439, 1442, 1444, 1446, 1447, 1448, 1449, 1463, 1466, 1468, 1469, 1471, 1472, 1475, 1476, 1478, 1479, 1480, 1481, 1483, 1484, 1485, 1487, 1488, 1489, 1492, 1493, 1494, 1495, 1496, 1499, 1501, 1503, 1504, 1505, 1506, 1533, 1534, 1535, 1537, 1539, 1540, 1542, 1543, 1545, 1547, 1550, 1551, 1552, 1553, 1556, 1571, 1576, 1585, 1588, 1589, 1590, 1593, 1594, 1595, 1596, 1597, 1600, 1601, 1602, 1603, 1604, 1607, 1608, 1609, 1610, 1611, 1614, 1615, 1617, 1619, 1626, 1627, 1628, 1636, 1662, 1664, 1665, 1666, 1667, 1668, 1669, 1670, 1671, 1672, 1673, 1674, 1675, 1676, 1677, 1679, 1680, 1682, 1683, 1684, 1685, 1687, 1689, 1717, 1718, 1720, 1722, 1723, 1725, 1726, 1728, 1729, 1732, 1735, 1736, 1753, 1754, 1770, 1779, 1784, 1791, 1792, 1799, 1800, 1802, 1804, 1812, 1813, 1814], "excluded_lines": [], "executed_branches": [], "missing_branches": [[212, 213], [212, 219], [213, 214], [213, 216], [220, 221], [220, 227], [230, 232], [230, 241], [241, 242], [241, 255], [243, 244], [243, 246], [288, 289], [288, 295], [289, 290], [289, 292], [296, 297], [296, 301], [304, 305], [304, 313], [313, 314], [313, 325], [314, 315], [314, 317], [361, 362], [361, 399], [372, 378], [372, 394], [418, 419], [418, 422], [422, 423], [422, 497], [429, 430], [429, 497], [435, 436], [435, 441], [436, 435], [436, 437], [441, 442], [441, 461], [452, 454], [452, 461], [457, 458], [457, 461], [461, 462], [461, 497], [465, 467], [465, 497], [468, 469], [468, 477], [478, 479], [478, 482], [483, 484], [483, 487], [484, 483], [484, 485], [576, 577], [576, 580], [594, 595], [594, 615], [598, 599], [598, 615], [601, 602], [601, 615], [667, 668], [667, 672], [678, 679], [678, 780], [705, 706], [705, 722], [747, 748], [747, 768], [752, 753], [752, 754], [754, 755], [754, 756], [756, 757], [756, 758], [758, 759], [758, 762], [763, 764], [763, 766], [764, 763], [764, 765], [798, 799], [798, 801], [838, 839], [838, 846], [847, 848], [847, 850], [854, 855], [854, 858], [897, 898], [897, 904], [905, 906], [905, 908], [912, 913], [912, 916], [957, 958], [957, 964], [965, 966], [965, 968], [972, 973], [972, 976], [990, 991], [990, 999], [993, 990], [993, 994], [1023, 1024], [1023, 1030], [1031, 1032], [1031, 1034], [1098, 1099], [1098, 1102], [1112, 1114], [1112, 1116], [1175, 1176], [1175, 1179], [1226, 1227], [1226, 1229], [1236, -1212], [1236, 1237], [1254, 1255], [1254, 1257], [1281, 1282], [1281, 1285], [1286, 1287], [1286, 1289], [1327, 1328], [1327, 1331], [1331, 1332], [1331, 1334], [1336, 1337], [1336, 1339], [1343, 1344], [1343, 1352], [1377, 1378], [1377, 1381], [1381, 1382], [1381, 1384], [1386, 1387], [1386, 1389], [1393, 1394], [1393, 1398], [1398, 1399], [1398, 1442], [1403, 1404], [1403, 1408], [1410, 1411], [1410, 1442], [1412, 1414], [1412, 1424], [1420, 1421], [1420, 1424], [1425, 1426], [1425, 1430], [1431, 1432], [1431, 1435], [1471, 1472], [1471, 1475], [1475, 1476], [1475, 1478], [1480, 1481], [1480, 1483], [1487, 1488], [1487, 1503], [1492, 1493], [1492, 1499], [1495, 1492], [1495, 1496], [1542, 1543], [1542, 1545], [1593, 1594], [1593, 1600], [1600, 1601], [1600, 1607], [1607, 1608], [1607, 1614], [1664, 1665], [1664, 1666], [1666, 1667], [1666, 1668], [1668, 1669], [1668, 1677], [1669, 1670], [1669, 1671], [1671, 1672], [1671, 1673], [1673, 1674], [1673, 1675], [1675, 1676], [1675, 1689], [1677, 1679], [1677, 1680], [1680, 1682], [1680, 1683], [1683, 1684], [1683, 1685], [1685, 1687], [1685, 1689], [1725, 1726], [1725, 1728], [1753, 1754], [1753, 1770]], "functions": {"_normalize_name": {"executed_lines": [], "summary": {"covered_lines": 0, "num_statements": 6, "percent_covered": 0.0, "percent_covered_display": "0", "missing_lines": 6, "excluded_lines": 0, "percent_statements_covered": 0.0, "percent_statements_covered_display": "0", "num_branches": 0, "num_partial_branches": 0, "covered_branches": 0, "missing_branches": 0, "percent_branches_covered": 100.0, "percent_branches_covered_display": "100"}, "missing_lines": [177, 179, 180, 181, 182, 183], "excluded_lines": [], "start_line": 175, "executed_branches": [], "missing_branches": []}, "_deduplicate_album_songs": {"executed_lines": [], "summary": {"covered_lines": 0, "num_statements": 32, "percent_covered": 0.0, "percent_covered_display": "0", "missing_lines": 32, "excluded_lines": 0, "percent_statements_covered": 0.0, "percent_statements_covered_display": "0", "num_branches": 12, "num_partial_branches": 0, "covered_branches": 0, "missing_branches": 12, "percent_branches_covered": 0.0, "percent_branches_covered_display": "0"}, "missing_lines": [195, 198, 209, 210, 212, 213, 214, 216, 219, 220, 221, 222, 223, 224, 227, 228, 230, 232, 236, 237, 238, 241, 242, 243, 244, 246, 250, 251, 252, 255, 261, 263], "excluded_lines": [], "start_line": 186, "executed_branches": [], "missing_branches": [[212, 213], [212, 219], [213, 214], [213, 216], [220, 221], [220, 227], [230, 232], [230, 241], [241, 242], [241, 255], [243, 244], [243, 246]]}, "_deduplicate_album_songs.sort_key": {"executed_lines": [], "summary": {"covered_lines": 0, "num_statements": 4, "percent_covered": 0.0, "percent_covered_display": "0", "missing_lines": 4, "excluded_lines": 0, "percent_statements_covered": 0.0, "percent_statements_covered_display": "0", "num_branches": 0, "num_partial_branches": 0, "covered_branches": 0, "missing_branches": 0, "percent_branches_covered": 100.0, "percent_branches_covered_display": "100"}, "missing_lines": [256, 257, 258, 259], "excluded_lines": [], "start_line": 255, "executed_branches": [], "missing_branches": []}, "_deduplicate_artist_songs": {"executed_lines": [], "summary": {"covered_lines": 0, "num_statements": 27, "percent_covered": 0.0, "percent_covered_display": "0", "missing_lines": 27, "excluded_lines": 0, "percent_statements_covered": 0.0, "percent_statements_covered_display": "0", "num_branches": 12, "num_partial_branches": 0, "covered_branches": 0, "missing_branches": 12, "percent_branches_covered": 0.0, "percent_branches_covered_display": "0"}, "missing_lines": [272, 274, 285, 286, 288, 289, 290, 292, 295, 296, 297, 298, 301, 302, 304, 305, 309, 310, 311, 313, 314, 315, 317, 321, 322, 325, 327], "excluded_lines": [], "start_line": 266, "executed_branches": [], "missing_branches": [[288, 289], [288, 295], [289, 290], [289, 292], [296, 297], [296, 301], [304, 305], [304, 313], [313, 314], [313, 325], [314, 315], [314, 317]]}, "_song_to_response": {"executed_lines": [], "summary": {"covered_lines": 0, "num_statements": 22, "percent_covered": 0.0, "percent_covered_display": "0", "missing_lines": 22, "excluded_lines": 0, "percent_statements_covered": 0.0, "percent_statements_covered_display": "0", "num_branches": 4, "num_partial_branches": 0, "covered_branches": 0, "missing_branches": 4, "percent_branches_covered": 0.0, "percent_branches_covered_display": "0"}, "missing_lines": [333, 334, 335, 336, 337, 339, 361, 362, 363, 364, 365, 366, 367, 368, 369, 372, 378, 394, 395, 396, 397, 399], "excluded_lines": [], "start_line": 330, "executed_branches": [], "missing_branches": [[361, 362], [361, 399], [372, 378], [372, 394]]}, "get_artist": {"executed_lines": [], "summary": {"covered_lines": 0, "num_statements": 60, "percent_covered": 0.0, "percent_covered_display": "0", "missing_lines": 60, "excluded_lines": 0, "percent_statements_covered": 0.0, "percent_statements_covered_display": "0", "num_branches": 28, "num_partial_branches": 0, "covered_branches": 0, "missing_branches": 28, "percent_branches_covered": 0.0, "percent_branches_covered_display": "0"}, "missing_lines": [413, 415, 416, 418, 419, 422, 423, 424, 425, 426, 428, 429, 430, 431, 434, 435, 436, 437, 438, 441, 442, 443, 449, 450, 452, 454, 457, 458, 461, 462, 465, 467, 468, 469, 474, 477, 478, 479, 482, 483, 484, 485, 487, 489, 491, 493, 494, 497, 498, 501, 502, 505, 508, 509, 510, 513, 514, 515, 518, 520], "excluded_lines": [], "start_line": 403, "executed_branches": [], "missing_branches": [[418, 419], [418, 422], [422, 423], [422, 497], [429, 430], [429, 497], [435, 436], [435, 441], [436, 435], [436, 437], [441, 442], [441, 461], [452, 454], [452, 461], [457, 458], [457, 461], [461, 462], [461, 497], [465, 467], [465, 497], [468, 469], [468, 477], [478, 479], [478, 482], [483, 484], [483, 487], [484, 483], [484, 485]]}, "get_album": {"executed_lines": [], "summary": {"covered_lines": 0, "num_statements": 30, "percent_covered": 0.0, "percent_covered_display": "0", "missing_lines": 30, "excluded_lines": 0, "percent_statements_covered": 0.0, "percent_statements_covered_display": "0", "num_branches": 8, "num_partial_branches": 0, "covered_branches": 0, "missing_branches": 8, "percent_branches_covered": 0.0, "percent_branches_covered_display": "0"}, "missing_lines": [571, 573, 574, 576, 577, 580, 582, 583, 584, 588, 589, 594, 595, 596, 597, 598, 599, 600, 601, 602, 603, 604, 606, 607, 608, 610, 611, 615, 618, 620], "excluded_lines": [], "start_line": 561, "executed_branches": [], "missing_branches": [[576, 577], [576, 580], [594, 595], [594, 615], [598, 599], [598, 615], [601, 602], [601, 615]]}, "get_song": {"executed_lines": [], "summary": {"covered_lines": 0, "num_statements": 42, "percent_covered": 0.0, "percent_covered_display": "0", "missing_lines": 42, "excluded_lines": 0, "percent_statements_covered": 0.0, "percent_statements_covered_display": "0", "num_branches": 20, "num_partial_branches": 0, "covered_branches": 0, "missing_branches": 20, "percent_branches_covered": 0.0, "percent_branches_covered_display": "0"}, "missing_lines": [662, 664, 665, 667, 668, 672, 678, 679, 680, 681, 684, 687, 688, 705, 706, 722, 732, 737, 747, 748, 749, 752, 753, 754, 755, 756, 757, 758, 759, 762, 763, 764, 765, 766, 768, 769, 770, 772, 774, 776, 777, 780], "excluded_lines": [], "start_line": 648, "executed_branches": [], "missing_branches": [[667, 668], [667, 672], [678, 679], [678, 780], [705, 706], [705, 722], [747, 748], [747, 768], [752, 753], [752, 754], [754, 755], [754, 756], [756, 757], [756, 758], [758, 759], [758, 762], [763, 764], [763, 766], [764, 763], [764, 765]]}, "get_playlist": {"executed_lines": [], "summary": {"covered_lines": 0, "num_statements": 6, "percent_covered": 0.0, "percent_covered_display": "0", "missing_lines": 6, "excluded_lines": 0, "percent_statements_covered": 0.0, "percent_statements_covered_display": "0", "num_branches": 2, "num_partial_branches": 0, "covered_branches": 0, "missing_branches": 2, "percent_branches_covered": 0.0, "percent_branches_covered_display": "0"}, "missing_lines": [793, 795, 796, 798, 799, 801], "excluded_lines": [], "start_line": 784, "executed_branches": [], "missing_branches": [[798, 799], [798, 801]]}, "get_artist_by_platform": {"executed_lines": [], "summary": {"covered_lines": 0, "num_statements": 22, "percent_covered": 0.0, "percent_covered_display": "0", "missing_lines": 22, "excluded_lines": 0, "percent_statements_covered": 0.0, "percent_statements_covered_display": "0", "num_branches": 6, "num_partial_branches": 0, "covered_branches": 0, "missing_branches": 6, "percent_branches_covered": 0.0, "percent_branches_covered_display": "0"}, "missing_lines": [835, 836, 838, 839, 846, 847, 848, 850, 851, 852, 854, 855, 858, 861, 862, 864, 872, 873, 875, 880, 881, 882], "excluded_lines": [], "start_line": 825, "executed_branches": [], "missing_branches": [[838, 839], [838, 846], [847, 848], [847, 850], [854, 855], [854, 858]]}, "get_album_by_platform": {"executed_lines": [], "summary": {"covered_lines": 0, "num_statements": 22, "percent_covered": 0.0, "percent_covered_display": "0", "missing_lines": 22, "excluded_lines": 0, "percent_statements_covered": 0.0, "percent_statements_covered_display": "0", "num_branches": 6, "num_partial_branches": 0, "covered_branches": 0, "missing_branches": 6, "percent_branches_covered": 0.0, "percent_branches_covered_display": "0"}, "missing_lines": [894, 895, 897, 898, 904, 905, 906, 908, 909, 910, 912, 913, 916, 918, 919, 921, 932, 933, 935, 940, 941, 942], "excluded_lines": [], "start_line": 886, "executed_branches": [], "missing_branches": [[897, 898], [897, 904], [905, 906], [905, 908], [912, 913], [912, 916]]}, "get_playlist_by_platform": {"executed_lines": [], "summary": {"covered_lines": 0, "num_statements": 27, "percent_covered": 0.0, "percent_covered_display": "0", "missing_lines": 27, "excluded_lines": 0, "percent_statements_covered": 0.0, "percent_statements_covered_display": "0", "num_branches": 10, "num_partial_branches": 0, "covered_branches": 0, "missing_branches": 10, "percent_branches_covered": 0.0, "percent_branches_covered_display": "0"}, "missing_lines": [954, 955, 957, 958, 964, 965, 966, 968, 969, 970, 972, 973, 976, 978, 987, 990, 991, 992, 993, 994, 996, 997, 999, 1001, 1006, 1007, 1008], "excluded_lines": [], "start_line": 946, "executed_branches": [], "missing_branches": [[957, 958], [957, 964], [965, 966], [965, 968], [972, 973], [972, 976], [990, 991], [990, 999], [993, 990], [993, 994]]}, "get_song_by_platform": {"executed_lines": [], "summary": {"covered_lines": 0, "num_statements": 17, "percent_covered": 0.0, "percent_covered_display": "0", "missing_lines": 17, "excluded_lines": 0, "percent_statements_covered": 0.0, "percent_statements_covered_display": "0", "num_branches": 4, "num_partial_branches": 0, "covered_branches": 0, "missing_branches": 4, "percent_branches_covered": 0.0, "percent_branches_covered_display": "0"}, "missing_lines": [1020, 1021, 1023, 1024, 1030, 1031, 1032, 1034, 1035, 1036, 1039, 1040, 1041, 1043, 1048, 1049, 1050], "excluded_lines": [], "start_line": 1012, "executed_branches": [], "missing_branches": [[1023, 1024], [1023, 1030], [1031, 1032], [1031, 1034]]}, "get_song_metadata_sources": {"executed_lines": [], "summary": {"covered_lines": 0, "num_statements": 13, "percent_covered": 0.0, "percent_covered_display": "0", "missing_lines": 13, "excluded_lines": 0, "percent_statements_covered"
[...]
s": 2, "percent_statements_covered": 100.0, "percent_statements_covered_display": "100", "num_branches": 0, "num_partial_branches": 0, "covered_branches": 0, "missing_branches": 0, "percent_branches_covered": 100.0, "percent_branches_covered_display": "100"}, "missing_lines": [], "excluded_lines": [21, 22], "start_line": 1, "executed_branches": [], "missing_branches": []}}}, "src/spotdl/providers/targets/youtube.py": {"executed_lines": [3, 5, 6, 7, 8, 10, 12, 14, 15, 24, 29, 37, 38, 41, 49, 61, 62, 63, 64, 65, 67, 69, 70, 77, 79, 81, 85, 95, 98, 101, 103, 104, 105, 106, 107, 108, 115, 125, 128, 129, 130, 132, 137, 140, 141, 143, 156, 167, 169, 170, 171, 174, 175, 178, 186, 187, 199, 201, 202, 204, 238, 262, 263, 273, 274, 275, 276], "summary": {"covered_lines": 67, "num_statements": 106, "percent_covered": 60.76923076923077, "percent_covered_display": "61", "missing_lines": 39, "excluded_lines": 2, "percent_statements_covered": 63.20754716981132, "percent_statements_covered_display": "63", "num_branches": 24, "num_partial_branches": 4, "covered_branches": 12, "missing_branches": 12, "percent_branches_covered": 50.0, "percent_branches_covered_display": "50"}, "missing_lines": [82, 83, 96, 99, 109, 110, 111, 113, 189, 190, 191, 192, 194, 195, 197, 200, 214, 215, 216, 218, 225, 226, 228, 229, 230, 232, 234, 235, 236, 248, 249, 250, 252, 253, 254, 256, 258, 259, 260], "excluded_lines": [20, 21], "executed_branches": [[69, 70], [69, 77], [81, -79], [95, 98], [98, 101], [103, 104], [106, 103], [106, 107], [130, 132], [130, 140], [274, 275], [274, 276]], "missing_branches": [[81, 82], [95, 96], [98, 99], [103, 113], [190, 191], [190, 197], [191, 192], [191, 194], [228, 229], [228, 232], [229, 228], [229, 230]], "functions": {"YouTubeProvider.__init__": {"executed_lines": [61, 62, 63, 64, 65], "summary": {"covered_lines": 5, "num_statements": 5, "percent_covered": 100.0, "percent_covered_display": "100", "missing_lines": 0, "excluded_lines": 0, "percent_statements_covered": 100.0, "percent_statements_covered_display": "100", "num_branches": 0, "num_partial_branches": 0, "covered_branches": 0, "missing_branches": 0, "percent_branches_covered": 100.0, "percent_branches_covered_display": "100"}, "missing_lines": [], "excluded_lines": [], "start_line": 49, "executed_branches": [], "missing_branches": []}, "YouTubeProvider._get_client": {"executed_lines": [69, 70, 77], "summary": {"covered_lines": 3, "num_statements": 3, "percent_covered": 100.0, "percent_covered_display": "100", "missing_lines": 0, "excluded_lines": 0, "percent_statements_covered": 100.0, "percent_statements_covered_display": "100", "num_branches": 2, "num_partial_branches": 0, "covered_branches": 2, "missing_branches": 0, "percent_branches_covered": 100.0, "percent_branches_covered_display": "100"}, "missing_lines": [], "excluded_lines": [], "start_line": 67, "executed_branches": [[69, 70], [69, 77]], "missing_branches": []}, "YouTubeProvider.close": {"executed_lines": [81], "summary": {"covered_lines": 1, "num_statements": 3, "percent_covered": 40.0, "percent_covered_display": "40", "missing_lines": 2, "excluded_lines": 0, "percent_statements_covered": 33.333333333333336, "percent_statements_covered_display": "33", "num_branches": 2, "num_partial_branches": 1, "covered_branches": 1, "missing_branches": 1, "percent_branches_covered": 50.0, "percent_branches_covered_display": "50"}, "missing_lines": [82, 83], "excluded_lines": [], "start_line": 79, "executed_branches": [[81, -79]], "missing_branches": [[81, 82]]}, "YouTubeProvider._get_working_instance": {"executed_lines": [95, 98, 101, 103, 104, 105, 106, 107, 108], "summary": {"covered_lines": 9, "num_statements": 15, "percent_covered": 60.869565217391305, "percent_covered_display": "61", "missing_lines": 6, "excluded_lines": 0, "percent_statements_covered": 60.0, "percent_statements_covered_display": "60", "num_branches": 8, "num_partial_branches": 3, "covered_branches": 5, "missing_branches": 3, "percent_branches_covered": 62.5, "percent_branches_covered_display": "62"}, "missing_lines": [96, 99, 109, 110, 111, 113], "excluded_lines": [], "start_line": 85, "executed_branches": [[95, 98], [98, 101], [103, 104], [106, 103], [106, 107]], "missing_branches": [[95, 96], [98, 99], [103, 113]]}, "YouTubeProvider._result_to_result": {"executed_lines": [125, 128, 129, 130, 132, 137, 140, 141, 143], "summary": {"covered_lines": 9, "num_statements": 9, "percent_covered": 100.0, "percent_covered_display": "100", "missing_lines": 0, "excluded_lines": 0, "percent_statements_covered": 100.0, "percent_statements_covered_display": "100", "num_branches": 2, "num_partial_branches": 0, "covered_branches": 2, "missing_branches": 0, "percent_branches_covered": 100.0, "percent_branches_covered_display": "100"}, "missing_lines": [], "excluded_lines": [], "start_line": 115, "executed_branches": [[130, 132], [130, 140]], "missing_branches": []}, "YouTubeProvider.search": {"executed_lines": [167, 169, 170, 171, 174, 175, 178, 186, 187, 199, 201, 202], "summary": {"covered_lines": 12, "num_statements": 20, "percent_covered": 50.0, "percent_covered_display": "50", "missing_lines": 8, "excluded_lines": 0, "percent_statements_covered": 60.0, "percent_statements_covered_display": "60", "num_branches": 4, "num_partial_branches": 0, "covered_branches": 0, "missing_branches": 4, "percent_branches_covered": 0.0, "percent_branches_covered_display": "0"}, "missing_lines": [189, 190, 191, 192, 194, 195, 197, 200], "excluded_lines": [], "start_line": 156, "executed_branches": [], "missing_branches": [[190, 191], [190, 197], [191, 192], [191, 194]]}, "YouTubeProvider.search_by_isrc": {"executed_lines": [], "summary": {"covered_lines": 0, "num_statements": 13, "percent_covered": 0.0, "percent_covered_display": "0", "missing_lines": 13, "excluded_lines": 0, "percent_statements_covered": 0.0, "percent_statements_covered_display": "0", "num_branches": 4, "num_partial_branches": 0, "covered_branches": 0, "missing_branches": 4, "percent_branches_covered": 0.0, "percent_branches_covered_display": "0"}, "missing_lines": [214, 215, 216, 218, 225, 226, 228, 229, 230, 232, 234, 235, 236], "excluded_lines": [], "start_line": 204, "executed_branches": [], "missing_branches": [[228, 229], [228, 232], [229, 228], [229, 230]]}, "YouTubeProvider.get_video_info": {"executed_lines": [], "summary": {"covered_lines": 0, "num_statements": 10, "percent_covered": 0.0, "percent_covered_display": "0", "missing_lines": 10, "excluded_lines": 0, "percent_statements_covered": 0.0, "percent_statements_covered_display": "0", "num_branches": 0, "num_partial_branches": 0, "covered_branches": 0, "missing_branches": 0, "percent_branches_covered": 100.0, "percent_branches_covered_display": "100"}, "missing_lines": [248, 249, 250, 252, 253, 254, 256, 258, 259, 260], "excluded_lines": [], "start_line": 238, "executed_branches": [], "missing_branches": []}, "YouTubeProvider.extract_video_id": {"executed_lines": [273, 274, 275, 276], "summary": {"covered_lines": 4, "num_statements": 4, "percent_covered": 100.0, "percent_covered_display": "100", "missing_lines": 0, "excluded_lines": 0, "percent_statements_covered": 100.0, "percent_statements_covered_display": "100", "num_branches": 2, "num_partial_branches": 0, "covered_branches": 2, "missing_branches": 0, "percent_branches_covered": 100.0, "percent_branches_covered_display": "100"}, "missing_lines": [], "excluded_lines": [], "start_line": 263, "executed_branches": [[274, 275], [274, 276]], "missing_branches": []}, "": {"executed_lines": [3, 5, 6, 7, 8, 10, 12, 14, 15, 24, 29, 37, 38, 41, 49, 67, 79, 85, 115, 156, 204, 238, 262, 263], "summary": {"covered_lines": 24, "num_statements": 24, "percent_covered": 100.0, "percent_covered_display": "100", "missing_lines": 0, "excluded_lines": 2, "percent_statements_covered": 100.0, "percent_statements_covered_display": "100", "num_branches": 0, "num_partial_branches": 0, "covered_branches": 0, "missing_branches": 0, "percent_branches_covered": 100.0, "percent_branches_covered_display": "100"}, "missing_lines": [], "excluded_lines": [20, 21], "start_line": 1, "executed_branches": [], "missing_branches": []}}, "classes": {"YouTubeProvider": {"executed_lines": [61, 62, 63, 64, 65, 69, 70, 77, 81, 95, 98, 101, 103, 104, 105, 106, 107, 108, 125, 128, 129, 130, 132, 137, 140, 141, 143, 167, 169, 170, 171, 174, 175, 178, 186, 187, 199, 201, 202, 273, 274, 275, 276], "summary": {"covered_lines": 43, "num_statements": 82, "percent_covered": 51.886792452830186, "percent_covered_display": "52", "missing_lines": 39, "excluded_lines": 0, "percent_statements_covered": 52.4390243902439, "percent_statements_covered_display": "52", "num_branches": 24, "num_partial_branches": 4, "covered_branches": 12, "missing_branches": 12, "percent_branches_covered": 50.0, "percent_branches_covered_display": "50"}, "missing_lines": [82, 83, 96, 99, 109, 110, 111, 113, 189, 190, 191, 192, 194, 195, 197, 200, 214, 215, 216, 218, 225, 226, 228, 229, 230, 232, 234, 235, 236, 248, 249, 250, 252, 253, 254, 256, 258, 259, 260], "excluded_lines": [], "start_line": 29, "executed_branches": [[69, 70], [69, 77], [81, -79], [95, 98], [98, 101], [103, 104], [106, 103], [106, 107], [130, 132], [130, 140], [274, 275], [274, 276]], "missing_branches": [[81, 82], [95, 96], [98, 99], [103, 113], [190, 191], [190, 197], [191, 192], [191, 194], [228, 229], [228, 232], [229, 228], [229, 230]]}, "": {"executed_lines": [3, 5, 6, 7, 8, 10, 12, 14, 15, 24, 29, 37, 38, 41, 49, 67, 79, 85, 115, 156, 204, 238, 262, 263], "summary": {"covered_lines": 24, "num_statements": 24, "percent_covered": 100.0, "percent_covered_display": "100", "missing_lines": 0, "excluded_lines": 2, "percent_statements_covered": 100.0, "percent_statements_covered_display": "100", "num_branches": 0, "num_partial_branches": 0, "covered_branches": 0, "missing_branches": 0, "percent_branches_covered": 100.0, "percent_branches_covered_display": "100"}, "missing_lines": [], "excluded_lines": [20, 21], "start_line": 1, "executed_branches": [], "missing_branches": []}}}, "src/spotdl/providers/targets/ytmusic.py": {"executed_lines": [3, 5, 6, 7, 8, 10, 12, 14, 15, 24, 29, 36, 37, 39, 46, 47, 48, 50, 52, 53, 56, 57, 59, 69, 72, 73, 74, 75, 77, 80, 81, 82, 84, 85, 86, 88, 89, 90, 91, 98, 99, 102, 103, 104, 105, 110, 113, 115, 128, 139, 141, 142, 143, 146, 151, 152, 153, 154, 155, 157, 162, 175, 176, 177, 179, 184, 185, 186, 194, 231, 257, 258, 268, 269, 270, 273, 274, 275, 277], "summary": {"covered_lines": 79, "num_statements": 110, "percent_covered": 70.71428571428571, "percent_covered_display": "71", "missing_lines": 31, "excluded_lines": 2, "percent_statements_covered": 71.81818181818181, "percent_statements_covered_display": "72", "num_branches": 30, "num_partial_branches": 6, "covered_branches": 20, "missing_branches": 10, "percent_branches_covered": 66.66666666666667, "percent_branches_covered_display": "67"}, "missing_lines": [54, 92, 93, 94, 95, 159, 160, 188, 190, 191, 192, 204, 205, 206, 208, 212, 213, 216, 217, 225, 227, 228, 229, 242, 243, 244, 246, 251, 253, 254, 255], "excluded_lines": [20, 21], "executed_branches": [[52, 53], [53, 56], [74, 75], [74, 77], [84, 85], [84, 86], [86, 88], [86, 98], [90, 91], [104, 105], [104, 113], [152, 153], [152, 157], [153, 154], [184, 185], [185, 186], [269, 270], [269, 273], [274, 275], [274, 277]], "missing_branches": [[52, 57], [53, 54], [90, 92], [92, 93], [92, 98], [153, 152], [184, 188], [185, 184], [212, 213], [212, 216]], "functions": {"YouTubeMusicProvider.__init__": {"executed_lines": [46, 47, 48], "summary": {"covered_lines": 3, "num_statements": 3, "percent_covered": 100.0, "percent_covered_display": "100", "missing_lines": 0, "excluded_lines": 0, "percent_statements_covered": 100.0, "percent_statements_covered_display": "100", "num_branches": 0, "num_partial_branches": 0, "covered_branches": 0, "missing_branches": 0, "percent_branches_covered": 100.0, "percent_branches_covered_display": "100"}, "missing_lines": [], "excluded_lines": [], "start_line": 39, "executed_branches": [], "missing_branches": []}, "YouTubeMusicProvider._get_client": {"executed_lines": [52, 53, 56, 57], "summary": {"covered_lines": 4, "num_statements": 5, "percent_covered": 66.66666666666667, "percent_covered_display": "67", "missing_lines": 1, "excluded_lines": 0, "percent_statements_covered": 80.0, "percent_statements_covered_display": "80", "num_branches": 4, "num_partial_branches": 2, "covered_branches": 2, "missing_branches": 2, "percent_branches_covered": 50.0, "percent_branches_covered_display": "50"}, "missing_lines": [54], "excluded_lines": [], "start_line": 50, "executed_branches": [[52, 53], [53, 56]], "missing_branches": [[52, 57], [53, 54]]}, "YouTubeMusicProvider._result_to_result": {"executed_lines": [69, 72, 73, 74, 75, 77, 80, 81, 82, 84, 85, 86, 88, 89, 90, 91, 98, 99, 102, 103, 104, 105, 110, 113, 115], "summary": {"covered_lines": 25, "num_statements": 29, "percent_covered": 82.92682926829268, "percent_covered_display": "83", "missing_lines": 4, "excluded_lines": 0, "percent_statements_covered": 86.20689655172414, "percent_statements_covered_display": "86", "num_branches": 12, "num_partial_branches": 1, "covered_branches": 9, "missing_branches": 3, "percent_branches_covered": 75.0, "percent_branches_covered_display": "75"}, "missing_lines": [92, 93, 94, 95], "excluded_lines": [], "start_line": 59, "executed_branches": [[74, 75], [74, 77], [84, 85], [84, 86], [86, 88], [86, 98], [90, 91], [104, 105], [104, 113]], "missing_branches": [[90, 92], [92, 93], [92, 98]]}, "YouTubeMusicProvider.search": {"executed_lines": [139, 141, 142, 143, 146, 151, 152, 153, 154, 155, 157], "summary": {"covered_lines": 11, "num_statements": 13, "percent_covered": 82.3529411764706, "percent_covered_display": "82", "missing_lines": 2, "excluded_lines": 0, "percent_statements_covered": 84.61538461538461, "percent_statements_covered_display": "85", "num_branches": 4, "num_partial_branches": 1, "covered_branches": 3, "missing_branches": 1, "percent_branches_covered": 75.0, "percent_branches_covered_display": "75"}, "missing_lines": [159, 160], "excluded_lines": [], "start_line": 128, "executed_branches": [[152, 153], [152, 157], [153, 154]], "missing_branches": [[153, 152]]}, "YouTubeMusicProvider.search_by_isrc": {"executed_lines": [175, 176, 177, 179, 184, 185, 186], "summary": {"covered_lines": 7, "num_statements": 11, "percent_covered": 60.0, "percent_covered_display": "60", "missing_lines": 4, "excluded_lines": 0, "percent_statements_covered": 63.63636363636363, "percent_statements_covered_display": "64", "num_branches": 4, "num_partial_branches": 2, "covered_branches": 2, "missing_branches": 2, "percent_branches_covered": 50.0, "percent_branches_covered_display": "50"}, "missing_lines": [188, 190, 191, 192], "excluded_lines": [], "start_line": 162, "executed_branches": [[184, 185], [185, 186]], "missing_branches": [[184, 188], [185, 184]]}, "YouTubeMusicProvider.get_song_info": {"executed_lines": [], "summary": {"covered_lines": 0, "num_statements": 12, "percent_covered": 0.0, "percent_covered_display": "0", "missing_lines": 12, "excluded_lines": 0, "percent_statements_covered": 0.0, "percent_statements_covered_display": "0", "num_branches": 2, "num_partial_branches": 0, "covered_branches": 0, "missing_branches": 2, "percent_branches_covered": 0.0, "percent_branches_covered_display": "0"}, "missing_lines": [204, 205, 206, 208, 212, 213, 216, 217, 225, 227, 228, 229], "excluded_lines": [], "start_line": 194, "executed_branches": [], "missing_branches": [[212, 213], [212, 216]]}, "YouTubeMusicProvider.search_albums": {"executed_lines": [], "summary": {"covered_lines": 0, "num_statements": 8, "percent_covered": 0.0, "percent_covered_display": "0", "missing_lines": 8, "excluded_lines": 0, "percent_statements_covered": 0.0, "percent_statements_covered_display": "0", "num_branches": 0, "num_partial_branches": 0, "covered_branches": 0, "missing_branches": 0, "percent_branches_covered": 100.0, "percent_branches_covered_display": "100"}, "missing_lines": [242, 243, 244, 246, 251, 253, 254, 255], "excluded_lines": [], "start_line": 231, "executed_branches": [], "missing_branches": []}, "YouTubeMusicProvider.extract_video_id": {"executed_lines": [268, 269, 270, 273, 274, 275, 277], "summary": {"covered_lines": 7, "num_statements": 7, "percent_covered": 100.0, "percent_covered_display": "100", "missing_lines": 0, "excluded_lines": 0, "percent_statements_covered": 100.0, "percent_statements_covered_display": "100", "num_branches": 4, "num_partial_branches": 0, "covered_branches": 4, "missing_branches": 0, "percent_branches_covered": 100.0, "percent_branches_covered_display": "100"}, "missing_lines": [], "excluded_lines": [], "start_line": 258, "executed_branches": [[269, 270], [269, 273], [274, 275], [274, 277]], "missing_branches": []}, "": {"executed_lines": [3, 5, 6, 7, 8, 10, 12, 14, 15, 24, 29, 36, 37, 39, 50, 59, 128, 162, 194, 231, 257, 258], "summary": {"covered_lines": 22, "num_statements": 22, "percent_covered": 100.0, "percent_covered_display": "100", "missing_lines": 0, "excluded_lines": 2, "percent_statements_covered": 100.0, "percent_statements_covered_display": "100", "num_branches": 0, "num_partial_branches": 0, "covered_branches": 0, "missing_branches": 0, "percent_branches_covered": 100.0, "percent_branches_covered_display": "100"}, "missing_lines": [], "excluded_lines": [20, 21], "start_line": 1, "executed_branches": [], "missing_branches": []}}, "classes": {"YouTubeMusicProvider": {"executed_lines": [46, 47, 48, 52, 53, 56, 57, 69, 72, 73, 74, 75, 77, 80, 81, 82, 84, 85, 86, 88, 89, 90, 91, 98, 99, 102, 103, 104, 105, 110, 113, 115, 139, 141, 142, 143, 146, 151, 152, 153, 154, 155, 157, 175, 176, 177, 179, 184, 185, 186, 268, 269, 270, 273, 274, 275, 277], "summary": {"covered_lines": 57, "num_statements": 88, "percent_covered": 65.2542372881356, "percent_covered_display": "65", "missing_lines": 31, "excluded_lines": 0, "percent_statements_covered": 64.77272727272727, "percent_statements_covered_display": "65", "num_branches": 30, "num_partial_branches": 6, "covered_branches": 20, "missing_branches": 10, "percent_branches_covered": 66.66666666666667, "percent_branches_covered_display": "67"}, "missing_lines": [54, 92, 93, 94, 95, 159, 160, 188, 190, 191, 192, 204, 205, 206, 208, 212, 213, 216, 217, 225, 227, 228, 229, 242, 243, 244, 246, 251, 253, 254, 255], "excluded_lines": [], "start_line": 29, "executed_branches": [[52, 53], [53, 56], [74, 75], [74, 77], [84, 85], [84, 86], [86, 88], [86, 98], [90, 91], [104, 105], [104, 113], [152, 153], [152, 157], [153, 154], [184, 185], [185, 186], [269, 270], [269, 273], [274, 275], [274, 277]], "missing_branches": [[52, 57], [53, 54], [90, 92], [92, 93], [92, 98], [153, 152], [184, 188], [185, 184], [212, 213], [212, 216]]}, "": {"executed_lines": [3, 5, 6, 7, 8, 10, 12, 14, 15, 24, 29, 36, 37, 39, 50, 59, 128, 162, 194, 231, 257, 258], "summary": {"covered_lines": 22, "num_statements": 22, "percent_covered": 100.0, "percent_covered_display": "100", "missing_lines": 0, "excluded_lines": 2, "percent_statements_covered": 100.0, "percent_statements_covered_display": "100", "num_branches": 0, "num_partial_branches": 0, "covered_branches": 0, "missing_branches": 0, "percent_branches_covered": 100.0, "percent_branches_covered_display": "100"}, "missing_lines": [], "excluded_lines": [20, 21], "start_line": 1, "executed_branches": [], "missing_branches": []}}}}, "totals": {"covered_lines": 5454, "num_statements": 9453, "percent_covered": 53.06328262879234, "percent_covered_display": "53", "missing_lines": 3999, "excluded_lines": 299, "percent_statements_covered": 57.69596953348143, "percent_statements_covered_display": "58", "num_branches": 2446, "num_partial_branches": 184, "covered_branches": 860, "missing_branches": 1586, "percent_branches_covered": 35.15944399018806, "percent_branches_covered_display": "35"}}