{"meta": {"format": 3, "version": "7.13.2", "timestamp": "2026-02-07T15:00:54.886373", "branch_coverage": true, "show_contexts": false}, "files": {"src/spotdl_cli/__init__.py": {"executed_lines": [3], "summary": {"covered_lines": 1, "num_statements": 1, "percent_covered": 100.0, "percent_covered_display": "100", "missing_lines": 0, "excluded_lines": 0, "percent_statements_covered": 100.0, "percent_statements_covered_display": "100", "num_branches": 0, "num_partial_branches": 0, "covered_branches": 0, "missing_branches": 0, "percent_branches_covered": 100.0, "percent_branches_covered_display": "100"}, "missing_lines": [], "excluded_lines": [], "executed_branches": [], "missing_branches": [], "functions": {"": {"executed_lines": [3], "summary": {"covered_lines": 1, "num_statements": 1, "percent_covered": 100.0, "percent_covered_display": "100", "missing_lines": 0, "excluded_lines": 0, "percent_statements_covered": 100.0, "percent_statements_covered_display": "100", "num_branches": 0, "num_partial_branches": 0, "covered_branches": 0, "missing_branches": 0, "percent_branches_covered": 100.0, "percent_branches_covered_display": "100"}, "missing_lines": [], "excluded_lines": [], "start_line": 1, "executed_branches": [], "missing_branches": []}}, "classes": {"": {"executed_lines": [3], "summary": {"covered_lines": 1, "num_statements": 1, "percent_covered": 100.0, "percent_covered_display": "100", "missing_lines": 0, "excluded_lines": 0, "percent_statements_covered": 100.0, "percent_statements_covered_display": "100", "num_branches": 0, "num_partial_branches": 0, "covered_branches": 0, "missing_branches": 0, "percent_branches_covered": 100.0, "percent_branches_covered_display": "100"}, "missing_lines": [], "excluded_lines": [], "start_line": 1, "executed_branches": [], "missing_branches": []}}}, "src/spotdl_cli/cli.py": {"executed_lines": [6, 8, 9, 10, 11, 12, 14, 15, 16, 25, 27, 28, 38, 40, 47, 48, 51, 60, 79, 88, 199, 294, 295, 387, 388, 485, 486, 599, 600, 699, 700, 746, 747, 891, 892, 1053, 1058], "summary": {"covered_lines": 37, "num_statements": 510, "percent_covered": 5.413105413105413, "percent_covered_display": "5", "missing_lines": 473, "excluded_lines": 0, "percent_statements_covered": 7.254901960784314, "percent_statements_covered_display": "7", "num_branches": 192, "num_partial_branches": 1, "covered_branches": 1, "missing_branches": 191, "percent_branches_covered": 0.5208333333333334, "percent_branches_covered_display": "1"}, "missing_lines": [53, 54, 55, 56, 57, 62, 63, 64, 65, 67, 68, 70, 72, 73, 74, 75, 76, 81, 82, 93, 94, 95, 98, 99, 100, 101, 102, 103, 105, 106, 108, 109, 111, 112, 113, 114, 115, 116, 117, 120, 121, 123, 125, 126, 127, 129, 132, 134, 136, 137, 138, 140, 143, 145, 147, 148, 149, 151, 155, 157, 158, 159, 161, 162, 164, 166, 167, 169, 173, 174, 175, 176, 177, 178, 179, 180, 181, 182, 185, 186, 187, 189, 190, 192, 193, 195, 196, 205, 206, 208, 209, 212, 213, 215, 220, 221, 224, 226, 227, 229, 243, 244, 245, 246, 248, 250, 251, 253, 262, 268, 270, 271, 272, 273, 275, 278, 283, 284, 286, 288, 290, 291, 333, 336, 337, 338, 339, 341, 342, 343, 344, 346, 347, 348, 350, 351, 352, 353, 356, 357, 358, 359, 360, 362, 365, 367, 368, 369, 371, 374, 377, 378, 379, 380, 381, 383, 384, 414, 416, 417, 418, 420, 421, 422, 423, 424, 426, 427, 428, 429, 430, 431, 432, 434, 436, 437, 439, 441, 442, 443, 445, 447, 459, 462, 463, 464, 465, 466, 467, 468, 470, 471, 472, 481, 482, 503, 505, 506, 507, 509, 510, 511, 512, 513, 515, 516, 517, 518, 519, 520, 521, 523, 525, 526, 528, 530, 531, 532, 534, 535, 549, 551, 553, 556, 557, 559, 560, 561, 562, 563, 564, 565, 566, 567, 570, 572, 573, 574, 575, 576, 578, 579, 580, 587, 590, 591, 592, 593, 594, 596, 633, 634, 635, 636, 638, 639, 641, 642, 643, 645, 647, 648, 649, 650, 651, 653, 654, 655, 656, 657, 658, 659, 661, 663, 664, 665, 666, 667, 670, 671, 672, 673, 674, 676, 677, 679, 682, 683, 685, 686, 687, 688, 689, 692, 693, 694, 716, 717, 719, 720, 722, 723, 724, 726, 727, 728, 729, 730, 731, 732, 733, 735, 736, 737, 738, 740, 742, 743, 781, 783, 784, 785, 786, 787, 788, 789, 790, 793, 794, 796, 798, 799, 800, 801, 802, 803, 805, 808, 809, 811, 812, 813, 816, 817, 821, 822, 824, 825, 826, 828, 831, 832, 833, 836, 837, 838, 841, 842, 843, 844, 845, 846, 847, 850, 851, 852, 856, 857, 859, 860, 861, 863, 866, 867, 868, 869, 870, 873, 875, 876, 877, 878, 881, 882, 883, 920, 921, 922, 924, 925, 928, 929, 931, 932, 933, 935, 937, 938, 939, 940, 942, 943, 944, 945, 946, 948, 949, 951, 958, 960, 961, 963, 966, 967, 968, 969, 970, 973, 976, 977, 978, 979, 980, 981, 982, 984, 985, 986, 987, 988, 991, 992, 993, 994, 995, 996, 998, 999, 1000, 1001, 1002, 1003, 1005, 1008, 1009, 1010, 1011, 1013, 1014, 1015, 1016, 1017, 1020, 1023, 1024, 1027, 1028, 1032, 1034, 1035, 1036, 1038, 1040, 1041, 1042, 1044, 1046, 1047, 1048, 1049, 1050, 1055, 1059], "excluded_lines": [], "executed_branches": [[1058, -1]], "missing_branches": [[53, 54], [53, 55], [55, 56], [55, 57], [99, 100], [99, 105], [105, 106], [105, 195], [109, 111], [109, 123], [111, 112], [111, 120], [123, 125], [123, 134], [125, 126], [125, 129], [134, 136], [134, 145], [136, 137], [136, 140], [145, 147], [145, 155], [147, 148], [147, 151], [155, 157], [155, 164], [157, 158], [157, 161], [164, 166], [164, 173], [166, 167], [166, 169], [173, 174], [173, 185], [174, 175], [174, 181], [185, 186], [185, 189], [205, 206], [205, 208], [212, 213], [212, 215], [224, 226], [224, 250], [227, 229], [227, 243], [268, 270], [268, 290], [271, 272], [271, 275], [283, 284], [283, 286], [337, 338], [337, 341], [342, 343], [342, 346], [346, 347], [346, 350], [351, 352], [351, 356], [367, 368], [367, 371], [378, 379], [378, 380], [380, 381], [380, 383], [383, -294], [383, 384], [427, 428], [427, 434], [441, 442], [441, 445], [445, 447], [445, 462], [470, 471], [470, 481], [516, 517], [516, 523], [530, 531], [530, 534], [534, 535], [534, 551], [551, 553], [551, 570], [556, 557], [556, 559], [561, 562], [561, 563], [566, -485], [566, 567], [578, 579], [578, 587], [593, 594], [593, 596], [635, 636], [635, 638], [641, 642], [641, 645], [650, 651], [650, 677], [653, 654], [653, 661], [656, 657], [656, 661], [661, 663], [661, 676], [666, 667], [666, 672], [670, 671], [670, 672], [682, 683], [682, 685], [692, -599], [692, 693], [722, 723], [722, 726], [729, 730], [729, 738], [732, 733], [732, 735], [742, -699], [742, 743], [785, 786], [785, 787], [787, 788], [787, 789], [796, 798], [796, 856], [811, 812], [811, 816], [821, 822], [821, 828], [831, 832], [831, 836], [836, 837], [836, 841], [841, 842], [841, 850], [844, 845], [844, 846], [846, 847], [846, 850], [859, 860], [859, 863], [875, 876], [875, 877], [877, 878], [877, 881], [881, -746], [881, 882], [931, 932], [931, 935], [960, 961], [960, 1040], [966, 967], [966, 973], [967, 968], [967, 973], [977, 978], [977, 991], [979, 980], [979, 984], [981, 982], [981, 991], [985, 986], [985, 991], [991, 992], [991, 1013], [993, 994], [993, 995], [995, 996], [995, 998], [998, 999], [998, 1013], [1000, 1001], [1000, 1005], [1002, 1003], [1002, 1013], [1008, 1009], [1008, 1013], [1013, 1014], [1013, 1020], [1023, 1024], [1023, 1027], [1027, 1028], [1027, 1032], [1047, 1048], [1047, 1049], [1049, -891], [1049, 1050], [1058, 1059]], "functions": {"_truncate_album": {"executed_lines": [], "summary": {"covered_lines": 0, "num_statements": 5, "percent_covered": 0.0, "percent_covered_display": "0", "missing_lines": 5, "excluded_lines": 0, "percent_statements_covered": 0.0, "percent_statements_covered_display": "0", "num_branches": 4, "num_partial_branches": 0, "covered_branches": 0, "missing_branches": 4, "percent_branches_covered": 0.0, "percent_branches_covered_display": "0"}, "missing_lines": [53, 54, 55, 56, 57], "excluded_lines": [], "start_line": 51, "executed_branches": [], "missing_branches": [[53, 54], [53, 55], [55, 56], [55, 57]]}, "_print_cover_art": {"executed_lines": [], "summary": {"covered_lines": 0, "num_statements": 12, "percent_covered": 0.0, "percent_covered_display": "0", "missing_lines": 12, "excluded_lines": 0, "percent_statements_covered": 0.0, "percent_statements_covered_display": "0", "num_branches": 0, "num_partial_branches": 0, "covered_branches": 0, "missing_branches": 0, "percent_branches_covered": 100.0, "percent_branches_covered_display": "100"}, "missing_lines": [62, 63, 64, 65, 67, 68, 70, 72, 73, 74, 75, 76], "excluded_lines": [], "start_line": 60, "executed_branches": [], "missing_branches": []}, "setup_logging": {"executed_lines": [], "summary": {"covered_lines": 0, "num_statements": 2, "percent_covered": 0.0, "percent_covered_display": "0", "missing_lines": 2, "excluded_lines": 0, "percent_statements_covered": 0.0, "percent_statements_covered_display": "0", "num_branches": 0, "num_partial_branches": 0, "covered_branches": 0, "missing_branches": 0, "percent_branches_covered": 100.0, "percent_branches_covered_display": "100"}, "missing_lines": [81, 82], "excluded_lines": [], "start_line": 79, "executed_branches": [], "missing_branches": []}, "resolve_queries": {"executed_lines": [], "summary": {"covered_lines": 0, "num_statements": 68, "percent_covered": 0.0, "percent_covered_display": "0", "missing_lines": 68, "excluded_lines": 0, "percent_statements_covered": 0.0, "percent_statements_covered_display": "0", "num_branches": 34, "num_partial_branches": 0, "covered_branches": 0, "missing_branches": 34, "percent_branches_covered": 0.0, "percent_branches_covered_display": "0"}, "missing_lines": [93, 94, 95, 98, 99, 100, 101, 102, 103, 105, 106, 108, 109, 111, 112, 113, 114, 115, 116, 117, 120, 121, 123, 125, 126, 127, 129, 132, 134, 136, 137, 138, 140, 143, 145, 147, 148, 149, 151, 155, 157, 158, 159, 161, 162, 164, 166, 167, 169, 173, 174, 175, 176, 177, 178, 179, 180, 181, 182, 185, 186, 187, 189, 190, 192, 193, 195, 196], "excluded_lines": [], "start_line": 88, "executed_branches": [], "missing_branches": [[99, 100], [99, 105], [105, 106], [105, 195], [109, 111], [109, 123], [111, 112], [111, 120], [123, 125], [123, 134], [125, 126], [125, 129], [134, 136], [134, 145], [136, 137], [136, 140], [145, 147], [145, 155], [147, 148], [147, 151], [155, 157], [155, 164], [157, 158], [157, 161], [164, 166], [164, 173], [166, 167], [166, 169], [173, 174], [173, 185], [174, 175], [174, 181], [185, 186], [185, 189]]}, "download_songs": {"executed_lines": [], "summary": {"covered_lines": 0, "num_statements": 35, "percent_covered": 0.0, "percent_covered_display": "0", "missing_lines": 35, "excluded_lines": 0, "percent_statements_covered": 0.0, "percent_statements_covered_display": "0", "num_branches": 14, "num_partial_branches": 0, "covered_branches": 0, "missing_branches": 14, "percent_branches_covered": 0.0, "percent_branches_covered_display": "0"}, "missing_lines": [205, 206, 208, 209, 212, 213, 215, 220, 221, 224, 226, 227, 229, 243, 244, 245, 246, 248, 250, 251, 253, 262, 268, 270, 271, 272, 273, 275, 278, 283, 284, 286, 288, 290, 291], "excluded_lines": [], "start_line": 199, "executed_branches": [], "missing_branches": [[205, 206], [205, 208], [212, 213], [212, 215], [224, 226], [224, 250], [227, 229], [227, 243], [268, 270], [268, 290], [271, 272], [271, 275], [283, 284], [283, 286]]}, "download": {"executed_lines": [], "summary": {"covered_lines": 0, "num_statements": 35, "percent_covered": 0.0, "percent_covered_display": "0", "missing_lines": 35, "excluded_lines": 0, "percent_statements_covered": 0.0, "percent_statements_covered_display": "0", "num_branches": 16, "num_partial_branches": 0, "covered_branches": 0, "missing_branches": 16, "percent_branches_covered": 0.0, "percent_branches_covered_display": "0"}, "missing_lines": [333, 336, 337, 338, 339, 341, 342, 343, 344, 346, 347, 348, 350, 351, 352, 353, 356, 357, 358, 359, 360, 362, 365, 367, 368, 369, 371, 374, 377, 378, 379, 380, 381, 383, 384], "excluded_lines": [], "start_line": 295, "executed_branches": [], "missing_branches": [[337, 338], [337, 341], [342, 343], [342, 346], [346, 347], [346, 350], [351, 352], [351, 356], [367, 368], [367, 371], [378, 379], [378, 380], [380, 381], [380, 383], [383, -294], [383, 384]]}, "search": {"executed_lines": [], "summary": {"covered_lines": 0, "num_statements": 21, "percent_covered": 0.0, "percent_covered_display": "0", "missing_lines": 21, "excluded_lines": 0, "percent_statements_covered": 0.0, "percent_statements_covered_display": "0", "num_branches": 6, "num_partial_branches": 0, "covered_branches": 0, "missing_branches": 6, "percent_branches_covered": 0.0, "percent_branches_covered_display": "0"}, "missing_lines": [414, 416, 439, 441, 442, 443, 445, 447, 459, 462, 463, 464, 465, 466, 467, 468, 470, 471, 472, 481, 482], "excluded_lines": [], "start_line": 388, "executed_branches": [], "missing_branches": [[441, 442], [441, 445], [445, 447], [445, 462], [470, 471], [470, 481]]}, "search.do_search": {"executed_lines": [], "summary": {"covered_lines": 0, "num_statements": 17, "percent_covered": 0.0, "percent_covered_display": "0", "missing_lines": 17, "excluded_lines": 0, "percent_statements_covered": 0.0, "percent_statements_covered_display": "0", "num_branches": 2, "num_partial_branches": 0, "covered_branches": 0, "missing_branches": 2, "percent_branches_covered": 0.0, "percent_branches_covered_display": "0"}, "missing_lines": [417, 418, 420, 421, 422, 423, 424, 426, 427, 428, 429, 430, 431, 432, 434, 436, 437], "excluded_lines": [], "start_line": 416, "executed_branches": [], "missing_branches": [[427, 428], [427, 434]]}, "info": {"executed_lines": [], "summary": {"covered_lines": 0, "num_statements": 38, "percent_covered": 0.0, "percent_covered_display": "0", "missing_lines": 38, "excluded_lines": 0, "percent_statements_covered": 0.0, "percent_statements_covered_display": "0", "num_branches": 16, "num_partial_branches": 0, "covered_branches": 0, "missing_branches": 16, "percent_branches_covered": 0.0, "percent_branches_covered_display": "0"}, "missing_lines": [503, 505, 528, 530, 531, 532, 534, 535, 549, 551, 553, 556, 557, 559, 560, 561, 562, 563, 564, 565, 566, 567, 570, 572, 573, 574, 575, 576, 578, 579, 580, 587, 590, 591, 592, 593, 594, 596], "excluded_lines": [], "start_line": 486, "executed_branches": [], "missing_branches": [[530, 531], [530, 534], [534, 535], [534, 551], [551, 553], [551, 570], [556, 557], [556, 559], [561, 562], [561, 563], [566, -485], [566, 567], [578, 579], [578, 587], [593, 594], [593, 596]]}, "info.get_info": {"executed_lines": [], "summary": {"covered_lines": 0, "num_statements": 17, "percent_covered": 0.0, "percent_covered_display": "0", "missing_lines": 17, "excluded_lines": 0, "percent_statements_covered": 0.0, "percent_statements_covered_display": "0", "num_branches": 2, "num_partial_branches": 0, "covered_branches": 0, "missing_branches": 2, "percent_branches_covered": 0.0, "percent_branches_covered_display": "0"}, "missing_lines": [506, 507, 509, 510, 511, 512, 513, 515, 516, 517, 518, 519, 520, 521, 523, 525, 526], "excluded_lines": [], "start_line": 505, "executed_branches": [], "missing_branches": [[516, 517], [516, 523]]}, "save": {"executed_lines": [], "summary": {"covered_lines": 0, "num_statements": 22, "percent_covered": 0.0, "percent_covered_display": "0", "missing_lines": 22, "excluded_lines": 0, "percent_statements_covered": 0.0, "percent_statements_covered_display": "0", "num_branches": 8, "num_partial_branches": 0, "covered_branches": 0, "missing_branches": 8, "percent_branches_covered": 0.0, "percent_branches_covered_display": "0"}, "missing_lines": [633, 634, 635, 636, 638, 639, 641, 642, 643, 645, 647, 679, 682, 683, 685, 686, 687, 688, 689, 692, 693, 694], "excluded_lines": [], "start_line": 600, "executed_branches": [], "missing_branches": [[635, 636], [635, 638], [641, 642], [641, 645], [682, 683], [682, 685], [692, -599], [692, 693]]}, "save._process_songs": {"executed_lines": [], "summary": {"covered_lines": 0, "num_statements": 24, "percent_covered": 0.0, "percent_covered_display": "0", "missing_lines": 24, "excluded_lines": 0, "percent_statements_covered": 0.0, "percent_statements_covered_display": "0", "num_branches": 12, "num_partial_branches": 0, "covered_branches": 0, "missing_branches": 12, "percent_branches_covered": 0.0, "percent_branches_covered_display": "0"}, "missing_lines": [648, 649, 650, 651, 653, 654, 655, 656, 657, 658, 659, 661, 663, 664, 665, 666, 667, 670, 671, 672, 673, 674, 676, 677], "excluded_lines": [], "start_line": 647, "executed_branches": [], "missing_branches": [[650, 651], [650, 677], [653, 654], [653, 661], [656, 657], [656, 661], [661, 663], [661, 676], [666, 667], [666, 672], [670, 671], [670, 672]]}, "url": {"executed_lines": [], "summary": {"covered_lines": 0, "num_statements": 11, "percent_covered": 0.0, "percent_covered_display": "0", "missing_lines": 11, "excluded_lines": 0, "percent_statements_covered": 0.0, "percent_statements_covered_display": "0", "num_branches": 4, "num_partial_branches": 0, "covered_branches": 0, "missing_branches": 4, "percent_branches_covered": 0.0, "percent_branches_covered_display": "0"}, "missing_lines": [716, 717, 719, 720, 722, 723, 724, 726, 740, 742, 743], "excluded_lines": [], "start_line": 700, "executed_branches": [], "missing_branches": [[722, 723], [722, 726], [742, -699], [742, 743]]}, "url._find_urls": {"executed_lines": [], "summary": {"covered_lines": 0, "num_statements": 11, "percent_covered": 0.0, "percent_covered_display": "0", "missing_lines": 11, "excluded_lines": 0, "percent_statements_covered": 0.0, "percent_statements_covered_display": "0", "num_branches": 4, "num_partial_branches": 0, "covered_branches": 0, "missing_branches": 4, "percent_branches_covered": 0.0, "percent_branches_covered_display": "0"}, "missing_lines": [727, 728, 729, 730, 731, 732, 733, 735, 736, 737, 738], "excluded_lines": [], "start_line": 726, "executed_branches": [], "missing_branches": [[729, 730], [729, 738], [732, 733], [732, 735]]}, "sync": {"executed_lines": [], "summary": {"covered_lines": 0, "num_statements": 67, "percent_covered": 0.0, "percent_covered_display": "0", "missing_lines": 67, "excluded_lines": 0, "percent_statements_covered": 0.0, "percent_statements_covered_display": "0", "num_branches": 28, "num_partial_branches": 0, "covered_branches": 0, "missing_branches": 28, "percent_branches_covered": 0.0, "percent_branches_covered_display": "0"}, "missing_lines": [781, 783, 784, 785, 786, 787, 788, 789, 790, 793, 794, 796, 798, 799, 800, 801, 802, 803, 805, 808, 809, 811, 812, 813, 816, 817, 821, 822, 824, 825, 826, 828, 831, 832, 833, 836, 837, 838, 841, 842, 843, 844, 845, 846, 847, 850, 851, 852, 856, 857, 859, 860, 861, 863, 866, 867, 868, 869, 870, 873, 875, 876, 877, 878, 881, 882, 883], "excluded_lines": [], "start_line": 747, "executed_branches": [], "missing_branches": [[785, 786], [785, 787], [787, 788], [787, 789], [796, 798], [796, 856], [811, 812], [811, 816], [821, 822], [821, 828], [831, 832], [831, 836], [836, 837], [836, 841], [841, 842], [841, 850], [844, 845], [844, 846], [846, 847], [846, 850], [859, 860], [859, 863], [875, 876], [875, 877], [877, 878], [877, 881], [881, -746], [881, 882]]}, "meta": {"executed_lines": [], "summary": {"covered_lines": 0, "num_statements": 18, "percent_covered": 0.0, "percent_covered_display": "0", "missing_lines": 18, "excluded_lines": 0, "percent_statements_covered": 0.0, "percent_statements_covered_display": "0", "num_branches": 6, "num_partial_branches": 0, "covered_branches": 0, "missing_branches": 6, "percent_branches_covered": 0.0, "percent_branches_covered_display": "0"}, "missing_lines": [920, 921, 922, 924, 925, 928, 929, 931, 932, 933, 935, 937, 1044, 1046, 1047, 1048, 1049, 1050], "excluded_lines": [], "start_line": 892, "executed_branches": [], "missing_branches": [[931, 932], [931, 935], [1047, 1048], [1047, 1049], [1049, -891], [1049, 1050]]}, "meta._process_files": {"executed_lines": [], "summary": {"covered_lines": 0, "num_statements": 68, "percent_covered": 0.0, "percent_covered_display": "0", "missing_lines": 68, "excluded_lines": 0, "percent_statements_covered": 0.0, "percent_statements_covered_display": "0", "num_branches": 34, "num_partial_branches": 0, "covered_branches": 0, "missing_branches": 34, "percent_branches_covered": 0.0, "percent_branches_covered_display": "0"}, "missing_lines": [938, 939, 940, 942, 943, 944, 945, 946, 948, 949, 951, 958, 960, 961, 963, 966, 967, 968, 969, 970, 973, 976, 977, 978, 979, 980, 981, 982, 984, 985, 986, 987, 988, 991, 992, 993, 994, 995, 996, 998, 999, 1000, 1001, 1002, 1003, 1005, 1008, 1009, 1010, 1011, 1013, 1014, 1015, 1016, 1017, 1020, 1023, 1024, 1027, 1028, 1032, 1034, 1035, 1036, 1038, 1040, 1041, 1042], "excluded_lines": [], "start_line": 937, "executed_branches": [], "missing_branches": [[960, 961], [960, 1040], [966, 967], [966, 973], [967, 968], [967, 973], [977, 978], [977, 991], [979, 980], [979, 984], [981, 982], [981, 991], [985, 986], [985, 991], [991, 992], [991, 1013], [993, 994], [993, 995], [995, 996], [995, 998], [998, 999], [998, 1013], [1000, 1001], [1000, 1005], [1002, 1003], [1002, 1013], [1008, 1009], [1008, 1013], [1013, 1014], [1013, 1020], [1023, 1024], [1023, 1027], [1027, 1028], [1027, 1032]]}, "main": {"executed_lines": [], "summary": {"covered_lines": 0, "num_statements": 1, "percent_covered": 0.0, "percent_covered_display": "0", "missing_lines": 1, "excluded_lines": 0, "percent_statements_covered": 0.0, "percent_statements_covered_display": "0", "num_branches": 0, "num_partial_branches": 0, "covered_branches": 0, "missing_branches": 0, "percent_branches_covered": 100.0, "percent_branches_covered_display": "100"}, "missing_lines": [1055], "excluded_lines": [], "start_line": 1053, "executed_branches": [], "missing_branches": []}, "": {"executed_lines": [6, 8, 9, 10, 11, 12, 14, 15, 16, 25, 27, 28, 38, 40, 47, 48, 51, 60, 79, 88, 199, 294, 295, 387, 388, 485, 486, 599, 600, 699, 700, 746, 747, 891, 892, 1053, 1058], "summary": {"covered_lines": 37, "num_statements": 38, "percent_covered": 95.0, "percent_covered_display": "95", "missing_lines": 1, "excluded_lines": 0, "percent_statements_covered": 97.36842105263158, "percent_statements_covered_display": "97", "num_branches": 2, "num_partial_branches": 1, "covered_branches": 1, "missing_branches": 1, "percent_branches_covered": 50.0, "percent_branches_covered_display": "50"}, "missing_lines": [1059], "excluded_lines": [], "start_line": 1, "executed_branches": [[1058, -1]], "missing_branches": [[1058, 1059]]}}, "classes": {"": {"executed_lines": [6, 8, 9, 10, 11, 12, 14, 15, 16, 25, 27, 28, 38, 40, 47, 48, 51, 60, 79, 88, 199, 294, 295, 387, 388, 485, 486, 599, 600, 699, 700, 746, 747, 891, 892, 1053, 1058], "summary": {"covered_lines": 37, "num_statements": 510, "percent_covered": 5.413105413105413, "percent_covered_display": "5", "missing_lines": 473, "excluded_lines": 0, "percent_statements_covered": 7.254901960784314, "percent_statements_covered_display": "7", "num_branches": 192, "num_partial_branches": 1, "covered_branches": 1, "missing_branches": 191, "percent_branches_covered": 0.5208333333333334, "percent_branches_covered_display": "1"}, "missing_lines": [53, 54, 55, 56, 57, 62, 63, 64, 65, 67, 68, 70, 72, 73, 74, 75, 76, 81, 82, 93, 94, 95, 98, 99, 100, 101, 102, 103, 105, 106, 108, 109, 111, 112, 113, 114, 115, 116, 117, 120, 121, 123, 125, 126, 127, 129, 132, 134, 136, 137, 138, 140, 143, 145, 147, 148, 149, 151, 155, 157, 158, 159, 161, 162, 164, 166, 167, 169, 173, 174, 175, 176, 177, 178, 179, 180, 181, 182, 185, 186, 187, 189, 190, 192, 193, 195, 196, 205, 206, 208, 209, 212, 213, 215, 220, 221, 224, 226, 227, 229, 243, 244, 245, 246, 248, 250, 251, 253, 262, 268, 270, 271, 272, 273, 275, 278, 283, 284, 286, 288, 290, 291, 333, 336, 337, 338, 339, 341, 342, 343, 344, 346, 347, 348, 350, 351, 352, 353, 356, 357, 358, 359, 360, 362, 365, 367, 368, 369, 371, 374, 377, 378, 379, 380, 381, 383, 384, 414, 416, 417, 418, 420, 421, 422, 423, 424, 426, 427, 428, 429, 430, 431, 432, 434, 436, 437, 439, 441, 442, 443, 445, 447, 459, 462, 463, 464, 465, 466, 467, 468, 470, 471, 472, 481, 482, 503, 505, 506, 507, 509, 510, 511, 512, 513, 515, 516, 517, 518, 519, 520, 521, 523, 525, 526, 528, 530, 531, 532, 534, 535, 549, 551, 553, 556, 557, 559, 560, 561, 562, 563, 564, 565, 566, 567, 570, 572, 573, 574, 575, 576, 578, 579, 580, 587, 590, 591, 592, 593, 594, 596, 633, 634, 635, 636, 638, 639, 641, 642, 643, 645, 647, 648, 649, 650, 651, 653, 654, 655, 656, 657, 658, 659, 661, 663, 664, 665, 666, 667, 670, 671, 672, 673, 674, 676, 677, 679, 682, 683, 685, 686, 687, 688, 689, 692, 693, 694, 716, 717, 719, 720, 722, 723, 724, 726, 727, 728, 729, 730, 731, 732, 733, 735, 736, 737, 738, 740, 742, 743, 781, 783, 784, 785, 786, 787, 788, 789, 790, 793, 794, 796, 798, 799, 800, 801, 802, 803, 805, 808, 809, 811, 812, 813, 816, 817, 821, 822, 824, 825, 826, 828, 831, 832, 833, 836, 837, 838, 841, 842, 843, 844, 845, 846, 847, 850, 851, 852, 856, 857, 859, 860, 861, 863, 866, 867, 868, 869, 870, 873, 875, 876, 877, 878, 881, 882, 883, 920, 921, 922, 924, 925, 928, 929, 931, 932, 933, 935, 937, 938, 939, 940, 942, 943, 944, 945, 946, 948, 949, 951, 958, 960, 961, 963, 966, 967, 968, 969, 970, 973, 976, 977, 978, 979, 980, 981, 982, 984, 985, 986, 987, 988, 991, 992, 993, 994, 995, 996, 998, 999, 1000, 1001, 1002, 1003, 1005, 1008, 1009, 1010, 1011, 1013, 1014, 1015, 1016, 1017, 1020, 1023, 1024, 1027, 1028, 1032, 1034, 1035, 1036, 1038, 1040, 1041, 1042, 1044, 1046, 1047, 1048, 1049, 1050, 1055, 1059], "excluded_lines": [], "start_line": 1, "executed_branches": [[1058, -1]], "missing_branches": [[53, 54], [53, 55], [55, 56], [55, 57], [99, 100], [99, 105], [105, 106], [105, 195], [109, 111], [109, 123], [111, 112], [111, 120], [123, 125], [123, 134], [125, 126], [125, 129], [134, 136], [134, 145], [136, 137], [136, 140], [145, 147], [145, 155], [147, 148], [147, 151], [155, 157], [155, 164], [157, 158], [157, 161], [164, 166], [164, 173], [166, 167], [166, 169], [173, 174], [173, 185], [174, 175], [174, 181], [185, 186], [185, 189], [205, 206], [205, 208], [212, 213], [212, 215], [224, 226], [224, 250], [227, 229], [227, 243], [268, 270], [268, 290], [271, 272], [271, 275], [283, 284], [283, 286], [337, 338], [337, 341], [342, 343], [342, 346], [346, 347], [346, 350], [351, 352], [351, 356], [367, 368], [367, 371], [378, 379], [378, 380], [380, 381], [380, 383], [383, -294], [383, 384], [427, 428], [427, 434], [441, 442], [441, 445], [445, 447], [445, 462], [470, 471], [470, 481], [516, 517], [516, 523], [530, 531], [530, 534], [534, 535], [534, 551], [551, 553], [551, 570], [556, 557], [556, 559], [561, 562], [561, 563], [566, -485], [566, 567], [578, 579], [578, 587], [593, 594], [593, 596], [635, 636], [635, 638], [641, 642], [641, 645], [650, 651], [650, 677], [653, 654], [653, 661], [656, 657], [656, 661], [661, 663], [661, 676], [666, 667], [666, 672], [670, 671], [670, 672], [682, 683], [682, 685], [692, -599], [692, 693], [722, 723], [722, 726], [729, 730], [729, 738], [732, 733], [732, 735], [742, -699], [742, 743], [785, 786], [785, 787], [787, 788], [787, 789], [796, 798], [796, 856], [811, 812], [811, 816], [821, 822], [821, 828], [831, 832], [831, 836], [836, 837], [836, 841], [841, 842], [841, 850], [844, 845], [844, 846], [846, 847], [846, 850], [859, 860], [859, 863], [875, 876], [875, 877], [877, 878], [877, 881], [881, -746], [881, 882], [931, 932], [931, 935], [960, 961], [960, 1040], [966, 967], [966, 973], [967, 968], [967, 973], [977, 978], [977, 991], [979, 980], [979, 984], [981, 982], [981, 991], [985, 986], [985, 991], [991, 992], [991, 1013], [993, 994], [993, 995], [995, 996], [995, 998], [998, 999], [998, 1013], [1000, 1001], [1000, 1005], [1002, 1003], [1002, 1013], [1008, 1009], [1008, 1013], [1013, 1014], [1013, 1020], [1023, 1024], [1023, 1027], [1027, 1028], [1027, 1032], [1047, 1048], [1047, 1049], [1049, -891], [1049, 1050], [1058, 1059]]}}}, "src/spotdl_cli/config.py": {"executed_lines": [3, 5, 6, 7, 8, 10, 11, 12, 14, 17, 20, 28, 29, 30, 31, 34, 35, 36, 39, 40, 41, 42, 43, 46, 47, 48, 51, 52, 53, 54, 57, 58, 61, 64, 65, 71, 74, 77, 78, 81, 82, 85, 88, 91, 92, 95, 98, 99, 104, 107, 108, 111, 112, 115, 116, 117, 120, 121, 124, 125, 126, 128, 130, 131, 132, 133, 135, 136, 138, 140, 141, 143, 145, 146, 148, 150, 151, 153, 155, 157, 160, 210, 211, 212, 214, 215, 216, 218, 219, 220, 221, 226, 227, 229, 230, 232, 233, 234, 235, 236, 243, 246, 249, 250, 251, 254, 257, 258, 261, 264, 265, 267, 270], "summary": {"covered_lines": 113, "num_statements": 130, "percent_covered": 85.21126760563381, "percent_covered_display": "85", "missing_lines": 17, "excluded_lines": 0, "percent_statements_covered": 86.92307692307692, "percent_statements_covered_display": "87", "num_branches": 12, "num_partial_branches": 0, "covered_branches": 8, "missing_branches": 4, "percent_branches_covered": 66.66666666666667, "percent_branches_covered_display": "67"}, "missing_lines": [222, 223, 224, 237, 238, 239, 275, 276, 278, 279, 280, 281, 282, 283, 286, 287, 288], "excluded_lines": [], "executed_branches": [[211, 212], [211, 218], [214, 215], [214, 216], [229, 230], [229, 232], [249, 250], [249, 251]], "missing_branches": [[275, 276], [275, 286], [278, 279], [278, 286]], "functions": {"Settings.ensure_directories": {"executed_lines": [130, 131, 132, 133], "summary": {"covered_lines": 4, "num_statements": 4, "percent_covered": 100.0, "percent_covered_display": "100", "missing_lines": 0, "excluded_lines": 0, "percent_statements_covered": 100.0, "percent_statements_covered_display": "100", "num_branches": 0, "num_partial_branches": 0, "covered_branches": 0, "missing_branches": 0, "percent_branches_covered": 100.0, "percent_branches_covered_display": "100"}, "missing_lines": [], "excluded_lines": [], "start_line": 128, "executed_branches": [], "missing_branches": []}, "Settings.config_file_path": {"executed_lines": [138], "summary": {"covered_lines": 1, "num_statements": 1, "percent_covered": 100.0, "percent_covered_display": "100", "missing_lines": 0, "excluded_lines": 0, "percent_statements_covered": 100.0, "percent_statements_covered_display": "100", "num_branches": 0, "num_partial_branches": 0, "covered_branches": 0, "missing_branches": 0, "percent_branches_covered": 100.0, "percent_branches_covered_display": "100"}, "missing_lines": [], "excluded_lines": [], "start_line": 136, "executed_branches": [], "missing_branches": []}, "Settings.database_path": {"executed_lines": [143], "summary": {"covered_lines": 1, "num_statements": 1, "percent_covered": 100.0, "percent_covered_display": "100", "missing_lines": 0, "excluded_lines": 0, "percent_statements_covered": 100.0, "percent_statements_covered_display": "100", "num_branches": 0, "num_partial_branches": 0, "covered_branches": 0, "missing_branches": 0, "percent_branches_covered": 100.0, "percent_branches_covered_display": "100"}, "missing_lines": [], "excluded_lines": [], "start_line": 141, "executed_branches": [], "missing_branches": []}, "Settings.cookies_path": {"executed_lines": [148], "summary": {"covered_lines": 1, "num_statements": 1, "percent_covered": 100.0, "percent_covered_display": "100", "missing_lines": 0, "excluded_lines": 0, "percent_statements_covered": 100.0, "percent_statements_covered_display": "100", "num_branches": 0, "num_partial_branches": 0, "covered_branches": 0, "missing_branches": 0, "percent_branches_covered": 100.0, "percent_branches_covered_display": "100"}, "missing_lines": [], "excluded_lines": [], "start_line": 146, "executed_branches": [], "missing_branches": []}, "Settings.cache_path": {"executed_lines": [153], "summary": {"covered_lines": 1, "num_statements": 1, "percent_covered": 100.0, "percent_covered_display": "100", "missing_lines": 0, "excluded_lines": 0, "percent_statements_covered": 100.0, "percent_statements_covered_display": "100", "num_branches": 0, "num_partial_branches": 0, "covered_branches": 0, "missing_branches": 0, "percent_branches_covered": 100.0, "percent_branches_covered_display": "100"}, "missing_lines": [], "excluded_lines": [], "start_line": 151, "executed_branches": [], "missing_branches": []}, "Settings.save": {"executed_lines": [157, 160, 210, 211, 212, 214, 215, 216, 218, 219, 220, 221], "summary": {"covered_lines": 12, "num_statements": 15, "percent_covered": 84.21052631578948, "percent_covered_display": "84", "missing_lines": 3, "excluded_lines": 0, "percent_statements_covered": 80.0, "percent_statements_covered_display": "80", "num_branches": 4, "num_partial_branches": 0, "covered_branches": 4, "missing_branches": 0, "percent_branches_covered": 100.0, "percent_branches_covered_display": "100"}, "missing_lines": [222, 223, 224], "excluded_lines": [], "start_line": 155, "executed_branches": [[211, 212], [211, 218], [214, 215], [214, 216]], "missing_branches": []}, "Settings.load_from_file": {"executed_lines": [229, 230, 232, 233, 234, 235, 236], "summary": {"covered_lines": 7, "num_statements": 10, "percent_covered": 75.0, "percent_covered_display": "75", "missing_lines": 3, "excluded_lines": 0, "percent_statements_covered": 70.0, "percent_statements_covered_display": "70", "num_branches": 2, "num_partial_branches": 0, "covered_branches": 2, "missing_branches": 0, "percent_branches_covered": 100.0, "percent_branches_covered_display": "100"}, "missing_lines": [237, 238, 239], "excluded_lines": [], "start_line": 227, "executed_branches": [[229, 230], [229, 232]], "missing_branches": []}, "get_settings": {"executed_lines": [249, 250, 251], "summary": {"covered_lines": 3, "num_statements": 3, "percent_covered": 100.0, "percent_covered_display": "100", "missing_lines": 0, "excluded_lines": 0, "percent_statements_covered": 100.0, "percent_statements_covered_display": "100", "num_branches": 2, "num_partial_branches": 0, "covered_branches": 2, "missing_branches": 0, "percent_branches_covered": 100.0, "percent_branches_covered_display": "100"}, "missing_lines": [], "excluded_lines": [], "start_line": 246, "executed_branches": [[249, 250], [249, 251]], "missing_branches": []}, "_load_settings": {"executed_lines": [257, 258, 261, 264, 265, 267], "summary": {"covered_lines": 6, "num_statements": 6, "percent_covered": 100.0, "percent_covered_display": "100", "missing_lines": 0, "excluded_lines": 0, "percent_statements_covered": 100.0, "percent_statements_covered_display": "100", "num_branches": 0, "num_partial_branches": 0, "covered_branches": 0, "missing_branches": 0, "percent_branches_covered": 100.0, "percent_branches_covered_display": "100"}, "missing_lines": [], "excluded_lines": [], "start_line": 254, "executed_branches": [], "missing_branches": []}, "reset_settings": {"executed_lines": [], "summary": {"covered_lines": 0, "num_statements": 11, "percent_covered": 0.0, "percent_covered_display": "0", "missing_lines": 11, "excluded_lines": 0, "percent_statements_covered": 0.0, "percent_statements_covered_display": "0", "num_branches": 4, "num_partial_branches": 0, "covered_branches": 0, "missing_branches": 4, "percent_branches_covered": 0.0, "percent_branches_covered_display": "0"}, "missing_lines": [275, 276, 278, 279, 280, 281, 282, 283, 286, 287, 288], "excluded_lines": [], "start_line": 270, "executed_branches": [], "missing_branches": [[275, 276], [275, 286], [278, 279], [278, 286]]}, "": {"executed_lines": [3, 5, 6, 7, 8, 10, 11, 12, 14, 17, 20, 28, 29, 30, 31, 34, 35, 36, 39, 40, 41, 42, 43, 46, 47, 48, 51, 52, 53, 54, 57, 58, 61, 64, 65, 71, 74, 77, 78, 81, 82, 85, 88, 91, 92, 95, 98, 99, 104, 107, 108, 111, 112, 115, 116, 117, 120, 121, 124, 125, 126, 128, 135, 136, 140, 141, 145, 146, 150, 151, 155, 226, 227, 243, 246, 254, 270], "summary": {"covered_lines": 77, "num_statements": 77, "percent_covered": 100.0, "percent_covered_display": "100", "missing_lines": 0, "excluded_lines": 0, "percent_statements_covered": 100.0, "percent_statements_covered_display": "100", "num_branches": 0, "num_partial_branches": 0, "covered_branches": 0, "missing_branches": 0, "percent_branches_covered": 100.0, "percent_branches_covered_display": "100"}, "missing_lines": [], "excluded_lines": [], "start_line": 1, "executed_branches": [], "missing_branches": []}}, "classes": {"Settings": {"executed_lines": [130, 131, 132, 133, 138, 143, 148, 153, 157, 160, 210, 211, 212, 214, 215, 216, 218, 219, 220, 221, 229, 230, 232, 233, 234, 235, 236], "summary": {"covered_lines": 27, "num_statements": 33, "percent_covered": 84.61538461538461, "percent_covered_display": "85", "missing_lines": 6, "excluded_lines": 0, "percent_statements_covered": 81.81818181818181, "percent_statements_covered_display": "82", "num_branches": 6, "num_partial_branches": 0, "covered_branches": 6, "missing_branches": 0, "percent_branches_covered": 100.0, "percent_branches_covered_display": "100"}, "missing_lines": [222, 223, 224, 237, 238, 239], "excluded_lines": [], "start_line": 17, "executed_branches": [[211, 212], [211, 218], [214, 215], [214, 216], [229, 230], [229, 232]], "missing_branches": []}, "": {"executed_lines": [3, 5, 6, 7, 8, 10, 11, 12, 14, 17, 20, 28, 29, 30, 31, 34, 35, 36, 39, 40, 41, 42, 43, 46, 47, 48, 51, 52, 53, 54, 57, 58, 61, 64, 65, 71, 74, 77, 78, 81, 82, 85, 88, 91, 92, 95, 98, 99, 104, 107, 108, 111, 112, 115, 116, 117, 120, 121, 124, 125, 126, 128, 135, 136, 140, 141, 145, 146, 150, 151, 155, 226, 227, 243, 246, 249, 250, 251, 254, 257, 258, 261, 264, 265, 267, 270], "summary": {"covered_lines": 86, "num_statements": 97, "percent_covered": 85.4368932038835, "percent_covered_display": "85", "missing_lines": 11, "excluded_lines": 0, "percent_statements_covered": 88.65979381443299, "percent_statements_covered_display": "89", "num_branches": 6, "num_partial_branches": 0, "covered_branches": 2, "missing_branches": 4, "percent_branches_covered": 33.333333333333336, "percent_branches_covered_display": "33"}, "missing_lines": [275, 276, 278, 279, 280, 281, 282, 283, 286, 287, 288], "excluded_lines": [], "start_line": 1, "executed_branches": [[249, 250], [249, 251]], "missing_branches": [[275, 276], [275, 286], [278, 279], [278, 286]]}}}, "src/spotdl_cli/core/__init__.py": {"executed_lines": [3, 4, 8, 15, 21, 22, 23, 28, 32, 36, 40, 45, 59], "summary": {"covered_lines": 13, "num_statements": 13, "percent_covered": 100.0, "percent_covered_display": "100", "missing_lines": 0, "excluded_lines": 0, "percent_statements_covered": 100.0, "percent_statements_covered_display": "100", "num_branches": 0, "num_partial_branches": 0, "covered_branches": 0, "missing_branches": 0, "percent_branches_covered": 100.0, "percent_branches_covered_display": "100"}, "missing_lines": [], "excluded_lines": [], "executed_branches": [], "missing_branches": [], "functions": {"": {"executed_lines": [3, 4, 8, 15, 21, 22, 23, 28, 32, 36, 40, 45, 59], "summary": {"covered_lines": 13, "num_statements": 13, "percent_covered": 100.0, "percent_covered_display": "100", "missing_lines": 0, "excluded_lines": 0, "percent_statements_covered": 100.0, "percent_statements_covered_display": "100", "num_branches": 0, "num_partial_branches": 0, "covered_branches": 0, "missing_branches": 0, "percent_branches_covered": 100.0, "percent_branches_covered_display": "100"}, "missing_lines": [], "excluded_lines": [], "start_line": 1, "executed_branches": [], "missing_branches": []}}, "classes": {"": {"executed_lines": [3, 4, 8, 15, 21, 22, 23, 28, 32, 36, 40, 45, 59], "summary": {"covered_lines": 13, "num_statements": 13, "percent_covered": 100.0, "percent_covered_display": "100", "missing_lines": 0, "excluded_lines": 0, "percent_statements_covered": 100.0, "percent_statements_covered_display": "100", "num_branches": 0, "num_partial_branches": 0, "covered_branches": 0, "missing_branches": 0, "percent_branches_covered": 100.0, "percent_branches_covered_display": "100"}, "missing_lines": [], "excluded_lines": [], "start_line": 1, "executed_branches": [], "missing_branches": []}}}, "src/spotdl_cli/core/api_client.py": {"executed_lines": [3, 5, 6, 7, 8, 9, 11, 13, 14, 23, 25, 28, 32, 36, 40, 43, 45, 46, 47, 49, 50, 51, 54, 57, 58, 59, 60, 61, 63, 65, 66, 68, 70, 71, 72, 73, 74, 75, 76, 77, 78, 80, 82, 83, 85, 87, 88, 92, 93, 95, 97, 99, 100, 101, 103, 105, 106, 109, 126, 127, 128, 129, 131, 138, 139, 140, 142, 144, 145, 161, 163, 165, 166, 167, 169, 171, 173, 180, 181, 182, 183, 184, 185, 187, 194, 195, 196, 198, 213, 214, 215, 217, 218, 219, 224, 225, 227, 228, 230, 233, 234, 236, 237, 238, 239, 240, 243, 263, 264, 265, 267, 268, 269, 279, 280, 282, 285, 289, 298, 318, 319, 320, 323, 324, 326, 331, 332, 334, 339, 340, 342, 345, 349, 358, 376, 379, 380, 383, 384, 386, 391, 400, 401, 403, 404, 406, 407, 408, 420, 423, 427, 436, 451, 452, 453, 461, 462, 473, 487, 488, 489, 490, 492, 493, 494, 498, 499, 501, 502, 504, 507, 509, 511, 513, 516, 530, 531, 532, 535, 536, 537, 541, 542, 544, 545, 547, 550, 552, 554, 556, 559, 573, 574, 575, 578, 579, 580, 584, 585, 587, 588, 590, 593, 595, 597, 599, 602, 616, 617, 618, 621, 622, 623, 627, 628, 630, 631, 633, 636, 638, 640, 642, 645, 659, 660, 661, 664, 665, 666, 670, 671, 672, 675, 677, 678, 680, 683, 694, 708, 709, 710, 713, 714, 715, 719, 720, 723, 725, 726, 728, 731, 744, 747, 750, 751, 752], "summary": {"covered_lines": 256, "num_statements": 316, "percent_covered": 80.41237113402062, "percent_covered_display": "80", "missing_lines": 60, "excluded_lines": 0, "percent_statements_covered": 81.0126582278481, "percent_statements_covered_display": "81", "num_branches": 72, "num_partial_branches": 12, "covered_branches": 56, "missing_branches": 16, "percent_branches_covered": 77.77777777777777, "percent_branches_covered_display": "78"}, "missing_lines": [241, 291, 292, 293, 294, 295, 296, 321, 351, 352, 353, 354, 355, 356, 381, 429, 430, 431, 432, 433, 434, 464, 465, 466, 467, 468, 469, 510, 512, 514, 533, 553, 555, 557, 576, 596, 598, 600, 619, 639, 641, 643, 662, 685, 686, 687, 688, 689, 690, 691, 692, 711, 733, 734, 735, 736, 737, 738, 739, 740], "excluded_lines": [], "executed_branches": [[73, 74], [73, 75], [75, 76], [75, 78], [85, 87], [85, 95], [92, 93], [92, 95], [144, 145], [144, 161], [165, -163], [165, 166], [194, 195], [194, 196], [214, 215], [214, 217], [224, 225], [224, 227], [264, 265], [264, 267], [320, 323], [331, 332], [331, 334], [380, 383], [400, 401], [400, 403], [407, 408], [407, 423], [487, 488], [487, 492], [489, 490], [489, 492], [498, 499], [498, 501], [530, 531], [532, 535], [541, 542], [541, 544], [573, 574], [575, 578], [584, 585], [584, 587], [616, 617], [618, 621], [627, 628], [627, 630], [659, 660], [661, 664], [670, 671], [670, 677], [708, 709], [710, 713], [719, 720], [719, 725], [750, 751], [750, 752]], "missing_branches": [[320, 321], [380, 381], [530, 535], [532, 533], [573, 578], [575, 576], [616, 621], [618, 619], [659, 664], [661, 662], [688, 689], [688, 690], [708, 713], [710, 711], [736, 737], [736, 738]], "functions": {"CacheEntry.__init__": {"executed_lines": [46, 47], "summary": {"covered_lines": 2, "num_statements": 2, "percent_covered": 100.0, "percent_covered_display": "100", "missing_lines": 0, "excluded_lines": 0, "percent_statements_covered": 100.0, "percent_statements_covered_display": "100", "num_branches": 0, "num_partial_branches": 0, "covered_branches": 0, "missing_branches": 0, "percent_branches_covered": 100.0, "percent_branches_covered_display": "100"}, "missing_lines": [], "excluded_lines": [], "start_line": 45, "executed_branches": [], "missing_branches": []}, "CacheEntry.is_expired": {"executed_lines": [51], "summary": {"covered_lines": 1, "num_statements": 1, "percent_covered": 100.0, "percent_covered_display": "100", "missing_lines": 0, "excluded_lines": 0, "percent_statements_covered": 100.0, "percent_statements_covered_display": "100", "num_branches": 0, "num_partial_branches": 0, "covered_branches": 0, "missing_branches": 0, "percent_branches_covered": 100.0, "percent_branches_covered_display": "100"}, "missing_lines": [], "excluded_lines": [], "start_line": 50, "executed_branches": [], "missing_branches": []}, "ResponseCache.__init__": {"executed_lines": [58, 59, 60, 61], "summary": {"covered_lines": 4, "num_statements": 4, "percent_covered": 100.0, "percent_covered_display": "100", "missing_lines": 0, "excluded_lines": 0, "percent_statements_covered": 100.0, "percent_statements_covered_display": "100", "num_branches": 0, "num_partial_branches": 0, "covered_branches": 0, "missing_branches": 0, "percent_branches_covered": 100.0, "percent_branches_covered_display": "100"}, "missing_lines": [], "excluded_lines": [], "start_line": 57, "executed_branches": [], "missing_branches": []}, "ResponseCache._make_key": {"executed_lines": [65, 66], "summary": {"covered_lines": 2, "num_statements": 2, "percent_covered": 100.0, "percent_covered_display": "100", "missing_lines": 0, "excluded_lines": 0, "percent_statements_covered": 100.0, "percent_statements_covered_display": "100", "num_branches": 0, "num_partial_branches": 0, "covered_branches": 0, "missing_branches": 0, "percent_branches_covered": 100.0, "percent_branches_covered_display": "100"}, "missing_lines": [], "excluded_lines": [], "start_line": 63, "executed_branches": [], "missing_branches": []}, "ResponseCache.get": {"executed_lines": [70, 71, 72, 73, 74, 75, 76, 77, 78], "summary": {"covered_lines": 9, "num_statements": 9, "percent_covered": 100.0, "percent_covered_display": "100", "missing_lines": 0, "excluded_lines": 0, "percent_statements_covered": 100.0, "percent_statements_covered_display": "100", "num_branches": 4, "num_partial_branches": 0, "covered_branches": 4, "missing_branches": 0, "percent_branches_covered": 100.0, "percent_branches_covered_display": "100"}, "missing_lines": [], "excluded_lines": [], "start_line": 68, "executed_branches": [[73, 74], [73, 75], [75, 76], [75, 78]], "missing_branches": []}, "ResponseCache.set": {"executed_lines": [82, 83, 85, 87, 88, 92, 93, 95], "summary": {"covered_lines": 8, "num_statements": 8, "percent_covered": 100.0, "percent_covered_display": "100", "missing_lines": 0, "excluded_lines": 0, "percent_statements_covered": 100.0, "percent_statements_covered_display": "100", "num_branches": 4, "num_partial_branches": 0, "covered_branches": 4, "missing_branches": 0, "percent_branches_covered": 100.0, "percent_branches_covered_display": "100"}, "missing_lines": [], "excluded_lines": [], "start_line": 80, "executed_branches": [[85, 87], [85, 95], [92, 93], [92, 95]], "missing_branches": []}, "ResponseCache.invalidate": {"executed_lines": [99, 100, 101], "summary": {"covered_lines": 3, "num_statements": 3, "percent_covered": 100.0, "percent_covered_display": "100", "missing_lines": 0, "excluded_lines": 0, "percent_statements_covered": 100.0, "percent_statements_covered_display": "100", "num_branches": 0, "num_partial_branches": 0, "covered_branches": 0, "missing_branches": 0, "percent_branches_covered": 100.0, "percent_branches_covered_display": "100"}, "missing_lines": [], "excluded_lines": [], "start_line": 97, "executed_branches": [], "missing_branches": []}, "ResponseCache.clear": {"executed_lines": [105, 106], "summary": {"covered_lines": 2, "num_statements": 2, "percent_covered": 100.0, "percent_covered_display": "100", "missing_lines": 0, "excluded_lines": 0, "percent_statements_covered": 100.0, "percent_statements_covered_display": "100", "num_branches": 0, "num_partial_branches": 0, "covered_branches": 0, "missing_branches": 0, "percent_branches_covered": 100.0, "percent_branches_covered_display": "100"}, "missing_lines": [], "excluded_lines": [], "start_line": 103, "executed_branches": [], "missing_branches": []}, "APIClient.__init__": {"executed_lines": [138, 139, 140], "summary": {"covered_lines": 3, "num_statements": 3, "percent_covered": 100.0, "percent_covered_display": "100", "missing_lines": 0, "excluded_lines": 0, "percent_statements_covered": 100.0, "percent_statements_covered_display": "100", "num_branches": 0, "num_partial_branches": 0, "covered_branches": 0, "missing_branches": 0, "percent_branches_covered": 100.0, "percent_branches_covered_display": "100"}, "missing_lines": [], "excluded_lines": [], "start_line": 131, "executed_branches": [], "missing_branches": []}, "APIClient._get_client": {"executed_lines": [144, 145, 161], "summary": {"covered_lines": 3, "num_statements": 3, "percent_covered": 100.0, "percent_covered_display": "100", "missing_lines": 0, "excluded_lines": 0, "percent_statements_covered": 100.0, "percent_statements_covered_display": "100", "num_branches": 2, "num_partial_branches": 0, "covered_branches": 2, "missing_branches": 0, "percent_branches_covered": 100.0, "percent_branches_covered_display": "100"}, "missing_lines": [], "excluded_lines": [], "start_line": 142, "executed_branches": [[144, 145], [144, 161]], "missing_branches": []}, "APIClient.close": {"executed_lines": [165, 166, 167], "summary": {"covered_lines": 3, "num_statements": 3, "percent_covered": 100.0, "percent_covered_display": "100", "missing_lines": 0, "excluded_lines": 0, "percent_statements_covered": 100.0, "percent_statements_covered_display": "100", "num_branches": 2, "num_partial_branches": 0, "covered_branches": 2, "missing_branches": 0, "percent_branches_covered": 100.0, "percent_branches_covered_display": "100"}, "missing_lines": [], "excluded_lines": [], "start_line": 163, "executed_branches": [[165, -163], [165, 166]], "missing_branches": []}, "APIClient.clear_cache": {"executed_lines": [171], "summary": {"covered_lines": 1, "num_statements": 1, "percent_covered": 100.0, "percent_covered_display": "100", "missing_lines": 0, "excluded_lines": 0, "percent_statements_covered": 100.0, "percent_statements_covered_display": "100", "num_branches": 0, "num_partial_branches": 0, "covered_branches": 0, "missing_branches": 0, "percent_branches_covered": 100.0, "percent_branches_covered_display": "100"}, "missing_lines": [], "excluded_lines": [], "start_line": 169, "executed_branches": [], "missing_branches": []}, "APIClient.health_check": {"executed_lines": [180, 181, 182, 183, 184, 185], "summary": {"covered_lines": 6, "num_statements": 6, "percent_covered": 100.0, "percent_covered_display": "100", "missing_lines": 0, "excluded_lines": 0, "percent_statements_covered": 100.0, "percent_statements_covered_display": "100", "num_branches": 0, "num_partial_branches": 0, "covered_branches": 0, "missing_branches": 0, "percent_branches_covered": 100.0, "percent_branches_covered_display": "100"}, "missing_lines": [], "excluded_lines": [], "start_line": 173, "executed_branches": [], "missing_branches": []}, "APIClient.is_online": {"executed_lines": [194, 195, 196], "summary": {"covered_lines": 3, "num_statements": 3, "percent_covered": 100.0, "percent_covered_display": "100", "missing_lines": 0, "excluded_lines": 0, "percent_statements_covered": 100.0, "percent_statements_covered_display": "100", "num_branches": 2, "num_partial_branches": 0, "covered_branches": 2, "missing_branches": 0, "percent_branches_covered": 100.0, "percent_branches_covered_display": "100"}, "missing_lines": [], "excluded_lines": [], "start_line": 187, "executed_branches": [[194, 195], [194, 196]], "missing_branches": []}, "APIClient.resolve_url": {"executed_lines": [213, 214, 215, 217, 218, 219, 224, 225, 227, 228, 230, 233, 234, 236, 237, 238, 239, 240], "summary": {"covered_lines": 18, "num_statements": 19, "percent_covered": 95.65217391304348, "percent_covered_display": "96", "missing_lines": 1, "excluded_lines": 0, "percent_statements_covered": 94.73684210526316, "percent_statements_covered_display": "95", "num_branches": 4, "num_partial_branches": 0, "covered_branches": 4, "missing_branches": 0, "percent_branches_covered": 100.0, "percent_branches_covered_display": "100"}, "missing_lines": [241], "excluded_lines": [], "start_line": 198, "executed_branches": [[214, 215], [214, 217], [224, 225], [224, 227]], "missing_branches": []}, "APIClient.search": {"executed_lines": [263, 264, 265, 267, 268, 269, 279, 280, 282, 285, 289], "summary": {"covered_lines": 11, "num_statements": 17, "percent_covered": 68.42105263157895, "percent_covered_display": "68", "missing_lines": 6, "excluded_lines": 0, "percent_statements_covered": 64.70588235294117, "percent_statements_covered_display": "65", "num_branches": 2, "num_partial_branches": 0, "covered_branches": 2, "missing_branches": 0, "percent_branches_covered": 100.0, "percent_branches_covered_display": "100"}, "missing_lines": [291, 292, 293, 294, 295, 296], "excluded_lines": [], "start_line": 243, "executed_branches": [[264, 265], [264, 267]], "missing_branches": []}, "APIClient.universal_search": {"executed_lines": [318, 319, 320, 323, 324, 326, 331, 332, 334, 339, 340, 342, 345, 349], "summary": {"covered_lines": 14, "num_statements": 21, "percent_covered": 68.0, "percent_covered_display": "68", "missing_lines": 7, "excluded_lines": 0, "percent_statements_covered": 66.66666666666667, "percent_statements_covered_display": "67", "num_branches": 4, "num_partial_branches": 1, "covered_branches": 3, "missing_branches": 1, "percent_branches_covered": 75.0, "percent_branches_covered_display": "75"}, "missing_lines": [321, 351, 352, 353, 354, 355, 356], "excluded_lines": [], "start_line": 298, "executed_branches": [[320, 323], [331, 332], [331, 334]], "missing_branches": [[320, 321]]}, "APIClient.find_matches": {"executed_lines": [376, 379, 380, 383, 384, 386, 391, 400, 401, 403, 404, 406, 407, 408, 420, 423, 427], "summary": {"covered_lines": 17, "num_statements": 24, "percent_covered": 73.33333333333333, "percent_covered_display": "73", "missing_lines": 7, "excluded_lines": 0, "percent_statements_covered": 70.83333333333333, "percent_statements_covered_display": "71", "num_branches": 6, "num_partial_branches": 1, "covered_branches": 5, "missing_branches": 1, "percent_branches_covered": 83.33333333333333, "percent_branches_covered_display": "83"}, "missing_lines": [381, 429, 430, 431, 432, 433, 434], "excluded_lines": [], "start_line": 358, "executed_branches": [[380, 383], [400, 401], [400, 403], [407, 408], [407, 423]], "missing_branches": [[380, 381]]}, "APIClient.submit_match": {"executed_lines": [451, 452, 453, 461, 462], "summary": {"covered_lines": 5, "num_statements": 11, "percent_covered": 45.45454545454545, "percent_covered_display": "45", "missing_lines": 6, "excluded_lines": 0, "percent_statements_covered": 45.45454545454545, "percent_statements_covered_display": "45", "num_branches": 0, "num_partial_branches": 0, "covered_branches": 0, "missing_branches": 0, "percent_branches_covered": 100.0, "percent_branches_covered_display": "100"}, "missing_lines": [464, 465, 466, 467, 468, 469], "excluded_lines": [], "start_line": 436, "executed_branches": [], "missing_branches": []}, "APIClient.get_track": {"executed_lines": [487, 488, 489, 490, 492, 493, 494, 498, 499, 501, 502, 504, 507, 509, 511, 513], "summary": {"covered_lines": 16, "num_statements": 19, "percent_covered": 88.0, "percent_covered_display": "88", "missing_lines": 3, "excluded_lines": 0, "percent_statements_covered": 84.21052631578948, "percent_statements_covered_display": "84", "num_branches": 6, "num_partial_branches": 0, "covered_branches": 6, "missing_branches": 0, "percent_branches_covered": 100.0, "percent_branches_covered_display": "100"}, "missing_lines": [510, 512, 514], "excluded_lines": [], "start_line": 473, "executed_branches": [[487, 488], [487, 492], [489, 490], [489, 492], [498, 499], [498, 501]], "missing_branches": []}, "APIClient.get_album": {"executed_lines": [530, 531, 532, 535, 536, 537, 541, 542, 544, 545, 547, 550, 552, 554, 556], "summary": {"covered_lines": 15, "num_statements": 19, "percent_covered": 76.0, "percent_covered_display": "76", "missing_lines": 4, "excluded_lines": 0, "percent_statements_covered": 78.94736842105263, "percent_statements_covered_display": "79", "num_branches": 6, "num_partial_branches": 2, "covered_branches": 4, "missing_branches": 2, "percent_branches_covered": 66.66666666666667, "percent_branches_covered_display": "67"}, "missing_lines": [533, 553, 555, 557], "excluded_lines": [], "start_line": 516, "executed_branches": [[530, 531], [532, 535], [541, 542], [541, 544]], "missing_branches": [[530, 535], [532, 533]]}, "APIClient.get_artist": {"executed_lines": [573, 574, 575, 578, 579, 580, 584, 585, 587, 588, 590, 593, 595, 597, 599], "summary": {"covered_lines": 15, "num_statements": 19, "percent_covered": 76.0, "percent_covered_display": "76", "missing_lines": 4, "excluded_lines": 0, "percent_statements_covered": 78.94736842105263, "percent_statements_covered_display": "79", "num_branches": 6, "num_partial_branches": 2, "covered_branches": 4, "missing_branches": 2, "percent_branches_covered": 66.66666666666667, "percent_branches_covered_display": "67"}, "missing_lines": [576, 596, 598, 600], "excluded_lines": [], "start_line": 559, "executed_branches": [[573, 574], [575, 578], [584, 585], [584, 587]], "missing_branches": [[573, 578], [575, 576]]}, "APIClient.get_playlist": {"executed_lines": [616, 617, 618, 621, 622, 623, 627, 628, 630, 631, 633, 636, 638, 640, 642], "summary": {"covered_lines": 15, "num_statements": 19, "percent_covered": 76.0, "percent_covered_display": "76", "missing_lines": 4, "excluded_lines": 0, "percent_statements_covered": 78.94736842105263, "percent_statements_covered_display": "79", "num_branches": 6, "num_partial_branches": 2, "covered_branches": 4, "missing_branches": 2, "percent_branches_covered": 66.66666666666667, "percent_branches_covered_display": "67"}, "missing_lines": [619, 639, 641, 643], "excluded_lines": [], "start_line": 602, "executed_branches": [[616, 617], [618, 621], [627, 628], [627, 630]], "missing_branches": [[616, 621], [618, 619]]}, "APIClient.get_lyrics": {"executed_lines": [659, 660, 661, 664, 665, 666, 670, 671, 672, 675, 677, 678, 680, 683], "summary": {"covered_lines": 14, "num_statements": 23, "percent_covered": 58.064516129032256, "percent_covered_display": "58", "missing_lines": 9, "excluded_lines": 0, "percent_statements_covered": 60.869565217391305, "percent_statements_covered_display": "61", "num_branches": 8, "num_partial_branches": 2, "covered_branches": 4, "missing_branches": 4, "percent_branches_covered": 50.0, "percent_branches_covered_display": "50"}, "missing_lines": [662, 685, 686, 687, 688, 689, 690, 691, 692], "excluded_lines": [], "start_line": 645, "executed_branches": [[659, 660], [661, 664], [670, 671], [670, 677]], "missing_branches": [[659, 664], [661, 662], [688, 689], [688, 690]]}, "APIClient.get_audio_features": {"executed_lines": [708, 709, 710, 713, 714, 715, 719, 720, 723, 725, 726, 728, 731], "summary": {"covered_lines": 13, "num_statements": 22, "percent_covered": 56.666666666666664, "percent_covered_display": "57", "missing_lines": 9, "excluded_lines": 0, "percent_statements_covered": 59.09090909090909, "percent_statements_covered_display": "59", "num_branches": 8, "num_partial_branches": 2, "covered_branches": 4, "missing_branches": 4, "percent_branches_covered": 50.0, "percent_branches_covered_display": "50"}, "missing_lines": [711, 733, 734, 735, 736, 737, 738, 739, 740], "excluded_lines": [], "start_line": 694, "executed_branches": [[708, 709], [710, 713], [719, 720], [719, 725]], "missing_branches": [[708, 713], [710, 711], [736, 737], [736, 738]]}, "get_api_client": {"executed_lines": [750, 751, 752], "summary": {"covered_lines": 3, "num_statements": 3, "percent_covered": 100.0, "percent_covered_display": "100", "missing_lines": 0, "excluded_lines": 0, "percent_statements_covered": 100.0, "percent_statements_covered_display": "100", "num_branches": 2, "num_partial_branches": 0, "covered_branches": 2, "missing_branches": 0, "percent_branches_covered": 100.0, "percent_branches_covered_display": "100"}, "missing_lines": [], "excluded_lines": [], "start_line": 747, "executed_branches": [[750, 751], [750, 752]], "missing_branches": []}, "": {"executed_lines": [3, 5, 6, 7, 8, 9, 11, 13, 14, 23, 25, 28, 32, 36, 40, 43, 45, 49, 50, 54, 57, 63, 68, 80, 97, 103, 109, 126, 127, 128, 129, 131, 142, 163, 169, 173, 187, 198, 243, 298, 358, 436, 473, 516, 559, 602, 645, 694, 744, 747], "summary": {"covered_lines": 50, "num_statements": 50, "percent_covered": 100.0, "percent_covered_display": "100", "missing_lines": 0, "excluded_lines": 0, "percent_statements_covered": 100.0, "percent_statements_covered_display": "100", "num_branches": 0, "num_partial_branches": 0, "covered_branches": 0, "missing_branches": 0, "percent_branches_covered": 100.0, "percent_branches_covered_display": "100"}, "missing_lines": [], "excluded_lines": [], "start_line": 1, "executed_branches": [], "missing_branches": []}}, "classes": {"APIError": {"executed_lines": [], "summary": {"covered_lines": 0, "num_statements": 0, "percent_covered": 100.0, "percent_covered_display": "100", "missing_lines": 0, "excluded_lines": 0, "percent_statements_covered": 100.0, "percent_statements_covered_display": "100", "num_branches": 0, "num_partial_branches": 0, "covered_branches": 0, "missing_branches": 0, "percent_branches_covered": 100.0, "percent_branches_covered_display": "100"}, "missing_lines": [], "excluded_lines": [], "start_line": 28, "executed_branches": [], "missing_branches": []}, "ConnectionError": {"executed_lines": [], "summary": {"covered_lines": 0, "num_statements": 0, "percent_covered": 100.0, "percent_covered_display": "100", "missing_lines": 0, "excluded_lines": 0, "percent_statements_covered": 100.0, "percent_statements_covered_display": "100", "num_branches": 0, "num_partial_branches": 0, "covered_branches": 0, "missing_branches": 0, "percent_branches_covered": 100.0, "percent_branches_covered_display": "100"}, "missing_lines": [], "excluded_lines": [], "start_line": 32, "executed_branches": [], "missing_branches": []}, "NotFoundError": {"executed_lines": [], "summary": {"covered_lines": 0, "num_statements": 0, "percent_covered": 100.0, "percent_covered_display": "100", "missing_lines": 0, "excluded_lines": 0, "percent_statements_covered": 100.0, "percent_statements_covered_display": "100", "num_branches": 0, "num_partial_branches": 0, "covered_branches": 0, "missing_branches": 0, "percent_branches_covered": 100.0, "percent_branches_covered_display": "100"}, "missing_lines": [], "excluded_lines": [], "start_line": 36, "executed_branches": [], "missing_branches": []}, "CacheEntry": {"executed_lines": [46, 47, 51], "summary": {"covered_lines": 3, "num_statements": 3, "percent_covered": 100.0, "percent_covered_display": "100", "missing_lines": 0, "excluded_lines": 0, "percent_statements_covered": 100.0, "percent_statements_covered_display": "100", "num_branches": 0, "num_partial_branches": 0, "covered_branches": 0, "missing_branches": 0, "percent_branches_covered": 100.0, "percent_branches_covered_display": "100"}, "missing_lines": [], "excluded_lines": [], "start_line": 40, "executed_branches": [], "missing_branches": []}, "ResponseCache": {"executed_lines": [58, 59, 60, 61, 65, 66, 70, 71, 72, 73, 74, 75, 76, 77, 78, 82, 83, 85, 87, 88, 92, 93, 95, 99, 100, 101, 105, 106], "summary": {"covered_lines": 28, "num_statements": 28, "percent_covered": 100.0, "percent_covered_display": "100", "missing_lines": 0, "excluded_lines": 0, "percent_statements_covered": 100.0, "percent_statements_covered_display": "100", "num_branches": 8, "num_partial_branches": 0, "covered_branches": 8, "missing_branches": 0, "percent_branches_covered": 100.0, "percent_branches_covered_display": "100"}, "missing_lines": [], "excluded_lines": [], "start_line": 54, "executed_branches": [[73, 74], [73, 75], [75, 76], [75, 78], [85, 87], [85, 95], [92, 93], [92, 95]], "missing_branches": []}, "APIClient": {"executed_lines": [138, 139, 140, 144, 145, 161, 165, 166, 167, 171, 180, 181, 182, 183, 184, 185, 194, 195, 196, 213, 214, 215, 217, 218, 219, 224, 225, 227, 228, 230, 233, 234, 236, 237, 238, 239, 240, 263, 264, 265, 267, 268, 269, 279, 280, 282, 285, 289, 318, 319, 320, 323, 324, 326, 331, 332, 334, 339, 340, 342, 345, 349, 376, 379, 380, 383, 384, 386, 391, 400, 401, 403, 404, 406, 407, 408, 420, 423, 427, 451, 452, 453, 461, 462, 487, 488, 489, 490, 492, 493, 494, 498, 499, 501, 502, 504, 507, 509, 511, 513, 530, 531, 532, 535, 536, 537, 541, 542, 544, 545, 547, 550, 552, 554, 556, 573, 574, 575, 578, 579, 580, 584, 585, 587, 588, 590, 593, 595, 597, 599, 616, 617, 618, 621, 622, 623, 627, 628, 630, 631, 633, 636, 638, 640, 642, 659, 660, 661, 664, 665, 666, 670, 671, 672, 675, 677, 678, 680, 683, 708, 709, 710, 713, 714, 715, 719, 720, 723, 725, 726, 728, 731], "summary": {"covered_lines": 172, "num_statements": 232, "percent_covered": 74.14965986394557, "percent_covered_display": "74", "missing_lines": 60, "excluded_lines": 0, "percent_statements_covered": 74.13793103448276, "percent_statements_covered_display": "74", "num_branches": 62, "num_partial_branches": 12, "covered_branches": 46, "missing_branches": 16, "percent_branches_covered": 74.19354838709677, "percent_branches_covered_display": "74"}, "missing_lines": [241, 291, 292, 293, 294, 295, 296, 321, 351, 352, 353, 354, 355, 356, 381, 429, 430, 431, 432, 433, 434, 464, 465, 466, 467, 468, 469, 510, 512, 514, 533, 553, 555, 557, 576, 596, 598, 600, 619, 639, 641, 643, 662, 685, 686, 687, 688, 689, 690, 691, 692, 711, 733, 734, 735, 736, 737, 738, 739, 740], "excluded_lines": [], "start_line": 109, "executed_branches": [[144, 145], [144, 161], [165, -163], [165, 166], [194, 195], [194, 196], [214, 215], [214, 217], [224, 225], [224, 227], [264, 265], [264, 267], [320, 323], [331, 332], [331, 334], [380, 383], [400, 401], [400, 403], [407, 408], [407, 423], [487, 488], [487, 492], [489, 490], [489, 492], [498, 499], [498, 501], [530, 531], [532, 535], [541, 542], [541, 544], [573, 574], [575, 578], [584, 585], [584, 587], [616, 617], [618, 621], [627, 628], [627, 630], [659, 660], [661, 664], [670, 671], [670, 677], [708, 709], [710, 713], [719, 720], [719, 725]], "missing_branches": [[320, 321], [380, 381], [530, 535], [532, 533], [573, 578], [575, 576], [616, 621], [618, 619], [659, 664], [661, 662], [688, 689], [688, 690], [708, 713], [710, 711], [736, 737], [736, 738]]}, "": {"executed_lines": [3, 5, 6, 7, 8, 9, 11, 13, 14, 23, 25, 28, 32, 36, 40, 43, 45, 49, 50, 54, 57, 63, 68, 80, 97, 103, 109, 126, 127, 128, 129, 131, 142, 163, 169, 173, 187, 198, 243, 298, 358, 436, 473, 516, 559, 602, 645, 694, 744, 747, 750, 751, 752], "summary": {"covered_lines": 53, "num_statements": 53, "percent_covered": 100.0, "percent_covered_display": "100", "missing_lines": 0, "excluded_lines": 0, "percent_statements_covered": 100.0, "percent_statements_covered_display": "100", "num_branches": 2, "num_partial_branches": 0, "covered_branches": 2, "missing_branches": 0, "percent_branches_covered": 100.0, "percent_branches_covered_display": "100"}, "missing_lines": [], "excluded_lines": [], "start_line": 1, "executed_branches": [[750, 751], [750, 752]], "missing_branches": []}}}, "src/spotdl_cli/core/archive.py": {"executed_lines": [3, 5], "summary": {"covered_lines": 2, "num_statements": 2, "percent_covered": 100.0, "percent_covered_display": "100", "missing_lines": 0, "excluded_lines": 0, "percent_statements_covered": 100.0, "percent_statements_covered_display": "100", "num_branches": 0, "num_partial_branches": 0, "covered_branches": 0, "missing_branches": 0, "percent_branches_covered": 100.0, "percent_branches_covered_display": "100"}, "missing_lines": [], "excluded_lines": [], "executed_branches": [], "missing_branches": [], "functions": {"": {"executed_lines": [3, 5], "summary": {"covered_lines": 2, "num_statements": 2, "percent_covered": 100.0, "percent_covered_display": "100", "missing_lines": 0, "excluded_lines": 0, "percent_statements_covered": 100.0, "percent_statements_covered_display": "100", "num_branches": 0, "num_partial_branches": 0, "covered_branches": 0, "missing_branches": 0, "percent_branches_covered": 100.0, "percent_branches_covered_display": "100"}, "missing_lines": [], "excluded_lines": [], "start_line": 1, "executed_branches": [], "missing_branches": []}}, "classes": {"": {"executed_lines": [3, 5], "summary": {"covered_lines": 2, "num_statements": 2, "percent_covered": 100.0, "percent_covered_display": "100", "missing_lines": 0, "excluded_lines": 0, "percent_statements_covered": 100.0, "percent_statements_covered_display": "100", "num_branches": 0, "num_partial_branches": 0, "covered_branches": 0, "missing_branches": 0, "percent_branches_covered": 100.0, "percent_branches_covered_display": "100"}, "missing_lines": [], "excluded_lines": [], "start_line": 1, "executed_branches": [], "missing_branches": []}}}, "src/spotdl_cli/core/downloader.py": {"executed_lines": [3, 5, 6, 7, 8, 9, 10, 11, 14, 16, 26, 27, 28, 35, 38, 41, 43, 68, 70, 97, 105, 110, 111, 112, 113, 114, 115, 118, 119, 120, 123, 124, 125, 127, 129, 130, 133, 134, 135, 136, 137, 138, 139, 140, 142, 143, 145, 147, 149, 151, 153, 155, 156, 157, 158, 159, 160, 161, 162, 163, 164, 165, 166, 167, 169, 171, 173, 174, 176, 178, 179, 181, 182, 184, 193, 194, 195, 199, 202, 203, 204, 205, 206, 209, 210, 211, 212, 213, 215, 216, 219, 220, 221, 222, 223, 224, 225, 226, 228, 229, 230, 231, 232, 233, 238, 239, 240, 242, 247, 248, 249, 254, 255, 257, 260, 261, 264, 265, 271, 274, 276, 277, 279, 281, 282, 283, 284, 286, 287, 289, 290, 291, 293, 294, 295, 296, 298, 301, 302, 306, 308, 310, 311, 313, 314, 315, 316, 317, 318, 319], "summary": {"covered_lines": 150, "num_statements": 158, "percent_covered": 92.24137931034483, "percent_covered_display": "92", "missing_lines": 8, "excluded_lines": 0, "percent_statements_covered": 94.9367088607595, "percent_statements_covered_display": "95", "num_branches": 74, "num_partial_branches": 10, "covered_branches": 64, "missing_branches": 10, "percent_branches_covered": 86.48648648648648, "percent_branches_covered_display": "86"}, "missing_lines": [131, 250, 251, 299, 320, 321, 322, 323], "excluded_lines": [], "executed_branches": [[119, 120], [119, 123], [124, -105], [124, 125], [130, 133], [133, 134], [133, 142], [134, 133], [134, 135], [137, 138], [142, -127], [142, 143], [156, 157], [156, 167], [157, 158], [157, 160], [160, 161], [160, 163], [163, 164], [163, 166], [173, 174], [173, 176], [178, 179], [178, 181], [181, -169], [181, 182], [193, 194], [193, 202], [194, 195], [202, 203], [202, 209], [204, 205], [209, 210], [209, 215], [211, 212], [222, 223], [222, 228], [224, 225], [229, 230], [231, 232], [231, 233], [239, 240], [239, 242], [247, 248], [247, 254], [254, 255], [254, 257], [260, 261], [260, 264], [264, 265], [264, 271], [276, 277], [276, 279], [286, 287], [286, 289], [289, 290], [289, 291], [298, 301], [301, 302], [310, 311], [310, 313], [313, -308], [313, 314], [319, -308]], "missing_branches": [[130, 131], [137, 134], [194, 199], [204, 206], [211, 213], [224, 226], [229, -228], [298, 299], [301, 306], [319, 320]], "functions": {"_settings_to_download_settings": {"executed_lines": [43], "summary": {"covered_lines": 1, "num_statements": 1, "percent_covered": 100.0, "percent_covered_display": "100", "missing_lines": 0, "excluded_lines": 0, "percent_statements_covered": 100.0, "percent_statements_covered_display": "100", "num_branches": 0, "num_partial_branches": 0, "covered_branches": 0, "missing_branches": 0, "percent_branches_covered": 100.0, "percent_branches_covered_display": "100"}, "missing_lines": [], "excluded_lines": [], "start_line": 41, "executed_branches": [], "missing_branches": []}, "_song_to_meta": {"executed_lines": [70], "summary": {"covered_lines": 1, "num_statements": 1, "percent_covered": 100.0, "percent_covered_display": "100", "missing_lines": 0, "excluded_lines": 0, "percent_statements_covered": 100.0, "percent_statements_covered_display": "100", "num_branches": 0, "num_partial_branches": 0, "covered_branches": 0, "missing_branches": 0, "percent_branches_covered": 100.0, "percent_branches_covered_display": "100"}, "missing_lines": [], "excluded_lines": [], "start_line": 68, "executed_branches": [], "missing_branches": []}, "DownloadManager.__init__": {"executed_lines": [110, 111, 112, 113, 114, 115, 118, 119, 120, 123, 124, 125], "summary": {"covered_lines": 12, "num_statements": 12, "percent_covered": 100.0, "percent_covered_display": "100", "missing_lines": 0, "excluded_lines": 0, "percent_statements_covered": 100.0, "percent_statements_covered_display": "100", "num_branches": 4, "num_partial_branches": 0, "covered_branches": 4, "missing_branches": 0, "percent_branches_covered": 100.0, "percent_branches_covered_display": "100"}, "missing_lines": [], "excluded_lines": [], "start_line": 105, "executed_branches": [[119, 120], [119, 123], [124, -105], [124, 125]], "missing_branches": []}, "DownloadManager._scan_existing_songs": {"executed_lines": [129, 130, 133, 134, 135, 136, 137, 138, 139, 140, 142, 143], "summary": {"covered_lines": 12, "num_statements": 13, "percent_covered": 86.95652173913044, "percent_covered_display": "87", "missing_lines": 1, "excluded_lines": 0, "percent_statements_covered": 92.3076923076923, "percent_statements_covered_display": "92", "num_branches": 10, "num_partial_branches": 2, "covered_branches": 8, "missing_branches": 2, "percent_branches_covered": 80.0, "percent_branches_covered_display": "80"}, "missing_lines": [131], "excluded_lines": [], "start_line": 127, "executed_branches": [[130, 133], [133, 134], [133, 142], [134, 133], [134, 135], [137, 138], [142, -127], [142, 143]], "missing_branches": [[130, 131], [137, 134]]}, "DownloadManager.is_song_archived": {"executed_lines": [147], "summary": {"covered_lines": 1, "num_statements": 1, "percent_covered": 100.0, "percent_covered_display": "100", "missing_lines": 0, "excluded_lines": 0, "percent_statements_covered": 100.0, "percent_statements_covered_display": "100", "num_branches": 0, "num_partial_branches": 0, "covered_branches": 0, "missing_branches": 0, "percent_branches_covered": 100.0, "percent_branches_covered_display": "100"}, "missing_lines": [], "excluded_lines": [], "start_line": 145, "executed_branches": [], "missing_branches": []}, "DownloadManager.is_song_known": {"executed_lines": [151], "summary": {"covered_lines": 1, "num_statements": 1, "percent_covered": 100.0, "percent_covered_display": "100", "missing_lines": 0, "excluded_lines": 0, "percent_statements_covered": 100.0, "percent_statements_covered_display": "100", "num_branches": 0, "num_partial_branches": 0, "covered_branches": 0, "missing_branches": 0, "percent_branches_covered": 100.0, "percent_branches_covered_display": "100"}, "missing_lines": [], "excluded_lines": [], "start_line": 149, "executed_branches": [], "missing_branches": []}, "DownloadManager.filter_songs": {"executed_lines": [155, 156, 157, 158, 159, 160, 161, 162, 163, 164, 165, 166, 167], "summary": {"covered_lines": 13, "num_statements": 13, "percent_covered": 100.0, "percent_covered_display": "100", "missing_lines": 0, "excluded_lines": 0, "percent_statements_covered": 100.0, "percent_statements_covered_display": "100", "num_branches": 8, "num_partial_branches": 0, "covered_branches": 8, "missing_branches": 0, "percent_branches_covered": 100.0, "percent_branches_covered_display": "100"}, "missing_lines": [], "excluded_lines": [], "start_line": 153, "executed_branches": [[156, 157], [156, 167], [157, 158], [157, 160], [160, 161], [160, 163], [163, 164], [163, 166]], "missing_branches": []}, "DownloadManager.close": {"executed_lines": [171, 173, 174, 176, 178, 179, 181, 182], "summary": {"covered_lines": 8, "num_statements": 8, "percent_covered": 100.0, "percent_covered_display": "100", "missing_lines": 0, "excluded_lines": 0, "percent_statements_covered": 100.0, "percent_statements_covered_display": "100", "num_branches": 6, "num_partial_branches": 0, "covered_branches": 6, "missing_branches": 0, "percent_branches_covered": 100.0, "percent_branches_covered_display": "100"}, "missing_lines": [], "excluded_lines": [], "start_line": 169, "executed_branches": [[173, 174], [173, 176], [178, 179], [178, 181], [181, -169], [181, 182]], "missing_branches": []}, "DownloadManager.download_item": {"executed_lines": [193, 194, 195, 199, 202, 203, 204, 205, 206, 209, 210, 211, 212, 213, 215, 216, 219, 220, 221, 222, 223, 224, 225, 226, 228, 238, 239, 240, 242, 247, 248, 249, 254, 255, 257, 260, 261, 264, 265, 271, 274, 276, 277, 279, 281, 282, 283, 284, 286, 287, 289, 290, 291, 293, 294, 295, 296, 298, 301, 302, 306], "summary": {"covered_lines": 61, "num_statements": 64, "percent_covered": 91.0, "percent_covered_display": "91", "missing_lines": 3, "excluded_lines": 0, "percent_statements_covered": 95.3125, "percent_statements_covered_display": "95", "num_branches": 36, "num_partial_branches": 6, "covered_branches": 30, "missing_branches": 6, "percent_branches_covered": 83.33333333333333, "percent_branches_covered_display": "83"}, "missing_lines": [250, 251, 299], "excluded_lines": [], "start_line": 184, "executed_branches": [[193, 194], [193, 202], [194, 195], [202, 203], [202, 209], [204, 205], [209, 210], [209, 215], [211, 212], [222, 223], [222, 228], [224, 225], [239, 240], [239, 242], [247, 248], [247, 254], [254, 255], [254, 257], [260, 261], [260, 264], [264, 265], [264, 271], [276, 277], [276, 279], [286, 287], [286, 289], [289, 290], [289, 291], [298, 301], [301, 302]], "missing_branches": [[194, 199], [204, 206], [211, 213], [224, 226], [298, 299], [301, 306]]}, "DownloadManager.download_item.progress_callback": {"executed_lines": [229, 230, 231, 232, 233], "summary": {"covered_lines": 5, "num_statements": 5, "percent_covered": 88.88888888888889, "percent_covered_display": "89", "missing_lines": 0, "excluded_lines": 0, "percent_statements_covered": 100.0, "percent_statements_covered_display": "100", "num_branches": 4, "num_partial_branches": 1, "covered_branches": 3, "missing_branches": 1, "percent_branches_covered": 75.0, "percent_branches_covered_display": "75"}, "missing_lines": [], "excluded_lines": [], "start_line": 228, "executed_branches": [[229, 230], [231, 232], [231, 233]], "missing_branches": [[229, -228]]}, "DownloadManager._log_error": {"executed_lines": [310, 311, 313, 314, 315, 316, 317, 318, 319], "summary": {"covered_lines": 9, "num_statements": 13, "percent_covered": 73.6842105263158, "percent_covered_display": "74", "missing_lines": 4, "excluded_lines": 0, "percent_statements_covered": 69.23076923076923, "percent_statements_covered_display": "69", "num_branches": 6, "num_partial_branches": 1, "covered_branches": 5, "missing_branches": 1, "percent_branches_covered": 83.33333333333333, "percent_branches_covered_display": "83"}, "missing_lines": [320, 321, 322, 323], "excluded_lines": [], "start_line": 308, "executed_branches": [[310, 311], [310, 313], [313, -308], [313, 314], [319, -308]], "missing_branches": [[319, 320]]}, "": {"executed_lines": [3, 5, 6, 7, 8, 9, 10, 11, 14, 16, 26, 27, 28, 35, 38, 41, 68, 97, 105, 127, 145, 149, 153, 169, 184, 308], "summary": {"covered_lines": 26, "num_statements": 26, "percent_covered": 100.0, "percent_covered_display": "100", "missing_lines": 0, "excluded_lines": 0, "percent_statements_covered": 100.0, "percent_statements_covered_display": "100", "num_branches": 0, "num_partial_branches": 0, "covered_branches": 0, "missing_branches": 0, "percent_branches_covered": 100.0, "percent_branches_covered_display": "100"}, "missing_lines": [], "excluded_lines": [], "start_line": 1, "executed_branches": [], "missing_branches": []}}, "classes": {"DownloadManager": {"executed_lines": [110, 111, 112, 113, 114, 115, 118, 119, 120, 123, 124, 125, 129, 130, 133, 134, 135, 136, 137, 138, 139, 140, 142, 143, 147, 151, 155, 156, 157, 158, 159, 160, 161, 162, 163, 164, 165, 166, 167, 171, 173, 174, 176, 178, 179, 181, 182, 193, 194, 195, 199, 202, 203, 204, 205, 206, 209, 210, 211, 212, 213, 215, 216, 219, 220, 221, 222, 223, 224, 225, 226, 228, 229, 230, 231, 232, 233, 238, 239, 240, 242, 247, 248, 249, 254, 255, 257, 260, 261, 264, 265, 271, 274, 276, 277, 279, 281, 282, 283, 284, 
[...]
lay": "100", "missing_lines": 0, "excluded_lines": 0, "percent_statements_covered": 100.0, "percent_statements_covered_display": "100", "num_branches": 0, "num_partial_branches": 0, "covered_branches": 0, "missing_branches": 0, "percent_branches_covered": 100.0, "percent_branches_covered_display": "100"}, "missing_lines": [], "excluded_lines": [], "start_line": 97, "executed_branches": [], "missing_branches": []}, "DownloadItem": {"executed_lines": [135, 140, 141, 142, 143, 144], "summary": {"covered_lines": 6, "num_statements": 6, "percent_covered": 100.0, "percent_covered_display": "100", "missing_lines": 0, "excluded_lines": 0, "percent_statements_covered": 100.0, "percent_statements_covered_display": "100", "num_branches": 4, "num_partial_branches": 0, "covered_branches": 4, "missing_branches": 0, "percent_branches_covered": 100.0, "percent_branches_covered_display": "100"}, "missing_lines": [], "excluded_lines": [], "start_line": 111, "executed_branches": [[140, 141], [140, 142], [142, 143], [142, 144]], "missing_branches": []}, "SearchResult": {"executed_lines": [], "summary": {"covered_lines": 0, "num_statements": 0, "percent_covered": 100.0, "percent_covered_display": "100", "missing_lines": 0, "excluded_lines": 0, "percent_statements_covered": 100.0, "percent_statements_covered_display": "100", "num_branches": 0, "num_partial_branches": 0, "covered_branches": 0, "missing_branches": 0, "percent_branches_covered": 100.0, "percent_branches_covered_display": "100"}, "missing_lines": [], "excluded_lines": [], "start_line": 148, "executed_branches": [], "missing_branches": []}, "EntityType": {"executed_lines": [], "summary": {"covered_lines": 0, "num_statements": 0, "percent_covered": 100.0, "percent_covered_display": "100", "missing_lines": 0, "excluded_lines": 0, "percent_statements_covered": 100.0, "percent_statements_covered_display": "100", "num_branches": 0, "num_partial_branches": 0, "covered_branches": 0, "missing_branches": 0, "percent_branches_covered": 100.0, "percent_branches_covered_display": "100"}, "missing_lines": [], "excluded_lines": [], "start_line": 157, "executed_branches": [], "missing_branches": []}, "PlatformInfo": {"executed_lines": [178], "summary": {"covered_lines": 1, "num_statements": 1, "percent_covered": 100.0, "percent_covered_display": "100", "missing_lines": 0, "excluded_lines": 0, "percent_statements_covered": 100.0, "percent_statements_covered_display": "100", "num_branches": 0, "num_partial_branches": 0, "covered_branches": 0, "missing_branches": 0, "percent_branches_covered": 100.0, "percent_branches_covered_display": "100"}, "missing_lines": [], "excluded_lines": [], "start_line": 167, "executed_branches": [], "missing_branches": []}, "EntityResult": {"executed_lines": [201, 204], "summary": {"covered_lines": 2, "num_statements": 6, "percent_covered": 25.0, "percent_covered_display": "25", "missing_lines": 4, "excluded_lines": 0, "percent_statements_covered": 33.333333333333336, "percent_statements_covered_display": "33", "num_branches": 2, "num_partial_branches": 0, "covered_branches": 0, "missing_branches": 2, "percent_branches_covered": 0.0, "percent_branches_covered_display": "0"}, "missing_lines": [217, 222, 223, 224], "excluded_lines": [], "start_line": 187, "executed_branches": [], "missing_branches": [[222, 223], [222, 224]]}, "UniversalSearchResponse": {"executed_lines": [240, 241, 251, 256, 266], "summary": {"covered_lines": 5, "num_statements": 7, "percent_covered": 71.42857142857143, "percent_covered_display": "71", "missing_lines": 2, "excluded_lines": 0, "percent_statements_covered": 71.42857142857143, "percent_statements_covered_display": "71", "num_branches": 0, "num_partial_branches": 0, "covered_branches": 0, "missing_branches": 0, "percent_branches_covered": 100.0, "percent_branches_covered_display": "100"}, "missing_lines": [261, 271], "excluded_lines": [], "start_line": 228, "executed_branches": [], "missing_branches": []}, "": {"executed_lines": [6, 8, 9, 10, 11, 12, 15, 18, 19, 27, 28, 29, 30, 32, 33, 34, 37, 38, 41, 42, 43, 46, 47, 49, 50, 54, 58, 68, 69, 88, 89, 97, 100, 101, 102, 103, 104, 105, 106, 107, 110, 111, 114, 115, 118, 119, 120, 121, 122, 125, 128, 129, 130, 132, 133, 137, 138, 147, 148, 151, 152, 153, 154, 157, 160, 161, 162, 163, 166, 167, 170, 171, 172, 173, 175, 176, 186, 187, 190, 191, 192, 193, 194, 195, 196, 198, 199, 214, 215, 219, 220, 227, 228, 231, 232, 233, 234, 235, 237, 238, 249, 253, 254, 258, 259, 263, 264, 268, 269, 274], "summary": {"covered_lines": 110, "num_statements": 110, "percent_covered": 100.0, "percent_covered_display": "100", "missing_lines": 0, "excluded_lines": 0, "percent_statements_covered": 100.0, "percent_statements_covered_display": "100", "num_branches": 0, "num_partial_branches": 0, "covered_branches": 0, "missing_branches": 0, "percent_branches_covered": 100.0, "percent_branches_covered_display": "100"}, "missing_lines": [], "excluded_lines": [], "start_line": 1, "executed_branches": [], "missing_branches": []}}}, "src/spotdl_cli/theme.py": {"executed_lines": [7, 10, 15, 17, 19, 21, 23, 27, 29, 31, 33, 35, 37, 40, 41, 42, 43, 46, 47, 50, 51, 52, 53, 54, 55, 56, 57, 58, 62, 75, 84, 96, 108, 120, 133, 146, 151, 160, 162, 164, 167, 177], "summary": {"covered_lines": 42, "num_statements": 58, "percent_covered": 65.15151515151516, "percent_covered_display": "65", "missing_lines": 16, "excluded_lines": 0, "percent_statements_covered": 72.41379310344827, "percent_statements_covered_display": "72", "num_branches": 8, "num_partial_branches": 1, "covered_branches": 1, "missing_branches": 7, "percent_branches_covered": 12.5, "percent_branches_covered_display": "12"}, "missing_lines": [105, 117, 129, 148, 153, 154, 155, 156, 157, 163, 169, 170, 171, 172, 173, 174], "excluded_lines": [], "executed_branches": [[162, 164]], "missing_branches": [[153, 154], [153, 155], [155, 156], [155, 157], [162, 163], [169, 170], [169, 173]], "functions": {"get_platform_color": {"executed_lines": [], "summary": {"covered_lines": 0, "num_statements": 1, "percent_covered": 0.0, "percent_covered_display": "0", "missing_lines": 1, "excluded_lines": 0, "percent_statements_covered": 0.0, "percent_statements_covered_display": "0", "num_branches": 0, "num_partial_branches": 0, "covered_branches": 0, "missing_branches": 0, "percent_branches_covered": 100.0, "percent_branches_covered_display": "100"}, "missing_lines": [105], "excluded_lines": [], "start_line": 96, "executed_branches": [], "missing_branches": []}, "get_status_color": {"executed_lines": [], "summary": {"covered_lines": 0, "num_statements": 1, "percent_covered": 0.0, "percent_covered_display": "0", "missing_lines": 1, "excluded_lines": 0, "percent_statements_covered": 0.0, "percent_statements_covered_display": "0", "num_branches": 0, "num_partial_branches": 0, "covered_branches": 0, "missing_branches": 0, "percent_branches_covered": 100.0, "percent_branches_covered_display": "100"}, "missing_lines": [117], "excluded_lines": [], "start_line": 108, "executed_branches": [], "missing_branches": []}, "get_download_status_color": {"executed_lines": [], "summary": {"covered_lines": 0, "num_statements": 1, "percent_covered": 0.0, "percent_covered_display": "0", "missing_lines": 1, "excluded_lines": 0, "percent_statements_covered": 0.0, "percent_statements_covered_display": "0", "num_branches": 0, "num_partial_branches": 0, "covered_branches": 0, "missing_branches": 0, "percent_branches_covered": 100.0, "percent_branches_covered_display": "100"}, "missing_lines": [129], "excluded_lines": [], "start_line": 120, "executed_branches": [], "missing_branches": []}, "get_platform_icon": {"executed_lines": [], "summary": {"covered_lines": 0, "num_statements": 1, "percent_covered": 0.0, "percent_covered_display": "0", "missing_lines": 1, "excluded_lines": 0, "percent_statements_covered": 0.0, "percent_statements_covered_display": "0", "num_branches": 0, "num_partial_branches": 0, "covered_branches": 0, "missing_branches": 0, "percent_branches_covered": 100.0, "percent_branches_covered_display": "100"}, "missing_lines": [148], "excluded_lines": [], "start_line": 146, "executed_branches": [], "missing_branches": []}, "format_number": {"executed_lines": [], "summary": {"covered_lines": 0, "num_statements": 5, "percent_covered": 0.0, "percent_covered_display": "0", "missing_lines": 5, "excluded_lines": 0, "percent_statements_covered": 0.0, "percent_statements_covered_display": "0", "num_branches": 4, "num_partial_branches": 0, "covered_branches": 0, "missing_branches": 4, "percent_branches_covered": 0.0, "percent_branches_covered_display": "0"}, "missing_lines": [153, 154, 155, 156, 157], "excluded_lines": [], "start_line": 151, "executed_branches": [], "missing_branches": [[153, 154], [153, 155], [155, 156], [155, 157]]}, "truncate": {"executed_lines": [162, 164], "summary": {"covered_lines": 2, "num_statements": 3, "percent_covered": 60.0, "percent_covered_display": "60", "missing_lines": 1, "excluded_lines": 0, "percent_statements_covered": 66.66666666666667, "percent_statements_covered_display": "67", "num_branches": 2, "num_partial_branches": 1, "covered_branches": 1, "missing_branches": 1, "percent_branches_covered": 50.0, "percent_branches_covered_display": "50"}, "missing_lines": [163], "excluded_lines": [], "start_line": 160, "executed_branches": [[162, 164]], "missing_branches": [[162, 163]]}, "format_duration": {"executed_lines": [], "summary": {"covered_lines": 0, "num_statements": 6, "percent_covered": 0.0, "percent_covered_display": "0", "missing_lines": 6, "excluded_lines": 0, "percent_statements_covered": 0.0, "percent_statements_covered_display": "0", "num_branches": 2, "num_partial_branches": 0, "covered_branches": 0, "missing_branches": 2, "percent_branches_covered": 0.0, "percent_branches_covered_display": "0"}, "missing_lines": [169, 170, 171, 172, 173, 174], "excluded_lines": [], "start_line": 167, "executed_branches": [], "missing_branches": [[169, 170], [169, 173]]}, "": {"executed_lines": [7, 10, 15, 17, 19, 21, 23, 27, 29, 31, 33, 35, 37, 40, 41, 42, 43, 46, 47, 50, 51, 52, 53, 54, 55, 56, 57, 58, 62, 75, 84, 96, 108, 120, 133, 146, 151, 160, 167, 177], "summary": {"covered_lines": 40, "num_statements": 40, "percent_covered": 100.0, "percent_covered_display": "100", "missing_lines": 0, "excluded_lines": 0, "percent_statements_covered": 100.0, "percent_statements_covered_display": "100", "num_branches": 0, "num_partial_branches": 0, "covered_branches": 0, "missing_branches": 0, "percent_branches_covered": 100.0, "percent_branches_covered_display": "100"}, "missing_lines": [], "excluded_lines": [], "start_line": 1, "executed_branches": [], "missing_branches": []}}, "classes": {"Theme": {"executed_lines": [], "summary": {"covered_lines": 0, "num_statements": 0, "percent_covered": 100.0, "percent_covered_display": "100", "missing_lines": 0, "excluded_lines": 0, "percent_statements_covered": 100.0, "percent_statements_covered_display": "100", "num_branches": 0, "num_partial_branches": 0, "covered_branches": 0, "missing_branches": 0, "percent_branches_covered": 100.0, "percent_branches_covered_display": "100"}, "missing_lines": [], "excluded_lines": [], "start_line": 10, "executed_branches": [], "missing_branches": []}, "": {"executed_lines": [7, 10, 15, 17, 19, 21, 23, 27, 29, 31, 33, 35, 37, 40, 41, 42, 43, 46, 47, 50, 51, 52, 53, 54, 55, 56, 57, 58, 62, 75, 84, 96, 108, 120, 133, 146, 151, 160, 162, 164, 167, 177], "summary": {"covered_lines": 42, "num_statements": 58, "percent_covered": 65.15151515151516, "percent_covered_display": "65", "missing_lines": 16, "excluded_lines": 0, "percent_statements_covered": 72.41379310344827, "percent_statements_covered_display": "72", "num_branches": 8, "num_partial_branches": 1, "covered_branches": 1, "missing_branches": 7, "percent_branches_covered": 12.5, "percent_branches_covered_display": "12"}, "missing_lines": [105, 117, 129, 148, 153, 154, 155, 156, 157, 163, 169, 170, 171, 172, 173, 174], "excluded_lines": [], "start_line": 1, "executed_branches": [[162, 164]], "missing_branches": [[153, 154], [153, 155], [155, 156], [155, 157], [162, 163], [169, 170], [169, 173]]}}}, "src/spotdl_cli/widgets/__init__.py": {"executed_lines": [3, 5], "summary": {"covered_lines": 2, "num_statements": 2, "percent_covered": 100.0, "percent_covered_display": "100", "missing_lines": 0, "excluded_lines": 0, "percent_statements_covered": 100.0, "percent_statements_covered_display": "100", "num_branches": 0, "num_partial_branches": 0, "covered_branches": 0, "missing_branches": 0, "percent_branches_covered": 100.0, "percent_branches_covered_display": "100"}, "missing_lines": [], "excluded_lines": [], "executed_branches": [], "missing_branches": [], "functions": {"": {"executed_lines": [3, 5], "summary": {"covered_lines": 2, "num_statements": 2, "percent_covered": 100.0, "percent_covered_display": "100", "missing_lines": 0, "excluded_lines": 0, "percent_statements_covered": 100.0, "percent_statements_covered_display": "100", "num_branches": 0, "num_partial_branches": 0, "covered_branches": 0, "missing_branches": 0, "percent_branches_covered": 100.0, "percent_branches_covered_display": "100"}, "missing_lines": [], "excluded_lines": [], "start_line": 1, "executed_branches": [], "missing_branches": []}}, "classes": {"": {"executed_lines": [3, 5], "summary": {"covered_lines": 2, "num_statements": 2, "percent_covered": 100.0, "percent_covered_display": "100", "missing_lines": 0, "excluded_lines": 0, "percent_statements_covered": 100.0, "percent_statements_covered_display": "100", "num_branches": 0, "num_partial_branches": 0, "covered_branches": 0, "missing_branches": 0, "percent_branches_covered": 100.0, "percent_branches_covered_display": "100"}, "missing_lines": [], "excluded_lines": [], "start_line": 1, "executed_branches": [], "missing_branches": []}}}, "src/spotdl_cli/widgets/cover_art.py": {"executed_lines": [7, 9, 11, 12, 13, 15, 17, 20, 28, 30, 33, 37, 38, 39, 45, 46, 49], "summary": {"covered_lines": 17, "num_statements": 34, "percent_covered": 42.857142857142854, "percent_covered_display": "43", "missing_lines": 17, "excluded_lines": 0, "percent_statements_covered": 50.0, "percent_statements_covered_display": "50", "num_branches": 8, "num_partial_branches": 1, "covered_branches": 1, "missing_branches": 7, "percent_branches_covered": 12.5, "percent_branches_covered_display": "12"}, "missing_lines": [31, 34, 35, 40, 41, 43, 47, 50, 51, 53, 54, 55, 57, 58, 59, 60, 61], "excluded_lines": [], "executed_branches": [[38, 39]], "missing_branches": [[34, -33], [34, 35], [38, 40], [40, 41], [40, 43], [53, 54], [53, 57]], "functions": {"CoverArt.compose": {"executed_lines": [], "summary": {"covered_lines": 0, "num_statements": 1, "percent_covered": 0.0, "percent_covered_display": "0", "missing_lines": 1, "excluded_lines": 0, "percent_statements_covered": 0.0, "percent_statements_covered_display": "0", "num_branches": 0, "num_partial_branches": 0, "covered_branches": 0, "missing_branches": 0, "percent_branches_covered": 100.0, "percent_branches_covered_display": "100"}, "missing_lines": [31], "excluded_lines": [], "start_line": 30, "executed_branches": [], "missing_branches": []}, "CoverArt.on_mount": {"executed_lines": [], "summary": {"covered_lines": 0, "num_statements": 2, "percent_covered": 0.0, "percent_covered_display": "0", "missing_lines": 2, "excluded_lines": 0, "percent_statements_covered": 0.0, "percent_statements_covered_display": "0", "num_branches": 2, "num_partial_branches": 0, "covered_branches": 0, "missing_branches": 2, "percent_branches_covered": 0.0, "percent_branches_covered_display": "0"}, "missing_lines": [34, 35], "excluded_lines": [], "start_line": 33, "executed_branches": [], "missing_branches": [[34, -33], [34, 35]]}, "CoverArt.watch_cover_url": {"executed_lines": [38, 39], "summary": {"covered_lines": 2, "num_statements": 5, "percent_covered": 33.333333333333336, "percent_covered_display": "33", "missing_lines": 3, "excluded_lines": 0, "percent_statements_covered": 40.0, "percent_statements_covered_display": "40", "num_branches": 4, "num_partial_branches": 1, "covered_branches": 1, "missing_branches": 3, "percent_branches_covered": 25.0, "percent_branches_covered_display": "25"}, "missing_lines": [40, 41, 43], "excluded_lines": [], "start_line": 37, "executed_branches": [[38, 39]], "missing_branches": [[38, 40], [40, 41], [40, 43]]}, "CoverArt._image_widget": {"executed_lines": [], "summary": {"covered_lines": 0, "num_statements": 1, "percent_covered": 0.0, "percent_covered_display": "0", "missing_lines": 1, "excluded_lines": 0, "percent_statements_covered": 0.0, "percent_statements_covered_display": "0", "num_branches": 0, "num_partial_branches": 0, "covered_branches": 0, "missing_branches": 0, "percent_branches_covered": 100.0, "percent_branches_covered_display": "100"}, "missing_lines": [47], "excluded_lines": [], "start_line": 46, "executed_branches": [], "missing_branches": []}, "CoverArt._load_image": {"executed_lines": [], "summary": {"covered_lines": 0, "num_statements": 10, "percent_covered": 0.0, "percent_covered_display": "0", "missing_lines": 10, "excluded_lines": 0, "percent_statements_covered": 0.0, "percent_statements_covered_display": "0", "num_branches": 2, "num_partial_branches": 0, "covered_branches": 0, "missing_branches": 2, "percent_branches_covered": 0.0, "percent_branches_covered_display": "0"}, "missing_lines": [50, 51, 53, 54, 55, 57, 58, 59, 60, 61], "excluded_lines": [], "start_line": 49, "executed_branches": [], "missing_branches": [[53, 54], [53, 57]]}, "": {"executed_lines": [7, 9, 11, 12, 13, 15, 17, 20, 28, 30, 33, 37, 45, 46, 49], "summary": {"covered_lines": 15, "num_statements": 15, "percent_covered": 100.0, "percent_covered_display": "100", "missing_lines": 0, "excluded_lines": 0, "percent_statements_covered": 100.0, "percent_statements_covered_display": "100", "num_branches": 0, "num_partial_branches": 0, "covered_branches": 0, "missing_branches": 0, "percent_branches_covered": 100.0, "percent_branches_covered_display": "100"}, "missing_lines": [], "excluded_lines": [], "start_line": 1, "executed_branches": [], "missing_branches": []}}, "classes": {"CoverArt": {"executed_lines": [38, 39], "summary": {"covered_lines": 2, "num_statements": 19, "percent_covered": 11.11111111111111, "percent_covered_display": "11", "missing_lines": 17, "excluded_lines": 0, "percent_statements_covered": 10.526315789473685, "percent_statements_covered_display": "11", "num_branches": 8, "num_partial_branches": 1, "covered_branches": 1, "missing_branches": 7, "percent_branches_covered": 12.5, "percent_branches_covered_display": "12"}, "missing_lines": [31, 34, 35, 40, 41, 43, 47, 50, 51, 53, 54, 55, 57, 58, 59, 60, 61], "excluded_lines": [], "start_line": 20, "executed_branches": [[38, 39]], "missing_branches": [[34, -33], [34, 35], [38, 40], [40, 41], [40, 43], [53, 54], [53, 57]]}, "": {"executed_lines": [7, 9, 11, 12, 13, 15, 17, 20, 28, 30, 33, 37, 45, 46, 49], "summary": {"covered_lines": 15, "num_statements": 15, "percent_covered": 100.0, "percent_covered_display": "100", "missing_lines": 0, "excluded_lines": 0, "percent_statements_covered": 100.0, "percent_statements_covered_display": "100", "num_branches": 0, "num_partial_branches": 0, "covered_branches": 0, "missing_branches": 0, "percent_branches_covered": 100.0, "percent_branches_covered_display": "100"}, "missing_lines": [], "excluded_lines": [], "start_line": 1, "executed_branches": [], "missing_branches": []}}}}, "totals": {"covered_lines": 1326, "num_statements": 2366, "percent_covered": 53.02056555269923, "percent_covered_display": "53", "missing_lines": 1040, "excluded_lines": 4, "percent_statements_covered": 56.043956043956044, "percent_statements_covered_display": "56", "num_branches": 746, "num_partial_branches": 60, "covered_branches": 324, "missing_branches": 422, "percent_branches_covered": 43.43163538873995, "percent_branches_covered_display": "43"}}