{"meta": {"format": 3, "version": "7.13.3", "timestamp": "2026-02-07T15:00:59.384885", "branch_coverage": true, "show_contexts": false}, "files": {"src/spotdl_core/__init__.py": {"executed_lines": [3, 12, 46, 54, 63], "summary": {"covered_lines": 5, "num_statements": 5, "percent_covered": 100.0, "percent_covered_display": "100", "missing_lines": 0, "excluded_lines": 0, "percent_statements_covered": 100.0, "percent_statements_covered_display": "100", "num_branches": 0, "num_partial_branches": 0, "covered_branches": 0, "missing_branches": 0, "percent_branches_covered": 100.0, "percent_branches_covered_display": "100"}, "missing_lines": [], "excluded_lines": [], "executed_branches": [], "missing_branches": [], "functions": {"": {"executed_lines": [3, 12, 46, 54, 63], "summary": {"covered_lines": 5, "num_statements": 5, "percent_covered": 100.0, "percent_covered_display": "100", "missing_lines": 0, "excluded_lines": 0, "percent_statements_covered": 100.0, "percent_statements_covered_display": "100", "num_branches": 0, "num_partial_branches": 0, "covered_branches": 0, "missing_branches": 0, "percent_branches_covered": 100.0, "percent_branches_covered_display": "100"}, "missing_lines": [], "excluded_lines": [], "start_line": 1, "executed_branches": [], "missing_branches": []}}, "classes": {"": {"executed_lines": [3, 12, 46, 54, 63], "summary": {"covered_lines": 5, "num_statements": 5, "percent_covered": 100.0, "percent_covered_display": "100", "missing_lines": 0, "excluded_lines": 0, "percent_statements_covered": 100.0, "percent_statements_covered_display": "100", "num_branches": 0, "num_partial_branches": 0, "covered_branches": 0, "missing_branches": 0, "percent_branches_covered": 100.0, "percent_branches_covered_display": "100"}, "missing_lines": [], "excluded_lines": [], "start_line": 1, "executed_branches": [], "missing_branches": []}}}, "src/spotdl_core/download/__init__.py": {"executed_lines": [3, 4, 11, 13], "summary": {"covered_lines": 4, "num_statements": 4, "percent_covered": 100.0, "percent_covered_display": "100", "missing_lines": 0, "excluded_lines": 0, "percent_statements_covered": 100.0, "percent_statements_covered_display": "100", "num_branches": 0, "num_partial_branches": 0, "covered_branches": 0, "missing_branches": 0, "percent_branches_covered": 100.0, "percent_branches_covered_display": "100"}, "missing_lines": [], "excluded_lines": [], "executed_branches": [], "missing_branches": [], "functions": {"": {"executed_lines": [3, 4, 11, 13], "summary": {"covered_lines": 4, "num_statements": 4, "percent_covered": 100.0, "percent_covered_display": "100", "missing_lines": 0, "excluded_lines": 0, "percent_statements_covered": 100.0, "percent_statements_covered_display": "100", "num_branches": 0, "num_partial_branches": 0, "covered_branches": 0, "missing_branches": 0, "percent_branches_covered": 100.0, "percent_branches_covered_display": "100"}, "missing_lines": [], "excluded_lines": [], "start_line": 1, "executed_branches": [], "missing_branches": []}}, "classes": {"": {"executed_lines": [3, 4, 11, 13], "summary": {"covered_lines": 4, "num_statements": 4, "percent_covered": 100.0, "percent_covered_display": "100", "missing_lines": 0, "excluded_lines": 0, "percent_statements_covered": 100.0, "percent_statements_covered_display": "100", "num_branches": 0, "num_partial_branches": 0, "covered_branches": 0, "missing_branches": 0, "percent_branches_covered": 100.0, "percent_branches_covered_display": "100"}, "missing_lines": [], "excluded_lines": [], "start_line": 1, "executed_branches": [], "missing_branches": []}}}, "src/spotdl_core/download/archive.py": {"executed_lines": [3, 5, 6, 8, 11, 14, 36], "summary": {"covered_lines": 7, "num_statements": 28, "percent_covered": 23.333333333333332, "percent_covered_display": "23", "missing_lines": 21, "excluded_lines": 0, "percent_statements_covered": 25.0, "percent_statements_covered_display": "25", "num_branches": 2, "num_partial_branches": 0, "covered_branches": 0, "missing_branches": 2, "percent_branches_covered": 0.0, "percent_branches_covered_display": "0"}, "missing_lines": [23, 24, 25, 27, 28, 29, 30, 31, 32, 33, 34, 45, 46, 48, 49, 50, 51, 52, 53, 54, 55], "excluded_lines": [], "executed_branches": [], "missing_branches": [[24, 25], [24, 27]], "functions": {"Archive.load": {"executed_lines": [], "summary": {"covered_lines": 0, "num_statements": 11, "percent_covered": 0.0, "percent_covered_display": "0", "missing_lines": 11, "excluded_lines": 0, "percent_statements_covered": 0.0, "percent_statements_covered_display": "0", "num_branches": 2, "num_partial_branches": 0, "covered_branches": 0, "missing_branches": 2, "percent_branches_covered": 0.0, "percent_branches_covered_display": "0"}, "missing_lines": [23, 24, 25, 27, 28, 29, 30, 31, 32, 33, 34], "excluded_lines": [], "start_line": 14, "executed_branches": [], "missing_branches": [[24, 25], [24, 27]]}, "Archive.save": {"executed_lines": [], "summary": {"covered_lines": 0, "num_statements": 10, "percent_covered": 0.0, "percent_covered_display": "0", "missing_lines": 10, "excluded_lines": 0, "percent_statements_covered": 0.0, "percent_statements_covered_display": "0", "num_branches": 0, "num_partial_branches": 0, "covered_branches": 0, "missing_branches": 0, "percent_branches_covered": 100.0, "percent_branches_covered_display": "100"}, "missing_lines": [45, 46, 48, 49, 50, 51, 52, 53, 54, 55], "excluded_lines": [], "start_line": 36, "executed_branches": [], "missing_branches": []}, "": {"executed_lines": [3, 5, 6, 8, 11, 14, 36], "summary": {"covered_lines": 7, "num_statements": 7, "percent_covered": 100.0, "percent_covered_display": "100", "missing_lines": 0, "excluded_lines": 0, "percent_statements_covered": 100.0, "percent_statements_covered_display": "100", "num_branches": 0, "num_partial_branches": 0, "covered_branches": 0, "missing_branches": 0, "percent_branches_covered": 100.0, "percent_branches_covered_display": "100"}, "missing_lines": [], "excluded_lines": [], "start_line": 1, "executed_branches": [], "missing_branches": []}}, "classes": {"Archive": {"executed_lines": [], "summary": {"covered_lines": 0, "num_statements": 21, "percent_covered": 0.0, "percent_covered_display": "0", "missing_lines": 21, "excluded_lines": 0, "percent_statements_covered": 0.0, "percent_statements_covered_display": "0", "num_branches": 2, "num_partial_branches": 0, "covered_branches": 0, "missing_branches": 2, "percent_branches_covered": 0.0, "percent_branches_covered_display": "0"}, "missing_lines": [23, 24, 25, 27, 28, 29, 30, 31, 32, 33, 34, 45, 46, 48, 49, 50, 51, 52, 53, 54, 55], "excluded_lines": [], "start_line": 11, "executed_branches": [], "missing_branches": [[24, 25], [24, 27]]}, "": {"executed_lines": [3, 5, 6, 8, 11, 14, 36], "summary": {"covered_lines": 7, "num_statements": 7, "percent_covered": 100.0, "percent_covered_display": "100", "missing_lines": 0, "excluded_lines": 0, "percent_statements_covered": 100.0, "percent_statements_covered_display": "100", "num_branches": 0, "num_partial_branches": 0, "covered_branches": 0, "missing_branches": 0, "percent_branches_covered": 100.0, "percent_branches_covered_display": "100"}, "missing_lines": [], "excluded_lines": [], "start_line": 1, "executed_branches": [], "missing_branches": []}}}, "src/spotdl_core/download/downloader.py": {"executed_lines": [7, 9, 10, 11, 12, 13, 14, 15, 16, 17, 19, 21, 24, 28, 29, 37, 38, 39, 40, 41, 42, 43, 44, 45, 46, 47, 48, 49, 53, 54, 55, 56, 57, 58, 59, 60, 63, 64, 67, 68, 69, 70, 71, 74, 75, 78, 79, 80, 81, 82, 83, 84, 85, 86, 87, 88, 89, 90, 91, 92, 93, 94, 95, 96, 97, 99, 100, 101, 104, 107, 108, 109, 111, 112, 113, 114, 115, 116, 117, 119, 120, 121, 122, 126, 128, 129, 131, 156, 157, 158, 160, 161, 163, 164, 166, 167, 168, 170, 171, 173, 174, 175, 179, 181, 183, 184, 185, 186, 187, 188, 189, 191, 192, 193, 194, 195, 196, 197, 201, 207, 211, 213, 214, 216, 217, 218, 219, 220, 221, 222, 226, 227, 228, 234, 235, 236, 241, 252, 253, 255, 256, 258, 259, 263, 264, 265, 266, 267, 268, 269, 270, 271, 272, 274, 275, 279, 280, 281, 282, 283, 285, 286, 287, 288, 290, 291, 292, 296, 297, 298, 299, 301, 302, 303, 304, 306, 307, 309, 311, 313, 317, 328, 330, 331, 333, 334, 336, 337, 338, 339, 340, 341, 342, 343, 344, 345, 347, 349, 351, 352, 353, 355, 356, 357, 359, 360, 362, 363, 364, 365, 367, 368, 369, 370, 371, 373, 374, 379, 380, 381, 382, 383, 384, 385, 386, 390, 392, 393, 395, 396, 397, 398, 399, 400, 401, 402, 403, 404, 406, 407, 408, 410, 411, 412, 414, 415, 416, 418, 419, 420, 421, 422, 423, 424, 426, 427, 428, 429, 430, 431, 434, 435, 436, 438, 440, 441, 443, 444, 446, 447, 448, 450, 452, 453, 454, 455, 456, 458, 460, 461, 463, 464, 466, 467, 468, 469, 470, 471, 472, 473, 476, 477, 478, 479, 480, 482, 484, 485, 487, 488, 490, 491, 492, 494, 496, 497, 498, 499, 501, 503, 504, 506, 507, 509, 510, 511, 512, 513, 514, 515, 516, 519, 520, 521, 523, 525, 526, 528, 529, 531, 532, 533, 535, 537, 538, 539, 540, 541, 542, 543, 544, 545, 546, 548, 550, 551, 552, 554, 555, 556, 558, 559, 560, 561, 562, 563, 564, 565, 568, 569, 570, 572, 574, 575, 577, 578, 579, 580, 582, 583, 584, 586, 587, 589, 590, 591, 592, 593, 594, 595, 597, 598, 599, 601, 605, 606, 607, 609, 610, 611, 612, 613, 614, 615, 616, 620, 621, 623, 625, 626, 627, 628, 629, 631, 633, 634, 636, 638, 639, 640, 641, 643, 645, 646, 648, 650, 651, 652, 653, 655, 659, 660, 661, 662, 663, 664, 665, 666, 667, 672, 673, 674, 675, 676, 678, 681, 682, 683, 684, 685, 687], "summary": {"covered_lines": 441, "num_statements": 449, "percent_covered": 96.37305699481865, "percent_covered_display": "96", "missing_lines": 8, "excluded_lines": 0, "percent_statements_covered": 98.21826280623608, "percent_statements_covered_display": "98", "num_branches": 130, "num_partial_branches": 13, "covered_branches": 117, "missing_branches": 13, "percent_branches_covered": 90.0, "percent_branches_covered_display": "90"}, "missing_lines": [177, 224, 277, 289, 293, 294, 617, 618], "excluded_lines": [], "executed_branches": [[112, 113], [112, 117], [114, 115], [114, 116], [120, -119], [120, 121], [157, 158], [157, 160], [160, 161], [160, 163], [170, 171], [170, 173], [174, 175], [183, 184], [183, 186], [186, 187], [186, 191], [192, 193], [192, 194], [195, 196], [195, 197], [217, 218], [217, 220], [220, 221], [220, 226], [221, 222], [227, 228], [227, 234], [234, 235], [234, 241], [252, 253], [252, 255], [255, 256], [255, 258], [258, 259], [258, 263], [263, 264], [263, 279], [266, 267], [266, 279], [268, 269], [270, 271], [270, 274], [279, 280], [279, 313], [285, 286], [285, 306], [286, 287], [286, 288], [288, 290], [290, 291], [290, 296], [296, 297], [296, 298], [298, 299], [298, 301], [301, 302], [301, 303], [303, 304], [303, 309], [306, 307], [336, 337], [336, 347], [337, 338], [337, 340], [340, 341], [340, 343], [343, 344], [356, 357], [356, 359], [379, 380], [379, 383], [381, 379], [381, 382], [383, 384], [383, 386], [384, 385], [392, 393], [392, 395], [397, 398], [397, 399], [399, 400], [399, 401], [401, 402], [401, 403], [403, 404], [403, 406], [440, 441], [447, 448], [447, 450], [476, 477], [478, 479], [484, 485], [491, 492], [491, 494], [525, 526], [532, 533], [532, 535], [574, 575], [583, 584], [583, 586], [606, 607], [606, 609], [611, 612], [611, 613], [613, 614], [613, 615], [615, -605], [615, 616], [673, 674], [673, 675], [675, 676], [675, 678], [682, 683], [682, 684], [684, 685], [684, 687]], "missing_branches": [[174, 177], [221, 224], [268, 277], [288, 289], [306, 309], [343, 347], [384, 383], [440, -410], [476, 478], [478, 480], [484, -460], [525, -503], [574, -550]], "functions": {"Downloader.__init__": {"executed_lines": [108, 109], "summary": {"covered_lines": 2, "num_statements": 2, "percent_covered": 100.0, "percent_covered_display": "100", "missing_lines": 0, "excluded_lines": 0, "percent_statements_covered": 100.0, "percent_statements_covered_display": "100", "num_branches": 0, "num_partial_branches": 0, "covered_branches": 0, "missing_branches": 0, "percent_branches_covered": 100.0, "percent_branches_covered_display": "100"}, "missing_lines": [], "excluded_lines": [], "start_line": 107, "executed_branches": [], "missing_branches": []}, "Downloader._get_http_client": {"executed_lines": [112, 113, 114, 115, 116, 117], "summary": {"covered_lines": 6, "num_statements": 6, "percent_covered": 100.0, "percent_covered_display": "100", "missing_lines": 0, "excluded_lines": 0, "percent_statements_covered": 100.0, "percent_statements_covered_display": "100", "num_branches": 4, "num_partial_branches": 0, "covered_branches": 4, "missing_branches": 0, "percent_branches_covered": 100.0, "percent_branches_covered_display": "100"}, "missing_lines": [], "excluded_lines": [], "start_line": 111, "executed_branches": [[112, 113], [112, 117], [114, 115], [114, 116]], "missing_branches": []}, "Downloader.close": {"executed_lines": [120, 121, 122], "summary": {"covered_lines": 3, "num_statements": 3, "percent_covered": 100.0, "percent_covered_display": "100", "missing_lines": 0, "excluded_lines": 0, "percent_statements_covered": 100.0, "percent_statements_covered_display": "100", "num_branches": 2, "num_partial_branches": 0, "covered_branches": 2, "missing_branches": 0, "percent_branches_covered": 100.0, "percent_branches_covered_display": "100"}, "missing_lines": [], "excluded_lines": [], "start_line": 119, "executed_branches": [[120, -119], [120, 121]], "missing_branches": []}, "Downloader.get_output_template": {"executed_lines": [128, 129, 131, 156, 157, 158, 160, 161, 163, 164], "summary": {"covered_lines": 10, "num_statements": 10, "percent_covered": 100.0, "percent_covered_display": "100", "missing_lines": 0, "excluded_lines": 0, "percent_statements_covered": 100.0, "percent_statements_covered_display": "100", "num_branches": 4, "num_partial_branches": 0, "covered_branches": 4, "missing_branches": 0, "percent_branches_covered": 100.0, "percent_branches_covered_display": "100"}, "missing_lines": [], "excluded_lines": [], "start_line": 126, "executed_branches": [[157, 158], [157, 160], [160, 161], [160, 163]], "missing_branches": []}, "Downloader._limit_filename_length": {"executed_lines": [167, 168, 170, 171, 173, 174, 175], "summary": {"covered_lines": 7, "num_statements": 8, "percent_covered": 83.33333333333333, "percent_covered_display": "83", "missing_lines": 1, "excluded_lines": 0, "percent_statements_covered": 87.5, "percent_statements_covered_display": "88", "num_branches": 4, "num_partial_branches": 1, "covered_branches": 3, "missing_branches": 1, "percent_branches_covered": 75.0, "percent_branches_covered_display": "75"}, "missing_lines": [177], "excluded_lines": [], "start_line": 166, "executed_branches": [[170, 171], [170, 173], [174, 175]], "missing_branches": [[174, 177]]}, "Downloader.sanitize_filename": {"executed_lines": [181, 183, 184, 185, 186, 187, 188, 189, 191, 192, 193, 194, 195, 196, 197], "summary": {"covered_lines": 15, "num_statements": 15, "percent_covered": 100.0, "percent_covered_display": "100", "missing_lines": 0, "excluded_lines": 0, "percent_statements_covered": 100.0, "percent_statements_covered_display": "100", "num_branches": 8, "num_partial_branches": 0, "covered_branches": 8, "missing_branches": 0, "percent_branches_covered": 100.0, "percent_branches_covered_display": "100"}, "missing_lines": [], "excluded_lines": [], "start_line": 179, "executed_branches": [[183, 184], [183, 186], [186, 187], [186, 191], [192, 193], [192, 194], [195, 196], [195, 197]], "missing_branches": []}, "Downloader.get_yt_dlp_options": {"executed_lines": [207, 211, 213, 214, 216, 217, 218, 219, 220, 221, 222, 226, 227, 228, 234, 235, 236, 241, 252, 253, 255, 256, 258, 259, 263, 264, 265, 266, 267, 268, 269, 270, 271, 272, 274, 275, 279, 280, 311, 313], "summary": {"covered_lines": 40, "num_statements": 42, "percent_covered": 94.11764705882354, "percent_covered_display": "94", "missing_lines": 2, "excluded_lines": 0, "percent_statements_covered": 95.23809523809524, "percent_statements_covered_display": "95", "num_branches": 26, "num_partial_branches": 2, "covered_branches": 24, "missing_branches": 2, "percent_branches_covered": 92.3076923076923, "percent_branches_covered_display": "92"}, "missing_lines": [224, 277], "excluded_lines": [], "start_line": 201, "executed_branches": [[217, 218], [217, 220], [220, 221], [220, 226], [221, 222], [227, 228], [227, 234], [234, 235], [234, 241], [252, 253], [252, 255], [255, 256], [255, 258], [258, 259], [258, 263], [263, 264], [263, 279], [266, 267], [266, 279], [268, 269], [270, 271], [270, 274], [279, 280], [279, 313]], "missing_branches": [[221, 224], [268, 277]]}, "Downloader.get_yt_dlp_options.hook": {"executed_lines": [281, 282, 283, 285, 286, 287, 288, 290, 291, 292, 296, 297, 298, 299, 301, 302, 303, 304, 306, 307, 309], "summary": {"covered_lines": 21, "num_statements": 24, "percent_covered": 88.0952380952381, "percent_covered_display": "88", "missing_lines": 3, "excluded_lines": 0, "percent_statements_covered": 87.5, "percent_statements_covered_display": "88", "num_branches": 18, "num_partial_branches": 2, "covered_branches": 16, "missing_branches": 2, "percent_branches_covered": 88.88888888888889, "percent_branches_covered_display": "89"}, "missing_lines": [289, 293, 294], "excluded_lines": [], "start_line": 280, "executed_branches": [[285, 286], [285, 306], [286, 287], [286, 288], [288, 290], [290, 291], [290, 296], [296, 297], [296, 298], [298, 299], [298, 301], [301, 302], [301, 303], [303, 304], [303, 309], [306, 307]], "missing_branches": [[288, 289], [306, 309]]}, "Downloader.download": {"executed_lines": [328, 330, 331, 333, 334, 336, 337, 338, 339, 340, 341, 342, 343, 344, 345, 347, 349, 351, 352, 353, 355, 356, 357, 359, 360, 362, 363, 364, 365], "summary": {"covered_lines": 29, "num_statements": 29, "percent_covered": 97.43589743589743, "percent_covered_display": "97", "missing_lines": 0, "excluded_lines": 0, "percent_statements_covered": 100.0, "percent_statements_covered_display": "100", "num_branches": 10, "num_partial_branches": 1, "covered_branches": 9, "missing_branches": 1, "percent_branches_covered": 90.0, "percent_branches_covered_display": "90"}, "missing_lines": [], "excluded_lines": [], "start_line": 317, "executed_branches": [[336, 337], [336, 347], [337, 338], [337, 340], [340, 341], [340, 343], [343, 344], [356, 357], [356, 359]], "missing_branches": [[343, 347]]}, "Downloader._run_yt_dlp": {"executed_lines": [369, 370, 371], "summary": {"covered_lines": 3, "num_statements": 3, "percent_covered": 100.0, "percent_covered_display": "100", "missing_lines": 0, "excluded_lines": 0, "percent_statements_covered": 100.0, "percent_statements_covered_display": "100", "num_branches": 0, "num_partial_branches": 0, "covered_branches": 0, "missing_branches": 0, "percent_branches_covered": 100.0, "percent_branches_covered_display": "100"}, "missing_lines": [], "excluded_lines": [], "start_line": 368, "executed_branches": [], "missing_branches": []}, "Downloader._find_output_file": {"executed_lines": [374, 379, 380, 381, 382, 383, 384, 385, 386], "summary": {"covered_lines": 9, "num_statements": 9, "percent_covered": 94.11764705882354, "percent_covered_display": "94", "missing_lines": 0, "excluded_lines": 0, "percent_statements_covered": 100.0, "percent_statements_covered_display": "100", "num_branches": 8, "num_partial_branches": 1, "covered_branches": 7, "missing_branches": 1, "percent_branches_covered": 87.5, "percent_branches_covered_display": "88"}, "missing_lines": [], "excluded_lines": [], "start_line": 373, "executed_branches": [[379, 380], [379, 383], [381, 379], [381, 382], [383, 384], [383, 386], [384, 385]], "missing_branches": [[384, 383]]}, "Downloader.embed_metadata": {"executed_lines": [392, 393, 395, 396, 397, 398, 399, 400, 401, 402, 403, 404, 406, 407, 408], "summary": {"covered_lines": 15, "num_statements": 15, "percent_covered": 100.0, "percent_covered_display": "100", "missing_lines": 0, "excluded_lines": 0, "percent_statements_covered": 100.0, "percent_statements_covered_display": "100", "num_branches": 10, "num_partial_branches": 0, "covered_branches": 10, "missing_branches": 0, "percent_branches_covered": 100.0, "percent_branches_covered_display": "100"}, "missing_lines": [], "excluded_lines": [], "start_line": 390, "executed_branches": [[392, 393], [392, 395], [397, 398], [397, 399], [399, 400], [399, 401], [401, 402], [401, 403], [403, 404], [403, 406]], "missing_branches": []}, "Downloader._embed_mp3_metadata": {"executed_lines": [411, 412, 414, 415, 416, 418, 438, 440, 441], "summary": {"covered_lines": 9, "num_statements": 9, "percent_covered": 90.9090909090909, "percent_covered_display": "91", "missing_lines": 0, "excluded_lines": 0, "percent_statements_covered": 100.0, "percent_statements_covered_display": "100", "num_branches": 2, "num_partial_branches": 1, "covered_branches": 1, "missing_branches": 1, "percent_branches_covered": 50.0, "percent_branches_covered_display": "50"}, "missing_lines": [], "excluded_lines": [], "start_line": 410, "executed_branches": [[440, 441]], "missing_branches": [[440, -410]]}, "Downloader._embed_mp3_metadata._embed": {"executed_lines": [419, 420, 421, 422, 423, 424, 426, 427, 428, 429, 430, 431, 434, 435, 436], "summary": {"covered_lines": 15, "num_statements": 15, "percent_covered": 100.0, "percent_covered_display": "100", "missing_lines": 0, "excluded_lines": 0, "percent_statements_covered": 100.0, "percent_statements_covered_display": "100", "num_branches": 0, "num_partial_branches": 0, "covered_branches": 0, "missing_branches": 0, "percent_branches_covered": 100.0, "percent_branches_covered_display": "100"}, "missing_lines": [], "excluded_lines": [], "start_line": 418, "executed_branches": [], "missing_branches": []}, "Downloader._embed_mp3_cover": {"executed_lines": [444, 446, 447, 448, 450, 452, 458], "summary": {"covered_lines": 7, "num_statements": 7, "percent_covered": 100.0, "percent_covered_display": "100", "missing_lines": 0, "excluded_lines": 0, "percent_statements_covered": 100.0, "percent_statements_covered_display": "100", "num_branches": 2, "num_partial_branches": 0, "covered_branches": 2, "missing_branches": 0, "percent_branches_covered": 100.0, "percent_branches_covered_display": "100"}, "missing_lines": [], "excluded_lines": [], "start_line": 443, "executed_branches": [[447, 448], [447, 450]], "missing_branches": []}, "Downloader._embed_mp3_cover._embed": {"executed_lines": [453, 454, 455, 456], "summary": {"covered_lines": 4, "num_statements": 4, "percent_covered": 100.0, "percent_covered_display": "100", "missing_lines": 0, "excluded_lines": 0, "percent_statements_covered": 100.0, "percent_statements_covered_display": "100", "num_branches": 0, "num_partial_branches": 0, "covered_branches": 0, "missing_branches": 0, "percent_branches_covered": 100.0, "percent_branches_covered_display": "100"}, "missing_lines": [], "excluded_lines": [], "start_line": 452, "executed_branches": [], "missing_branches": []}, "Downloader._embed_m4a_metadata": {"executed_lines": [461, 463, 464, 466, 482, 484, 485], "summary": {"covered_lines": 7, "num_statements": 7, "percent_covered": 88.88888888888889, "percent_covered_display": "89", "missing_lines": 0, "excluded_lines": 0, "percent_statements_covered": 100.0, "percent_statements_covered_display": "100", "num_branches": 2, "num_partial_branches": 1, "covered_branches": 1, "missing_branches": 1, "percent_branches_covered": 50.0, "percent_branches_covered_display": "50"}, "missing_lines": [], "excluded_lines": [], "start_line": 460, "executed_branches": [[484, 485]], "missing_branches": [[484, -460]]}, "Downloader._embed_m4a_metadata._embed": {"executed_lines": [467, 468, 469, 470, 471, 472, 473, 476, 477, 478, 479, 480], "summary": {"covered_lines": 12, "num_statements": 12, "percent_covered": 87.5, "percent_covered_display": "88", "missing_lines": 0, "excluded_lines": 0, "percent_statements_covered": 100.0, "percent_statements_covered_display": "100", "num_branches": 4, "num_partial_branches": 2, "covered_branches": 2, "missing_branches": 2, "percent_branches_covered": 50.0, "percent_branches_covered_display": "50"}, "missing_lines": [], "excluded_lines": [], "start_line": 466, "executed_branches": [[476, 477], [478, 479]], "missing_branches": [[476, 478], [478, 480]]}, "Downloader._embed_m4a_cover": {"executed_lines": [488, 490, 491, 492, 494, 496, 501], "summary": {"covered_lines": 7, "num_statements": 7, "percent_covered": 100.0, "percent_covered_display": "100", "missing_lines": 0, "excluded_lines": 0, "percent_statements_covered": 100.0, "percent_statements_covered_display": "100", "num_branches": 2, "num_partial_branches": 0, "covered_branches": 2, "missing_branches": 0, "percent_branches_covered": 100.0, "percent_branches_covered_display": "100"}, "missing_lines": [], "excluded_lines": [], "start_line": 487, "executed_branches": [[491, 492], [491, 494]], "missing_branches": []}, "Downloader._embed_m4a_cover._embed": {"executed_lines": [497, 498, 499], "summary": {"covered_lines": 3, "num_statements": 3, "percent_covered": 100.0, "percent_covered_display": "100", "missing_lines": 0, "excluded_lines": 0, "percent_statements_covered": 100.0, "percent_statements_covered_display": "100", "num_branches": 0, "num_partial_branches": 0, "covered_branches": 0, "missing_branches": 0, "percent_branches_covered": 100.0, "percent_branches_covered_display": "100"}, "missing_lines": [], "excluded_lines": [], "start_line": 496, "executed_branches": [], "missing_branches": []}, "Downloader._embed_flac_metadata": {"executed_lines": [504, 506, 507, 509, 523, 525, 526], "summary": {"covered_lines": 7, "num_statements": 7, "percent_covered": 88.88888888888889, "percent_covered_display": "89", "missing_lines": 0, "excluded_lines": 0, "percent_statements_covered": 100.0, "percent_statements_covered_display": "100", "num_branches": 2, "num_partial_branches": 1, "covered_branches": 1, "missing_branches": 1, "percent_branches_covered": 50.0, "percent_branches_covered_display": "50"}, "missing_lines": [], "excluded_lines": [], "start_line": 503, "executed_branches": [[525, 526]], "missing_branches": [[525, -503]]}, "Downloader._embed_flac_metadata._embed": {"executed_lines": [510, 511, 512, 513, 514, 515, 516, 519, 520, 521], "summary": {"covered_lines": 10, "num_statements": 10, "percent_covered": 100.0, "percent_covered_display": "100", "missing_lines": 0, "excluded_lines": 0, "percent_statements_covered": 100.0, "percent_statements_covered_display": "100", "num_branches": 0, "num_partial_branches": 0, "covered_branches": 0, "missing_branches": 0, "percent_branches_covered": 100.0, "percent_branches_covered_display": "100"}, "missing_lines": [], "excluded_lines": [], "start_line": 509, "executed_branches": [], "missing_branches": []}, "Downloader._embed_flac_cover": {"executed_lines": [529, 531, 532, 533, 535, 537, 548], "summary": {"covered_lines": 7, "num_statements": 7, "percent_covered": 100.0, "percent_covered_display": "100", "missing_lines": 0, "excluded_lines": 0, "percent_statements_covered": 100.0, "percent_statements_covered_display": "100", "num_branches": 2, "num_partial_branches": 0, "covered_branches": 2, "missing_branches": 0, "percent_branches_covered": 100.0, "percent_branches_covered_display": "100"}, "missing_lines": [], "excluded_lines": [], "start_line": 528, "executed_branches": [[532, 533], [532, 535]], "missing_branches": []}, "Downloader._embed_flac_cover._embed": {"executed_lines": [538, 539, 540, 541, 542, 543, 544, 545, 546], "summary": {"covered_lines": 9, "num_statements": 9, "percent_covered": 100.0, "percent_covered_display": "100", "missing_lines": 0, "excluded_lines": 0, "percent_statements_covered": 100.0, "percent_statements_covered_display": "100", "num_branches": 0, "num_partial_branches": 0, "covered_branches": 0, "missing_branches": 0, "percent_branches_covered": 100.0, "percent_branches_covered_display": "100"}, "missing_lines": [], "excluded_lines": [], "start_line": 537, "executed_branches": [], "missing_branches": []}, "Downloader._embed_ogg_metadata": {"executed_lines": [551, 552, 554, 555, 556, 558, 572, 574, 575], "summary": {"covered_lines": 9, "num_statements": 9, "percent_covered": 90.9090909090909, "percent_covered_display": "91", "missing_lines": 0, "excluded_lines": 0, "percent_statements_covered": 100.0, "percent_statements_covered_display": "100", "num_branches": 2, "num_partial_branches": 1, "covered_branches": 1, "missing_branches": 1, "percent_branches_covered": 50.0, "percent_branches_covered_display": "50"}, "missing_lines": [], "excluded_lines": [], "start_line": 550, "executed_branches": [[574, 575]], "missing_branches": [[574, -550]]}, "Downloader._embed_ogg_metadata._embed": {"executed_lines": [559, 560, 561, 562, 563, 564, 565, 568, 569, 570], "summary": {"covered_lines": 10, "num_statements": 10, "percent_covered": 100.0, "percent_covered_display": "100", "missing_lines": 0, "excluded_lines": 0, "percent_statements_covered": 100.0, "percent_statements_covered_display": "100", "num_branches": 0, "num_partial_branches": 0, "covered_branches": 0, "missing_branches": 0, "percent_branches_covered": 100.0, "percent_branches_covered_display": "100"}, "missing_lines": [], "excluded_lines": [], "start_line": 558, "executed_branches": [], "missing_branches": []}, "Downloader._embed_ogg_cover": {"executed_lines": [578, 579, 580, 582, 583, 584, 586, 587, 589, 601], "summary": {"covered_lines": 10, "num_statements": 10, "percent_covered": 100.0, "percent_covered_display": "100", "missing_lines": 0, "excluded_lines": 0, "percent_statements_covered": 100.0, "percent_statements_covered_display": "100", "num_branches": 2, "num_partial_branches": 0, "covered_branches": 2, "missing_branches": 0, "percent_branches_covered": 100.0, "percent_branches_covered_display": "100"}, "missing_lines": [], "excluded_lines": [], "start_line": 577, "executed_branches": [[583, 584], [583, 586]], "missing_branches": []}, "Downloader._embed_ogg_cover._embed": {"executed_lines": [590, 591, 592, 593, 594, 595, 597, 598, 599], "summary": {"covered_lines": 9, "num_statements": 9, "percent_covered": 100.0, "percent_covered_display": "100", "missing_lines": 0, "excluded_lines": 0, "percent_statements_covered": 100.0, "percent_statements_covered_display": "100", "num_branches": 0, "num_partial_branches": 0, "covered_branches": 0, "missing_branches": 0, "percent_branches_covered": 100.0, "percent_branches_covered_display": "100"}, "missing_lines": [], "excluded_lines": [], "start_line": 589, "executed_branches": [], "missing_branches": []}, "Downloader.embed_lyrics": {"executed_lines": [606, 607, 609, 610, 611, 612, 613, 614, 615, 616], "summary": {"covered_lines": 10, "num_statements": 12, "percent_covered": 90.0, "percent_covered_display": "90", "missing_lines": 2, "excluded_lines": 0, "percent_statements_covered": 83.33333333333333, "percent_statements_covered_display": "83", "num_branches": 8, "num_partial_branches": 0, "covered_branches": 8, "missing_branches": 0, "percent_branches_covered": 100.0, "percent_branches_covered_display": "100"}, "missing_lines": [617, 618], "excluded_lines": [], "start_line": 605, "executed_branches": [[606, 607], [606, 609], [611, 612], [611, 613], [613, 614], [613, 615], [615, -605], [615, 616]], "missing_branches": []}, "Downloader._embed_mp3_lyrics": {"executed_lines": [621, 623, 625, 631], "summary": {"covered_lines": 4, "num_statements": 4, "percent_covered": 100.0, "percent_covered_display": "100", "missing_lines": 0, "excluded_lines": 0, "percent_statements_covered": 100.0, "percent_statements_covered_display": "100", "num_branches": 0, "num_partial_branches": 0, "covered_branches": 0, "missing_branches": 0, "percent_branches_covered": 100.0, "percent_branches_covered_display": "100"}, "missing_lines": [], "excluded_lines": [], "start_line": 620, "executed_branches": [], "missing_branches": []}, "Downloader._embed_mp3_lyrics._embed": {"executed_lines": [626, 627, 628, 629], "summary": {"covered_lines": 4, "num_statements": 4, "percent_covered": 100.0, "percent_covered_display": "100", "missing_lines": 0, "excluded_lines": 0, "percent_statements_covered": 100.0, "percent_statements_covered_display": "100", "num_branches": 0, "num_partial_branches": 0, "covered_branches": 0, "missing_branches": 0, "percent_branches_covered": 100.0, "percent_branches_covered_display": "100"}, "missing_lines": [], "excluded_lines": [], "start_line": 625, "executed_branches": [], "missing_branches": []}, "Downloader._embed_m4a_lyrics": {"executed_lines": [634, 636, 638, 643], "summary": {"covered_lines": 4, "num_statements": 4, "percent_covered": 100.0, "percent_covered_display": "100", "missing_lines": 0, "excluded_lines": 0, "percent_statements_covered": 100.0, "percent_statements_covered_display": "100", "num_branches": 0, "num_partial_branches": 0, "covered_branches": 0, "missing_branches": 0, "percent_branches_covered": 100.0, "percent_branches_covered_display": "100"}, "missing_lines": [], "excluded_lines": [], "start_line": 633, "executed_branches": [], "missing_branches": []}, "Downloader._embed_m4a_lyrics._embed": {"executed_lines": [639, 640, 641], "summary": {"covered_lines": 3, "num_statements": 3, "percent_covered": 100.0, "percent_covered_display": "100", "missing_lines": 0, "excluded_lines": 0, "percent_statements_covered": 100.0, "percent_statements_covered_display": "100", "num_branches": 0, "num_partial_branches": 0, "covered_branches": 0, "missing_branches": 0, "percent_branches_covered": 100.0, "percent_branches_covered_display": "100"}, "missing_lines": [], "excluded_lines": [], "start_line": 638, "executed_branches": [], "missing_branches": []}, "Downloader._embed_flac_lyrics": {"executed_lines": [646, 648, 650, 655], "summary": {"covered_lines": 4, "num_statements": 4, "percent_covered": 100.0, "percent_covered_display": "100", "missing_lines": 0, "excluded_lines": 0, "percent_statements_covered": 100.0, "percent_statements_covered_display": "100", "num_branches": 0, "num_partial_branches": 0, "covered_branches": 0, "missing_branches": 0, "percent_branches_covered": 100.0, "percent_branches_covered_display": "100"}, "missing_lines": [], "excluded_lines": [], "start_line": 645, "executed_branches": [], "missing_branches": []}, "Downloader._embed_flac_lyrics._embed": {"executed_lines": [651, 652, 653], "summary": {"covered_lines": 3, "num_statements": 3, "percent_covered": 100.0, "percent_covered_display": "100", "missing_lines": 0, "excluded_lines": 0, "percent_statements_covered": 100.0, "percent_statements_covered_display": "100", "num_branches": 0, "num_partial_branches": 0, "covered_branches": 0, "missing_branches": 0, "percent_branches_covered": 100.0, "percent_branches_covered_display": "100"}, "missing_lines": [], "excluded_lines": [], "start_line": 650, "executed_branches": [], "missing_branches": []}, "Downloader._download_cover": {"executed_lines": [660, 661, 662, 663, 664, 665, 666, 667], "summary": {"covered_lines": 8, "num_statements": 8, "percent_covered": 100.0, "percent_covered_display": "100", "missing_lines": 0, "excluded_lines": 0, "percent_statements_covered": 100.0, "percent_statements_covered_display": "100", "num_branches": 0, "num_partial_branches": 0, "covered_branches": 0, "missing_branches": 0, "percent_branches_covered": 100.0, "percent_branches_covered_display": "100"}, "missing_lines": [], "excluded_lines": [], "start_line": 659, "executed_branches": [], "missing_branches": []}, "_format_speed": {"executed_lines": [673, 674, 675, 676, 678], "summary": {"covered_lines": 5, "num_statements": 5, "percent_covered": 100.0, "percent_covered_display": "100", "missing_lines": 0, "excluded_lines": 0, "percent_statements_covered": 100.0, "percent_statements_covered_display": "100", "num_branches": 4, "num_partial_branches": 0, "covered_branches": 4, "missing_branches": 0, "percent_branches_covered": 100.0, "percent_branches_covered_display": "100"}, "missing_lines": [], "excluded_lines": [], "start_line": 672, "executed_branches": [[673, 674], [673, 675], [675, 676], [675, 678]], "missing_branches": []}, "_format_eta": {"executed_lines": [682, 683, 684, 685, 687], "summary": {"covered_lines": 5, "num_statements": 5, "percent_covered": 100.0, "percent_covered_display": "100", "missing_lines": 0, "excluded_lines": 0, "percent_statements_covered": 100.0, "percent_statements_covered_display": "100", "num_branches": 4, "num_partial_branches": 0, "covered_branches": 4, "missing_branches": 0, "percent_branches_covered": 100.0, "percent_branches_covered_display": "100"}, "missing_lines": [], "excluded_lines": [], "start_line": 681, "executed_branches": [[682, 683], [682, 684], [684, 685], [684, 687]], "missing_branches": []}, "": {"executed_lines": [7, 9, 10, 11, 12, 13, 14, 15, 16, 17, 19, 21, 24, 28, 29, 37, 38, 39, 40, 41, 42, 43, 44, 45, 46, 47, 48, 49, 53, 54, 55, 56, 57, 58, 59, 60, 63, 64, 67, 68, 69, 70, 71, 74, 75, 78, 79, 80, 81, 82, 83, 84, 85, 86, 87, 88, 89, 90, 91, 92, 93, 94, 95, 96, 97, 99, 100, 101, 104, 107, 111, 119, 126, 166, 179, 201, 317, 367, 368, 373, 390, 410, 443, 460, 487, 503, 528, 550, 577, 605, 620, 633, 645, 659, 672, 681], "summary": {"covered_lines": 96, "num_statements": 96, "percent_covered": 100.0, "percent_covered_display": "100", "missing_lines": 0, "excluded_lines": 0, "percent_statements_covered": 100.0, "percent_statements_covered_display": "100", "num_branches": 0, "num_partial_branches": 0, "covered_branches": 0, "missing_branches": 0, "percent_branches_covered": 100.0, "percent_branches_covered_display": "100"}, "missing_lines": [], "excluded_lines": [], "start_line": 1, "executed_branches": [], "missing_branches": []}}, "classes": {"DownloadError": {"executed_lines": [], "summary": {"covered_lines": 0, "num_statements": 0, "percent_covered": 100.0, "percent_covered_display": "100", "missing_lines": 0, "excluded_lines": 0, "percent_statements_covered": 100.0, "percent_statements_covered_display": "100", "num_branches": 0, "num_partial_branches": 0, "covered_branches": 0, "missing_branches": 0, "percent_branches_covered": 100.0, "percent_branches_covered_display": "100"}, "missing_lines": [], "excluded_lines": [], "start_line": 24, "executed_branches": [], "missing_branches": []}, "DownloadSettings": {"executed_lines": [], "summary": {"covered_lines": 0, "num_statements": 0, "percent_covered": 100.0, "percent_covered_display": "100", "missing_lines": 0, "excluded_lines": 0, "percent_statements_covered": 100.0, "percent_statements_covered_display": "100", "num_branches": 0, "num_partial_branches": 0, "covered_branches": 0, "missing_branches": 0, "percent_branches_covered": 100.0, "percent_branches_covered_display": "100"}, "missing_lines": [], "excluded_lines": [], "start_line": 29, "executed_branches": [], "missing_branches": []}, "DownloadProgress": {"executed_lines": [], "summary": {"covered_lines": 0, "num_statements": 0, "percent_covered": 100.0, "percent_covered_display": "100", "missing_lines": 0, "excluded_lines": 0, "percent_statements_covered": 100.0, "percent_statements_covered_display": "100", "num_branches": 0, "num_partial_branches": 0, "covered_branches": 0, "missing_branches": 0, "percent_branches_covered": 100.0, "percent_branches_covered_display": "100"}, "missing_lines": [], "excluded_lines": [], "start_line": 64, "executed_branches": [], "missing_branches": []}, "DownloadMeta": {"executed_lines": [], "summary": {"covered_lines": 0, "num_statements": 0, "percent_covered": 100.0, "percent_covered_display": "100", "missing_lines": 0, "excluded_lines": 0, "percent_statements_covered": 100.0, "percent_statements_covered_display": "100", "num_branches": 0, "num_partial_branches": 0, "covered_branches": 0, "missing_branches": 0, "percent_branches_covered": 100.0, "percent_branches_covered_display": "100"}, "missing_lines": [], "excluded_lines": [], "start_line": 75, "executed_branches": [], "missing_branches": []}, "Downloader": {"executed_lines": [108, 109, 112, 113, 114, 115, 116, 117, 120, 121, 122, 128, 129, 131, 156, 157, 158, 160, 161, 163, 164, 167, 168, 170, 171, 173, 174, 175, 181, 183, 184, 185, 186, 187, 188, 189, 191, 192, 193, 194, 195, 196, 197, 207, 211, 213, 214, 216, 217, 218, 219, 220, 221, 222, 226, 227, 228, 234, 235, 236, 241, 252, 253, 255, 256, 258, 259, 263, 264, 265, 266, 267, 268, 269, 270, 271, 272, 274, 275, 279, 280, 281, 282, 283, 285, 286, 287, 288, 290, 291, 292, 296, 297, 298, 299, 301, 302, 303, 304, 306, 307, 309, 311, 313, 328, 330, 331, 333, 334, 336, 337, 338, 339, 340, 341, 342, 343, 344, 345, 347, 349, 351, 352, 353, 355, 356, 357, 359, 360, 362, 363, 364, 365, 369, 370, 371, 374, 379, 380, 381, 382, 383, 384, 385, 386, 392, 393, 395, 396, 397, 398, 399, 400, 401, 402, 403, 404, 406, 407, 408, 411, 412, 414, 415, 416, 418, 419, 420, 421, 422, 423, 424, 426, 427, 428, 429, 430, 431, 434, 435, 436, 438, 440, 441, 444, 446, 447, 448, 450, 452, 453, 454, 455, 456, 458, 461, 463, 464, 466, 467, 468, 469, 470, 471, 472, 473, 476, 477, 478, 479, 480, 482, 484, 485, 488, 490, 491, 492, 494, 496, 497, 498, 499, 501, 504, 506, 507, 509, 510, 511, 512, 513, 514, 515, 516, 519, 520, 521, 523, 525, 526, 529, 531, 532, 533, 535, 537, 538, 539, 540, 541, 542, 543, 544, 545, 546, 548, 551, 552, 554, 555, 556, 558, 559, 560, 561, 562, 563, 564, 565, 568, 569, 570, 572, 574, 575, 578, 579, 580, 582, 583, 584, 586, 587, 589, 590, 591, 592, 593, 594, 595, 597, 598, 599, 601, 606, 607, 609, 610, 611, 612, 613, 614, 615, 616, 621, 623, 625, 626, 627, 628, 629, 631, 634, 636, 638, 639, 640, 641, 643, 646, 648, 650, 651, 652, 653, 655, 660, 661, 662, 663, 664, 665, 666, 667], "summary": {"covered_lines": 335, "num_statements": 343, "percent_covered": 95.48387096774194, "percent_covered_display": "95", "missing_lines": 8, "excluded_lines": 0, "percent_statements_covered": 97.66763848396502, "percent_statements_covered_display": "98", "num_branches": 122, "num_partial_branches": 13, "covered_branches": 109, "missing_branches": 13, "percent_branches_covered": 89.34426229508196, "percent_branches_covered_display": "89"}, "missing_lines": [177, 224, 277, 289, 293, 294, 617, 618], "excluded_lines": [], "start_line": 104, "executed_branches": [[112, 113], [112, 117], [114, 115], [114, 116], [120, -119], [120, 121], [157, 158], [157, 160], [160, 161], [160, 163], [170, 171], [170, 173], [174, 175], [183, 184], [183, 186], [186, 187], [186, 191], [192, 193], [192, 194], [195, 196], [195, 197], [217, 218], [217, 220], [220, 221], [220, 226], [221, 222], [227, 228], [227, 234], [234, 235], [234, 241], [252, 253], [252, 255], [255, 256], [255, 258], [258, 259], [258, 263], [263, 264], [263, 279], [266, 267], [266, 279], [268, 269], [270, 271], [270, 274], [279, 280], [279, 313], [285, 286], [285, 306], [286, 287], [286, 288], [288, 290], [290, 291], [290, 296], [296, 297], [296, 298], [298, 299], [298, 301], [301, 302], [301, 303], [303, 304], [303, 309], [306, 307], [336, 337], [336, 347], [337, 338], [337, 340], [340, 341], [340, 343], [343, 344], [356, 357], [356, 359], [379, 380], [379, 383], [381, 379], [381, 382], [383, 384], [383, 386], [384, 385], [392, 393], [392, 395], [397, 398], [397, 399], [399, 400], [399, 401], [401, 402], [401, 403], [403, 404], [403, 406], [440, 441], [447, 448], [447, 450], [476, 477], [478, 479], [484, 485], [491, 492], [491, 494], [525, 526], [532, 533], [532, 535], [574, 575], [583, 584], [583, 586], [606, 607], [606, 609], [611, 612], [611, 613], [613, 614], [613, 615], [615, -605], [615, 616]], "missing_branches": [[174, 177], [221, 224], [268, 277], [288, 289], [306, 309], [343, 347], [384, 383], [440, -410], [476, 478], [478, 480], [484, -460], [525, -503], [574, -550]]}, "": {"executed_lines": [7, 9, 10, 11, 12, 13, 14, 15, 16, 17, 19, 21, 24, 28, 29, 37, 38, 39, 40, 41, 42, 43, 44, 45, 46, 47, 48, 49, 53, 54, 55, 56, 57, 58, 59, 60, 63, 64, 67, 68, 69, 70, 71, 74, 75, 78, 79, 80, 81, 82, 83, 84, 85, 86, 87, 88, 89, 90, 91, 92, 93, 94, 95, 96, 97, 99, 100, 101, 104, 107, 111, 119, 126, 166, 179, 201, 317, 367, 368, 373, 390, 410, 443, 460, 487, 503, 528, 550, 577, 605, 620, 633, 645, 659, 672, 673, 674, 675, 676, 678, 681, 682, 683, 684, 685, 687], "summary": {"covered_lines": 106, "num_statements": 106, "percent_covered": 100.0, "percent_covered_display": "100", "missing_lines": 0, "excluded_lines": 0, "percent_statements_covered": 100.0, "percent_statements_covered_display": "100", "num_branches": 8, "num_partial_branches": 0, "covered_branches": 8, "missing_branches": 0, "percent_branches_covered": 100.0, "percent_branches_covered_display": "100"}, "missing_lines": [], "excluded_lines": [], "start_line": 1, "executed_branches": [[673, 674], [673, 675], [675, 676], [675, 678], [682, 683], [682, 684], [684, 685], [684, 687]], "missing_branches": []}}}, "src/spotdl_core/download/lrc.py": {"executed_lines": [3, 5, 6, 8, 11, 20], "summary": {"covered_lines": 6, "num_statements": 32, "percent_covered": 16.666666666666668, "percent_covered_display": "17", "missing_lines": 26, "excluded_lines": 0, "percent_statements_covered": 18.75, "percent_statements_covered_display": "19", "num_branches": 4, "num_partial_branches": 0, "covered_branches": 0, "missing_branches": 4, "percent_branches_covered": 0.0, "percent_branches_covered_display": "0"}, "missing_lines": [13, 40, 43, 44, 45, 46, 47, 48, 49, 50, 53, 54, 56, 57, 59, 60, 61, 62, 64, 65, 67, 68, 69, 70, 71, 72], "excluded_lines": [], "executed_branches": [], "missing_branches": [[43, 44], [43, 53], [59, 60], [59, 64]], "functions": {"is_synced": {"executed_lines": [], "summary": {"covered_lines": 0, "num_statements": 1, "percent_covered": 0.0, "percent_covered_display": "0", "missing_lines": 1, "excluded_lines": 0, "percent_statements_covered": 0.0, "percent_statements_covered_display": "0", "num_branches": 0, "num_partial_branches": 0, "covered_branches": 0, "missing_branches": 0, "percent_branches_covered": 100.0, "percent_branches_covered_display": "100"}, "missing_lines": [13], "excluded_lines": [], "start_line": 11, "executed_branches": [], "missing_branches": []}, "generate_lrc": {"executed_lines": [], "summary": {"covered_lines": 0, "num_statements": 25, "percent_covered": 0.0, "percent_covered_display": "0", "missing_lines": 25, "excluded_lines": 0, "percent_statements_covered": 0.0, "percent_statements_covered_display": "0", "num_branches": 4, "num_partial_branches": 0, "covered_branches": 0, "missing_branches": 4, "percent_branches_covered": 0.0, "percent_branches_covered_display": "0"}, "missing_lines": [40, 43, 44, 45, 46, 47, 48, 49, 50, 53, 54, 56, 57, 59, 60, 61, 62, 64, 65, 67, 68, 69, 70, 71, 72], "excluded_lines": [], "start_line": 20, "executed_branches": [], "missing_branches": [[43, 44], [43, 53], [59, 60], [59, 64]]}, "": {"executed_lines": [3, 5, 6, 8, 11, 20], "summary": {"covered_lines": 6, "num_statements": 6, "percent_covered": 100.0, "percent_covered_display": "100", "missing_lines": 0, "excluded_lines": 0, "percent_statements_covered": 100.0, "percent_statements_covered_display": "100", "num_branches": 0, "num_partial_branches": 0, "covered_branches": 0, "missing_branches": 0, "percent_branches_covered": 100.0, "percent_branches_covered_display": "100"}, "missing_lines": [], "excluded_lines": [], "start_line": 1, "executed_branches": [], "missing_branches": []}}, "classes": {"": {"executed_lines": [3, 5, 6, 8, 11, 20], "summary": {"covered_lines": 6, "num_statements": 32, "percent_covered": 16.666666666666668, "percent_covered_display": "17", "missing_lines": 26, "excluded_lines": 0, "percent_statements_covered": 18.75, "percent_statements_covered_display": "19", "num_branches": 4, "num_partial_branches": 0, "covered_branches": 0, "missing_branches": 4, "percent_branches_covered": 0.0, "percent_branches_covered_display": "0"}, "missing_lines": [13, 40, 43, 44, 45, 46, 47, 48, 49, 50, 53, 54, 56, 57, 59, 60, 61, 62, 64, 65, 67, 68, 69, 70, 71, 72], "excluded_lines": [], "start_line": 1, "executed_branches": [], "missing_branches": [[43, 44], [43, 53], [59, 60], [59, 64]]}}}, "src/spotdl_core/matching/__init__.py": {"executed_lines": [3, 9, 10, 23], "summary": {"covered_lines": 4, "num_statements": 4, "percent_covered": 100.0, "percent_covered_display": "100", "missing_lines": 0, "excluded_lines": 0, "percent_statements_covered": 100.0, "percent_statements_covered_display": "100", "num_branches": 0, "num_partial_branches": 0, "covered_branches": 0, "missing_branches": 0, "percent_branches_covered": 100.0, "percent_branches_covered_display": "100"}, "missing_lines": [], "excluded_lines": [], "executed_branches": [], "missing_branches": [], "functions": {"": {"executed_lines": [3, 9, 10, 23], "summary": {"covered_lines": 4, "num_statements": 4, "percent_covered": 100.0, "percent_covered_display": "100", "missing_lines": 0, "excluded_lines": 0, "percent_statements_covered": 100.0, "percent_statements_covered_display": "100", "num_branches": 0, "num_partial_branches": 0, "covered_branches": 0, "missing_branches": 0, "percent_branches_covered": 100.0, "percent_branches_covered_display": "100"}, "missing_lines": [], "excluded_lines": [], "start_line": 1, "executed_branches": [], "missing_branches": []}}, "classes": {"": {"executed_lines": [3, 9, 10, 23], "summary": {"covered_lines": 4, "num_statements": 4, "percent_covered": 100.0, "percent_covered_display": "100", "missing_lines": 0, "excluded_lines": 0, "percent_statements_covered": 100.0, "percent_statements_covered_display": "100", "num_branches": 0, "num_partial_branches": 0, "covered_branches": 0, "missing_branches": 0, "percent_branches_covered": 100.0, "percent_branches_covered_display": "100"}, "missing_lines": [], "excluded_lines": [], "start_line": 1, "executed_branches": [], "missing_branches": []}}}, "src/spotdl_core/matching/constants.py": {"executed_lines": [5, 23, 24, 25, 28, 29, 32, 33], "summary": {"covered_lines": 8, "num_statements": 8, "percent_covered": 100.0, "percent_covered_display": "100", "missing_lines": 0, "excluded_lines": 0, "percent_statements_covered": 100.0, "percent_statements_covered_display": "100", "num_branches": 0, "num_partial_branches": 0, "covered_branches": 0, "missing_branches": 0, "percent_branches_covered": 100.0, "percent_branches_covered_display": "100"}, "missing_lines": [], "excluded_lines": [], "executed_branches": [], "missing_branches": [], "functions": {"": {"executed_lines": [5, 23, 24, 25, 28, 29, 32, 33], "summary": {"covered_lines": 8, "num_statements": 8, "percent_covered": 100.0, "percent_covered_display": "100", "missing_lines": 0, "excluded_lines": 0, "percent_statements_covered": 100.0, "percent_statements_covered_display": "100", "num_branches": 0, "num_partial_branches": 0, "covered_branches": 0, "missing_branches": 0, "percent_branches_covered": 100.0, "percent_branches_covered_display": "100"}, "missing_lines": [], "excluded_lines": [], "start_line": 1, "executed_branches": [], "missing_branches": []}}, "classes": {"": {"executed_lines": [5, 23, 24, 25, 28, 29, 32, 33], "summary": {"covered_lines": 8, "num_statements": 8, "percent_covered": 100.0, "percent_covered_display": "100", "missing_lines": 0, "excluded_lines": 0, "percent_statements_covered": 100.0, "percent_statements_covered_display": "100", "num_branches": 0, "num_partial_branches": 0, "covered_branches": 0, "missing_branches": 0, "percent_branches_covered": 100.0, "percent_branches_covered_display": "100"}, "missing_lines": [], "excluded_lines": [], "start_line": 1, "executed_branches": [], "missing_branches": []}}}, "src/spotdl_core/matching/engine.py": {"executed_lines": [3, 5, 6, 8, 16, 28, 34, 37, 267, 300], "summary": {"covered_lines": 10, "num_statements": 80, "percent_covered": 9.433962264150944, "percent_covered_display": "9", "missing_lines": 70, "excluded_lines": 3, "percent_statements_covered": 12.5, "percent_statements_covered_display": "12", "num_branches": 26, "num_partial_branches": 0, "covered_branches": 0, "missing_branches": 26, "percent_branches_covered": 0.0, "percent_branches_covered_display": "0"}, "missing_lines": [64, 65, 66, 68, 70, 71, 79, 80, 85, 88, 89, 97, 98, 105, 108, 109, 117, 118, 119, 120, 128, 129, 137, 138, 139, 140, 148, 149, 150, 159, 160, 167, 170, 171, 178, 181, 182, 191, 197, 198, 206, 207, 214, 217, 218, 225, 228, 233, 234, 242, 247, 248, 254, 255, 262, 264, 282, 283, 285, 288, 290, 293, 320, 321, 323, 324, 326, 328, 329, 331], "excluded_lines": [30, 31, 32], "executed_branches": [], "missing_branches": [[70, 71], [70, 264], [79, 80], [79, 88], [138, 139], [138, 148], [159, 160], [159, 170], [170, 171], [170, 181], [191, 197], [191, 206], [206, 207], [206, 217], [217, 218], [217, 228], [228, 233], [228, 254], [242, 247], [242, 254], [282, 283], [282, 285], [323, 324], [323, 326], [328, 329], [328, 331]], "functions": {"order_results": {"executed_lines": [], "summary": {"covered_lines": 0, "num_statements": 56, "percent_covered": 0.0, "percent_covered_display": "0", "missing_lines": 56, "excluded_lines": 0, "percent_statements_covered": 0.0, "percent_statements_covered_display": "0", "num_branches": 20, "num_partial_branches": 0, "covered_branches": 0, "missing_branches": 20, "percent_branches_covered": 0.0, "percent_branches_covered_display": "0"}, "missing_lines": [64, 65, 66, 68, 70, 71, 79, 80, 85, 88, 89, 97, 98, 105, 108, 109, 117, 118, 119, 120, 128, 129, 137, 138, 139, 140, 148, 149, 150, 159, 160, 167, 170, 171, 178, 181, 182, 191, 197, 198, 206, 207, 214, 217, 218, 225, 228, 233, 234, 242, 247, 248, 254, 255, 262, 264], "excluded_lines": [], "start_line": 37, "executed_branches": [], "missing_branches": [[70, 71], [70, 264], [79, 80], [79, 88], [138, 139], [138, 148], [159, 160], [159, 170], [170, 171], [170, 181], [191, 197], [191, 206], [206, 207], [206, 217], [217, 218], [217, 228], [228, 233], [228, 254], [242, 247], [242, 254]]}, "get_best_matches": {"executed_lines": [], "summary": {"covered_lines": 0, "num_statements": 6, "percent_covered": 0.0, "percent_covered_display": "0", "missing_lines": 6, "excluded_lines": 0, "percent_statements_covered": 0.0, "percent_statements_covered_display": "0", "num_branches": 2, "num_partial_branches": 0, "covered_branches": 0, "missing_branches": 2, "percent_branches_covered": 0.0, "percent_branches_covered_display": "0"}, "missing_lines": [282, 283, 285, 288, 290, 293], "excluded_lines": [], "start_line": 267, "executed_branches": [], "missing_branches": [[282, 283], [282, 285]]}, "get_best_result": {"executed_lines": [], "summary": {"covered_lines": 0, "num_statements": 8, "percent_covered": 0.0, "percent_covered_display": "0", "missing_lines": 8, "excluded_lines": 0, "percent_statements_covered": 0.0, "percent_statements_covered_display": "0", "num_branches": 4, "num_partial_branches": 0, "covered_branches": 0, "missing_branches": 4, "percent_branches_covered": 0.0, "percent_branches_covered_display": "0"}, "missing_lines": [320, 321, 323, 324, 326, 328, 329, 331], "excluded_lines": [], "start_line": 300, "executed_branches": [], "missing_branches": [[323, 324], [323, 326], [328, 329], [328, 331]]}, "": {"executed_lines": [3, 5, 6, 8, 16, 28, 34, 37, 267, 300], "summary": {"covered_lines": 10, "num_statements": 10, "percent_covered": 100.0, "percent_covered_display": "100", "missing_lines": 0, "excluded_lines": 3, "percent_statements_covered": 100.0, "percent_statements_covered_display": "100", "num_branches": 0, "num_partial_branches": 0, "covered_branches": 0, "missing_branches": 0, "percent_branches_covered": 100.0, "percent_branches_covered_display": "100"}, "missing_lines": [], "excluded_lines": [30, 31, 32], "start_line": 1, "executed_branches": [], "missing_branches": []}}, "classes": {"": {"executed_lines": [3, 5, 6, 8, 16, 28, 34, 37, 267, 300], "summary": {"covered_lines": 10, "num_statements": 80, "percent_covered": 9.433962264150944, "percent_covered_display": "9", "missing_lines": 70, "excluded_lines": 3, "percent_statements_covered": 12.5, "percent_statements_covered_display": "12", "num_branches": 26, "num_partial_branches": 0, "covered_branches": 0, "missing_branches": 26, "percent_branches_covered": 0.0, "percent_branches_covered_display": "0"}, "missing_lines": [64, 65, 66, 68, 70, 71, 79, 80, 85, 88, 89, 97, 98, 105, 108, 109, 117, 118, 119, 120, 128, 129, 137, 138, 139, 140, 148, 149, 150, 159, 160, 167, 170, 171, 178, 181, 182, 191, 197, 198, 206, 207, 214, 217, 218, 225, 228, 233, 234, 242, 247, 248, 254, 255, 262, 264, 282, 283, 285, 288, 290, 293, 320, 321, 323, 324, 326, 328, 329, 331], "excluded_lines": [30, 31, 32], "start_line": 1, "executed_branches": [], "missing_branches": [[70, 71], [70, 264], [79, 80], [79, 88], [138, 139], [138, 148], [159, 160], [159, 170], [170, 171], [170, 181], [191, 197], [191, 206], [206, 207], [206, 217], [217, 218], [217, 228], [228, 233], [228, 254], [242, 247], [242, 254], [282, 283], [282, 285], [323, 324], [323, 326], [328, 329], [328, 331]]}}}, "src/spotdl_core/matching/scoring.py": {"executed_lines": [3, 5, 6, 7, 8, 10, 11, 25, 28, 51, 75, 112, 163, 198, 255, 305, 339, 370, 388], "summary": {"covered_lines": 19, "num_statements": 140, "percent_covered": 9.5, "percent_covered_display": "10", "missing_lines": 121, "excluded_lines": 3, "percent_statements_covered": 13.571428571428571, "percent_statements_covered_display": "14", "num_branches": 60, "num_partial_branches": 0, "covered_branches": 0, "missing_branches": 60, "percent_branches_covered": 0.0, "percent_branches_covered_display": "0"}, "missing_lines": [41, 42, 44, 45, 46, 48, 64, 65, 67, 68, 69, 70, 72, 91, 93, 94, 96, 98, 99, 102, 103, 106, 107, 109, 123, 126, 127, 129, 130, 131, 133, 134, 138, 139, 140, 141, 143, 144, 146, 149, 153, 154, 157, 158, 160, 174, 177, 178, 180, 185, 187, 188, 189, 190, 192, 193, 195, 213, 214, 217, 221, 224, 225, 226, 227, 228, 229, 230, 232, 233, 236, 237, 238, 239, 241, 242, 243, 244, 246, 247, 249, 250, 252, 272, 273, 275, 276, 279, 281, 284, 285, 286, 287, 288, 291, 292, 293, 299, 300, 302, 319, 325, 328, 333, 334, 336, 353, 354, 356, 357, 360, 363, 364, 365, 367, 383, 384, 385, 399, 400, 402], "excluded_lines": [21, 22, 23], "executed_branches": [], "missing_branches": [[44, 45], [44, 48], [45, 44], [45, 46], [68, 69], [68, 72], [69, 68], [69, 70], [93, 94], [93, 96], [126, 127], [126, 129], [138, 139], [138, 149], [139, 140], [139, 146], [143, 139], [143, 144], [153, 154], [153, 160], [154, 157], [154, 160], [177, 178], [177, 180], [188, 189], [188, 192], [192, 193], [192, 195], [213, 214], [213, 217], [224, 225], [224, 236], [227, 228], [227, 232], [229, 227], [229, 230], [236, 237], [236, 252], [238, 239], [238, 241], [242, 243], [242, 246], [243, 244], [243, 246], [272, 273], [272, 275], [285, 286], [285, 291], [287, 285], [287, 288], [291, 292], [291, 302], [319, 325], [319, 328], [333, 334], [333, 336], [363, 364], [363, 367], [399, 400], [399, 402]], "functions": {"check_common_word": {"executed_lines": [], "summary": {"covered_lines": 0, "num_statements": 6, "percent_covered": 0.0, "percent_covered_display": "0", "missing_lines": 6, "excluded_lines": 0, "percent_statements_covered": 0.0, "percent_statements_covered_display": "0", "num_branches": 4, "num_partial_branches": 0, "covered_branches": 0, "missing_branches": 4, "percent_branches_covered": 0.0, "percent_branches_covered_display": "0"}, "missing_lines": [41, 42, 44, 45, 46, 48], "excluded_lines": [], "start_line": 28, "executed_branches": [], "missing_branches": [[44, 45], [44, 48], [45, 44], [45, 46]]}, "check_forbidden_words": {"executed_lines": [], "summary": {"covered_lines": 0, "num_statements": 7, "percent_covered": 0.0, "percent_covered_display": "0", "missing_lines": 7, "excluded_lines": 0, "percent_statements_covered": 0.0, "percent_statements_covered_display": "0", "num_branches": 4, "num_partial_branches": 0, "covered_branches": 0, "missing_branches": 4, "percent_branches_covered": 0.0, "percent_branches_covered_display": "0"}, "missing_lines": [64, 65, 67, 68, 69, 70, 72], "excluded_lines": [], "start_line": 51, "executed_branches": [], "missing_branches": [[68, 69], [68, 72], [69, 68], [69, 70]]}, "create_match_strings": {"executed_lines": [], "summary": {"covered_lines": 0, "num_statements": 11, "percent_covered": 0.0, "percent_covered_display": "0", "missing_lines": 11, "excluded_lines": 0, "percent_statements_covered": 0.0, "percent_statements_covered_display": "0", "num_branches": 2, "num_partial_branches": 0, "covered_branches": 0, "missing_branches": 2, "percent_branches_covered": 0.0, "percent_branches_covered_display": "0"}, "missing_lines": [91, 93, 94, 96, 98, 99, 102, 103, 106, 107, 109], "excluded_lines": [], "start_line": 75, "executed_branches": [], "missing_branches": [[93, 94], [93, 96]]}, "calc_main_artist_match": {"executed_lines": [], "summary": {"covered_lines": 0, "num_statements": 21, "percent_covered": 0.0, "percent_covered_display": "0", "missing_lines": 21, "excluded_lines": 0, "percent_statements_covered": 0.0, "percent_statements_covered_display": "0", "num_branches": 12, "num_partial_branches": 0, "covered_branches": 0, "missing_branches": 12, "percent_branches_covered": 0.0, "percent_branches_covered_display": "0"}, "missing_lines": [123, 126, 127, 129, 130, 131, 133, 134, 138, 139, 140, 141, 143, 144, 146, 149, 153, 154, 157, 158, 160], "excluded_lines": [], "start_line": 112, "executed_branches": [], "missing_branches": [[126, 127], [126, 129], [138, 139], [138, 149], [139, 140], [139, 146], [143, 139], [143, 144], [153, 154], [153, 160], [154, 157], [154, 160]]}, "calc_artists_match": {"executed_lines": [], "summary": {"covered_lines": 0, "num_statements": 12, "percent_covered": 0.0, "percent_covered_display": "0", "missing_lines": 12, "excluded_lines": 0, "percent_statements_covered": 0.0, "percent_statements_covered_display": "0", "num_branches": 6, "num_partial_branches": 0, "covered_branches": 0, "missing_branches": 6, "percent_branches_covered": 0.0, "percent_branches_covered_display": "0"}, "missing_lines": [174, 177, 178, 180, 185, 187, 188, 189, 190, 192, 193, 195], "excluded_lines": [], "start_line": 163, "executed_branches": [], "missing_branches": [[177, 178], [177, 180], [188, 189], [188, 192], [192, 193], [192, 195]]}, "artists_match_fixup1": {"executed_lines": [], "summary": {"covered_lines": 0, "num_statements": 26, "percent_covered": 0.0, "percent_covered_display": "0", "missing_lines": 26, "excluded_lines": 0, "percent_statements_covered": 0.0, "percent_statements_covered_display": "0", "num_branches": 16, "num_partial_branches": 0, "covered_branches": 0, "missing_branches": 16, "percent_branches_covered": 0.0, "percent_branches_covered_display": "0"}, "missing_lines": [213, 214, 217, 221, 224, 225, 226, 227, 228, 229, 230, 232, 233, 236, 237, 238, 239, 241, 242, 243, 244, 246, 247, 249, 250, 252], "excluded_lines": [], "start_line": 198, "executed_branches": [], "missing_branches": [[213, 214], [213, 217], [224, 225], [224, 236], [227, 228], [227, 232], [229, 227], [229, 230], [236, 237], [236, 252], [238, 239], [238, 241], [242, 243], [242, 246], [243, 244], [243, 246]]}, "artists_match_fixup2": {"executed_lines": [], "summary": {"covered_lines": 0, "num_statements": 17, "percent_covered": 0.0, "percent_covered_display": "0", "missing_lines": 17, "excluded_lines": 0, "percent_statements_covered": 0.0, "percent_statements_covered_display": "0", "num_branches": 8, "num_partial_branches": 0, "covered_branches": 0, "missing_branches": 8, "percent_branches_covered": 0.0, "percent_branches_covered_display": "0"}, "missing_lines": [272, 273, 275, 276, 279, 281, 284, 285, 286, 287, 288, 291, 292, 293, 299, 300, 302], "excluded_lines": [], "start_line": 255, "executed_branches": [], "missing_branches": [[272, 273], [272, 275], [285, 286], [285, 291], [287, 285], [287, 288], [291, 292], [291, 302]]}, "artists_match_fixup3": {"executed_lines": [], "summary": {"covered_lines": 0, "num_statements": 6, "percent_covered": 0.0, "percent_covered_display": "0", "missing_lines": 6, "excluded_lines": 0, "percent_statements_covered": 0.0, "percent_statements_covered_display": "0", "num_branches": 4, "num_partial_branches": 0, "covered_branches": 0, "missing_branches": 4, "percent_branches_covered": 0.0, "percent_branches_covered_display": "0"}, "missing_lines": [319, 325, 328, 333, 334, 336], "excluded_lines": [], "start_line": 305, "executed_branches": [], "missing_branches": [[319, 325], [319, 328], [333, 334], [333, 336]]}, "calc_name_match": {"executed_lines": [], "summary": {"covered_lines": 0, "num_statements": 9, "percent_covered": 0.0, "percent_covered_display": "0", "missing_lines": 9, "excluded_lines": 0, "percent_statements_covered": 0.0, "percent_statements_covered_display": "0", "num_branches": 2, "num_partial_branches": 0, "covered_branches": 0, "missing_branches": 2, "percent_branches_covered": 0.0, "percent_branches_covered_display": "0"}, "missing_lines": [353, 354, 356, 357, 360, 363, 364, 365, 367], "excluded_lines": [], "start_line": 339, "executed_branches": [], "missing_branches": [[363, 364], [363, 367]]}, "calc_time_match": {"executed_lines": [], "summary": {"covered_lines": 0, "num_statements": 3, "percent_covered": 0.0, "percent_covered_display": "0", "missing_lines": 3, "excluded_lines": 0, "percent_statements_covered": 0.0, "percent_statements_covered_display": "0", "num_branches": 0, "num_partial_branches": 0, "covered_branches": 0, "missing_branches": 0, "percent_branches_covered": 100.0, "percent_branches_covered_display": "100"}, "missing_lines": [383, 384, 385], "excluded_lines": [], "start_line": 370, "executed_branches": [], "missing_branches": []}, "calc_album_match": {"executed_lines": [], "summary": {"covered_lines": 0, "num_statements": 3, "percent_covered": 0.0, "percent_covered_display": "0", "missing_lines": 3, "excluded_lines": 0, "percent_statements_covered": 0.0, "percent_statements_covered_display": "0", "num_branches": 2, "num_partial_branches": 0, "covered_branches": 0, "missing_branches": 2, "percent_branches_covered": 0.0, "percent_branches_covered_display": "0"}, "missing_lines": [399, 400, 402], "excluded_lines": [], "start_line": 388, "executed_branches": [], "missing_branches": [[399, 400], [399, 402]]}, "": {"executed_lines": [3, 5, 6, 7, 8, 10, 11, 25, 28, 51, 75, 112, 163, 198, 255, 305, 339, 370, 388], "summary": {"covered_lines": 19, "num_statements": 19, "percent_covered": 100.0, "percent_covered_display": "100", "missing_lines": 0, "excluded_lines": 3, "percent_statements_covered": 100.0, "percent_statements_covered_display": "100", "num_branches": 0, "num_partial_branches": 0, "covered_branches": 0, "missing_branches": 0, "percent_branches_covered": 100.0, "percent_branches_covered_display": "100"}, "missing_lines": [], "excluded_lines": [21, 22, 23], "start_line": 1, "executed_branches": [], "missing_branches": []}}, "classes": {"": {"executed_lines": [3, 5, 6, 7, 8, 10, 11, 25, 28, 51, 75, 112, 163, 198, 255, 305, 339, 370, 388], "summary": {"covered_lines": 19, "num_statements": 140, "percent_covered": 9.5, "percent_covered_display": "10", "missing_lines": 121, "excluded_lines": 3, "percent_statements_covered": 13.571428571428571, "percent_statements_covered_display": "14", "num_branches": 60, "num_partial_branches": 0, "covered_branches": 0, "missing_branches": 60, "percent_branches_covered": 0.0, "percent_branches_covered_display": "0"}, "missing_lines": [41, 42, 44, 45, 46, 48, 64, 65, 67, 68, 69, 70, 72, 91, 93, 94, 96, 98, 99, 102, 103, 106, 107, 109, 123, 126, 127, 129, 130, 131, 133, 134, 138, 139, 140, 141, 143, 144, 146, 149, 153, 154, 157, 158, 160, 174, 177, 178, 180, 185, 187, 188, 189, 190, 192, 193, 195, 213, 214, 217, 221, 224, 225, 226, 227, 228, 229, 230, 232, 233, 236, 237, 238, 239, 241, 242, 243, 244, 246, 247, 249, 250, 252, 272, 273, 275, 276, 279, 281, 284, 285, 286, 287, 288, 291, 292, 293, 299, 300, 302, 319, 325, 328, 333, 334, 336, 353, 354, 356, 357, 360, 363, 364, 365, 367, 383, 384, 385, 399, 400, 402], "excluded_lines": [21, 22, 23], "start_line": 1, "executed_branches": [], "missing_branches": [[44, 45], [44, 48], [45, 44], [45, 46], [68, 69], [68, 72], [69, 68], [69, 70], [93, 94], [93, 96], [126, 127], [126, 129], [138, 139], [138, 149], [139, 140], [139, 146], [143, 139], [143, 144], [153, 154], [153, 160], [154, 157], [154, 160], [177, 178], [177, 180], [188, 189], [188, 192], [192, 193], [192, 195], [213, 214], [213, 217], [224, 225], [224, 236], [227, 228], [227, 232], [229, 227], [229, 230], [236, 237], [236, 252], [238, 239], [238, 241], [242, 243], [242, 246], [243, 244], [243, 246], [272, 273], [272, 275], [285, 286], [285, 291], [287, 285], [287, 288], [291, 292], [291, 302], [319, 325], [319, 328], [333, 334], [333, 336], [363, 364], [363, 367], [399, 400], [399, 402]]}}}, "src/spotdl_core/matching/utils.py": {"executed_lines": [3, 5, 6, 8, 9, 10, 13, 18, 21, 24, 25, 61, 62, 78, 106, 135, 150, 177, 194], "summary": {"covered_lines": 19, "num_statements": 66, "percent_covered": 21.59090909090909, "percent_covered_display": "22", "missing_lines": 47, "excluded_lines": 0, "percent_statements_covered": 28.78787878787879, "percent_statements_covered_display": "29", "num_branches": 22, "num_partial_branches": 0, "covered_branches": 0, "missing_branches": 22, "percent_branches_covered": 0.0, "percent_branches_covered_display": "0"}, "missing_lines": [36, 37, 40, 43, 45, 46, 47, 49, 56, 58, 75, 92, 93, 94, 96, 97, 99, 100, 101, 103, 121, 123, 124, 125, 126, 127, 129, 130, 132, 146, 147, 161, 162, 164, 166, 172, 174, 188, 189, 190, 191, 208, 210, 216, 217, 218, 220], "excluded_lines": [], "executed_branches": [], "missing_branches": [[36, 37], [36, 40], [46, 47], [46, 58], [49, 46], [49, 56], [96, 97], [96, 103], [99, 96], [99, 100], [124, 125], [124, 129], [126, 124], [126, 127], [129, 130], [129, 132], [189, 190], [189, 191], [208, 210], [208, 220], [216, 217], [216, 218]], "functions": {"slugify": {"executed_lines": [], "summary": {"covered_lines": 0, "num_statements": 10, "percent_covered": 0.0, "percent_covered_display": "0", "missing_lines": 10, "excluded_lines": 0, "percent_statements_covered": 0.0, "percent_statements_covered_display": "0", "num_branches": 6, "num_partial_branches": 0, "covered_branches": 0, "missing_branches": 6, "percent_branches_covered": 0.0, "percent_branches_covered_display": "0"}, "missing_lines": [36, 37, 40, 43, 45, 46, 47, 49, 56, 58], "excluded_lines": [], "start_line": 25, "executed_branches": [], "missing_branches": [[36, 37], [36, 40], [46, 47], [46, 58], [49, 46], [49, 56]]}, "ratio": {"executed_lines": [], "summary": {"covered_lines": 0, "num_statements": 1, "percent_covered": 0.0, "percent_covered_display": "0", "missing_lines": 1, "excluded_lines": 0, "percent_statements_covered": 0.0, "percent_statements_covered_display": "0", "num_branches": 0, "num_partial_branches": 0, "covered_branches": 0, "missing_branches": 0, "percent_branches_covered": 100.0, "percent_branches_covered_display": "100"}, "missing_lines": [75], "excluded_lines": [], "start_line": 62, "executed_branches": [], "missing_branches": []}, "fill_string": {"executed_lines": [], "summary": {"covered_lines": 0, "num_statements": 9, "percent_covered": 0.0, "percent_covered_display": "0", "missing_lines": 9, "excluded_lines": 0, "percent_statements_covered": 0.0, "percent_statements_covered_display": "0", "num_branches": 4, "num_partial_branches": 0, "covered_branches": 0, "missing_branches": 4, "percent_branches_covered": 0.0, "percent_branches_covered_display": "0"}, "missing_lines": [92, 93, 94, 96, 97, 99, 100, 101, 103], "excluded_lines": [], "start_line": 78, "executed_branches": [], "missing_branches": [[96, 97], [96, 103], [99, 96], [99, 100]]}, "create_clean_string": {"executed_lines": [], "summary": {"covered_lines": 0, "num_statements": 9, "percent_covered": 0.0, "percent_covered_display": "0", "missing_lines": 9, "excluded_lines": 0, "percent_statements_covered": 0.0, "percent_statements_covered_display": "0", "num_branches": 6, "num_partial_branches": 0, "covered_branches": 0, "missing_branches": 6, "percent_branches_covered": 0.0, "percent_branches_covered_display": "0"}, "missing_lines": [121, 123, 124, 125, 126, 127, 129, 130, 132], "excluded_lines": [], "start_line": 106, "executed_branches": [], "missing_branches": [[124, 125], [124, 129], [126, 124], [126, 127], [129, 130], [129, 132]]}, "sort_string": {"executed_lines": [], "summary": {"covered_lines": 0, "num_statements": 2, "percent_covered": 0.0, "percent_covered_display": "0", "missing_lines": 2, "excluded_lines": 0, "percent_statements_covered": 0.0, "percent_statements_covered_display": "0", "num_branches": 0, "num_partial_branches": 0, "covered_branches": 0, "missing_branches": 0, "percent_branches_covered": 100.0, "percent_branches_covered_display": "100"}, "missing_lines": [146, 147], "excluded_lines": [], "start_line": 135, "executed_branches": [], "missing_branches": []}, "based_sort": {"executed_lines": [], "summary": {"covered_lines": 0, "num_statements": 6, "percent_covered": 0.0, "percent_covered_display": "0", "missing_lines": 6, "excluded_lines": 0, "percent_statements_covered": 0.0, "percent_statements_covered_display": "0", "num_branches": 0, "num_partial_branches": 0, "covered_branches": 0, "missing_branches": 0, "percent_branches_covered": 100.0, "percent_branches_covered_display": "100"}, "missing_lines": [161, 162, 164, 166, 172, 174], "excluded_lines": [], "start_line": 150, "executed_branches": [], "missing_branches": []}, "create_song_title": {"executed_lines": [], "summary": {"covered_lines": 0, "num_statements": 4, "percent_covered": 0.0, "percent_covered_display": "0", "missing_lines": 4, "excluded_lines": 0, "percent_statements_covered": 0.0, "percent_statements_covered_display": "0", "num_branches": 2, "num_partial_branches": 0, "covered_branches": 0, "missing_branches": 2, "percent_branches_covered": 0.0, "percent_branches_covered_display": "0"}, "missing_lines": [188, 189, 190, 191], "excluded_lines": [], "start_line": 177, "executed_branches": [], "missing_branches": [[189, 190], [189, 191]]}, "create_search_query": {"executed_lines": [], "summary": {"covered_lines": 0, "num_statements": 6, "percent_covered": 0.0, "percent_covered_display": "0", "missing_lines": 6, "excluded_lines": 0, "percent_statements_covered": 0.0, "percent_statements_covered_display": "0", "num_branches": 4, "num_partial_branches": 0, "covered_branches": 0, "missing_branches": 4, "percent_branches_covered": 0.0, "percent_branches_covered_display": "0"}, "missing_lines": [208, 210, 216, 217, 218, 220], "excluded_lines": [], "start_line": 194, "executed_branches": [], "missing_branches": [[208, 210], [208, 220], [216, 217], [216, 218]]}, "": {"executed_lines": [3, 5, 6, 8, 9, 10, 13, 18, 21, 24, 25, 61, 62, 78, 106, 135, 150, 177, 194], "summary": {"covered_lines": 19, "num_statements": 19, "percent_covered": 100.0, "percent_covered_display": "100", "missing_lines": 0, "excluded_lines": 0, "percent_statements_covered": 100.0, "percent_statements_covered_display": "100", "num_branches": 0, "num_partial_branches": 0, "covered_branches": 0, "missing_branches": 0, "percent_branches_covered": 100.0, "percent_branches_covered_display": "100"}, "missing_lines": [], "excluded_lines": [], "start_line": 1, "executed_branches": [], "missing_branches": []}}, "classes": {"": {"executed_lines": [3, 5, 6, 8, 9, 10, 13, 18, 21, 24, 25, 61, 62, 78, 106, 135, 150, 177, 194], "summary": {"covered_lines": 19, "num_statements": 66, "percent_covered": 21.59090909090909, "percent_covered_display": "22", "missing_lines": 47, "excluded_lines": 0, "percent_statements_covered": 28.78787878787879, "percent_statements_covered_display": "29", "num_branches": 22, "num_partial_branches": 0, "covered_branches": 0, "missing_branches": 22, "percent_branches_covered": 0.0, "percent_branches_covered_display": "0"}, "missing_lines": [36, 37, 40, 43, 45, 46, 47, 49, 56, 58, 75, 92, 93, 94, 96, 97, 99, 100, 101, 103, 121, 123, 124, 125, 126, 127, 129, 130, 132, 146, 147, 161, 162, 164, 166, 172, 174, 188, 189, 190, 191, 208, 210, 216, 217, 218, 220], "excluded_lines": [], "start_line": 1, "executed_branches": [], "missing_branches": [[36, 37], [36, 40], [46, 47], [46, 58], [49, 46], [49, 56], [96, 97], [96, 103], [99, 96], [99, 100], [124, 125], [124, 129], [126, 124], [126, 127], [129, 130], [129, 132], [189, 190], [189, 191], [208, 210], [208, 220], [216, 217], [216, 218]]}}}, "src/spotdl_core/providers/__init__.py": {"executed_lines": [3, 10, 30, 38, 41, 44, 48], "summary": {"covered_lines": 7, "num_statements": 7, "percent_covered": 100.0, "percent_covered_display": "100", "missing_lines": 0, "excluded_lines": 0, "percent_statements_covered": 100.0, "percent_statements_covered_display": "100", "num_branches": 0, "num_partial_branches": 0, "covered_branches": 0, "missing_branches": 0, "percent_branches_covered": 100.0, "percent_branches_covered_display": "100"}, "missing_lines": [], "excluded_lines": [], "executed_branches": [], "missing_branches": [], "functions": {"": {"executed_lines": [3, 10, 30, 38, 41, 44, 48], "summary": {"covered_lines": 7, "num_statements": 7, "percent_covered": 100.0, "percent_covered_display": "100", "missing_lines": 0, "excluded_lines": 0, "percent_statements_covered": 100.0, "percent_statements_covered_display": "100", "num_branches": 0, "num_partial_branches": 0, "covered_branches": 0, "missing_branches": 0, "percent_branches_covered": 100.0, "percent_branches_covered_display": "100"}, "missing_lines": [], "excluded_lines": [], "start_line": 1, "executed_branches": [], "missing_branches": []}}, "classes": {"": {"executed_lines": [3, 10, 30, 38, 41, 44, 48], "summary": {"covered_lines": 7, "num_statements": 7, "percent_covered": 100.0, "percent_covered_display": "100", "missing_lines": 0, "excluded_lines": 0, "percent_statements_covered": 100.0, "percent_statements_covered_display": "100", "num_branches": 0, "num_partial_branches": 0, "covered_branches": 0, "missing_branches": 0, "percent_branches_covered": 100.0, "percent_branches_covered_display": "100"}, "missing_lines": [], "excluded_lines": [], "start_line": 1, "executed_branches": [], "missing_branches": []}}}, "src/spotdl_core/providers/metadata/__init__.py": {"executed_lines": [3, 8, 9, 11], "summary": {"covered_lines": 4, "num_statements": 4, "percent_covered": 100.0, "percent_covered_display": "100", "missing_lines": 0, "excluded_lines": 0, "percent_statements_covered": 100.0, "percent_statements_covered_display": "100", "num_branches": 0, "num_partial_branches": 0, "covered_branches": 0, "missing_branches": 0, "percent_branches_covered": 100.0, "percent_branches_covered_display": "100"}, "missing_lines": [], "excluded_lines": [], "executed_branches": [], "missing_branches": [], "functions": {"": {"executed_lines": [3, 8, 9, 11], "summary": {"covered_lines": 4, "num_statements": 4, "percent_covered": 100.0, "percent_covered_display": "100", "missing_lines": 0, "excluded_lines": 0, "percent_statements_covered": 100.0, "percent_statements_covered_display": "100", "num_branches": 0, "num_partial_branches": 0, "covered_branches": 0, "missing_branches": 0, "percent_branches_covered": 100.0, "percent_branches_covered_display": "100"}, "missing_lines": [], "excluded_lines": [], "start_line": 1, "executed_branches": [], "missing_branches": []}}, "classes": {"": {"executed_lines": [3, 8, 9, 11], "summary": {"covered_lines": 4, "num_statements": 4, "percent_covered": 100.0, "percent_covered_display": "100", "missing_lines": 0, "excluded_lines": 0, "percent_statements_covered": 100.0, "percent_statements_covered_display": "100", "num_branches": 0, "num_partial_branches": 0, "covered_branches": 0, "missing_branches": 0, "percent_branches_covered": 100.0, "percent_branches_covered_display": "100"}, "missing_lines": [], "excluded_lines": [], "start_line": 1, "executed_branches": [], 
[...]
267], [268, 269], [268, 271]]}, "": {"executed_lines": [3, 5, 6, 7, 9, 11, 12, 21, 26, 33, 34, 36, 47, 56, 125, 159, 190, 226, 251, 252], "summary": {"covered_lines": 20, "num_statements": 20, "percent_covered": 100.0, "percent_covered_display": "100", "missing_lines": 0, "excluded_lines": 2, "percent_statements_covered": 100.0, "percent_statements_covered_display": "100", "num_branches": 0, "num_partial_branches": 0, "covered_branches": 0, "missing_branches": 0, "percent_branches_covered": 100.0, "percent_branches_covered_display": "100"}, "missing_lines": [], "excluded_lines": [17, 18], "start_line": 1, "executed_branches": [], "missing_branches": []}}}, "src/spotdl_core/types/__init__.py": {"executed_lines": [3, 4, 6], "summary": {"covered_lines": 3, "num_statements": 3, "percent_covered": 100.0, "percent_covered_display": "100", "missing_lines": 0, "excluded_lines": 0, "percent_statements_covered": 100.0, "percent_statements_covered_display": "100", "num_branches": 0, "num_partial_branches": 0, "covered_branches": 0, "missing_branches": 0, "percent_branches_covered": 100.0, "percent_branches_covered_display": "100"}, "missing_lines": [], "excluded_lines": [], "executed_branches": [], "missing_branches": [], "functions": {"": {"executed_lines": [3, 4, 6], "summary": {"covered_lines": 3, "num_statements": 3, "percent_covered": 100.0, "percent_covered_display": "100", "missing_lines": 0, "excluded_lines": 0, "percent_statements_covered": 100.0, "percent_statements_covered_display": "100", "num_branches": 0, "num_partial_branches": 0, "covered_branches": 0, "missing_branches": 0, "percent_branches_covered": 100.0, "percent_branches_covered_display": "100"}, "missing_lines": [], "excluded_lines": [], "start_line": 1, "executed_branches": [], "missing_branches": []}}, "classes": {"": {"executed_lines": [3, 4, 6], "summary": {"covered_lines": 3, "num_statements": 3, "percent_covered": 100.0, "percent_covered_display": "100", "missing_lines": 0, "excluded_lines": 0, "percent_statements_covered": 100.0, "percent_statements_covered_display": "100", "num_branches": 0, "num_partial_branches": 0, "covered_branches": 0, "missing_branches": 0, "percent_branches_covered": 100.0, "percent_branches_covered_display": "100"}, "missing_lines": [], "excluded_lines": [], "start_line": 1, "executed_branches": [], "missing_branches": []}}}, "src/spotdl_core/types/result.py": {"executed_lines": [3, 5, 6, 7, 8, 11, 14, 15, 16, 17, 18, 19, 22, 23, 32, 33, 34, 35, 36, 37, 38, 41, 42, 43, 44, 45, 46, 47, 50, 51, 53, 55, 56, 58, 59, 69, 72, 73, 76, 77, 78, 79, 80, 81, 82, 83, 84, 87, 88, 90, 92, 93, 103, 104, 106, 107, 109, 111, 113, 114, 115, 117, 119, 121, 122, 124], "summary": {"covered_lines": 66, "num_statements": 66, "percent_covered": 97.5609756097561, "percent_covered_display": "98", "missing_lines": 0, "excluded_lines": 0, "percent_statements_covered": 100.0, "percent_statements_covered_display": "100", "num_branches": 16, "num_partial_branches": 2, "covered_branches": 14, "missing_branches": 2, "percent_branches_covered": 87.5, "percent_branches_covered_display": "88"}, "missing_lines": [], "excluded_lines": [], "executed_branches": [[55, -53], [55, 56], [72, 73], [72, 76], [76, 77], [76, 78], [78, 79], [78, 81], [81, 82], [81, 83], [83, 84], [83, 87], [87, 88], [113, 114]], "missing_branches": [[87, 90], [113, 115]], "functions": {"Result.__post_init__": {"executed_lines": [55, 56], "summary": {"covered_lines": 2, "num_statements": 2, "percent_covered": 100.0, "percent_covered_display": "100", "missing_lines": 0, "excluded_lines": 0, "percent_statements_covered": 100.0, "percent_statements_covered_display": "100", "num_branches": 2, "num_partial_branches": 0, "covered_branches": 2, "missing_branches": 0, "percent_branches_covered": 100.0, "percent_branches_covered_display": "100"}, "missing_lines": [], "excluded_lines": [], "start_line": 53, "executed_branches": [[55, -53], [55, 56]], "missing_branches": []}, "Result.from_dict": {"executed_lines": [69, 72, 73, 76, 77, 78, 79, 80, 81, 82, 83, 84, 87, 88, 90], "summary": {"covered_lines": 15, "num_statements": 15, "percent_covered": 96.29629629629629, "percent_covered_display": "96", "missing_lines": 0, "excluded_lines": 0, "percent_statements_covered": 100.0, "percent_statements_covered_display": "100", "num_branches": 12, "num_partial_branches": 1, "covered_branches": 11, "missing_branches": 1, "percent_branches_covered": 91.66666666666667, "percent_branches_covered_display": "92"}, "missing_lines": [], "excluded_lines": [], "start_line": 59, "executed_branches": [[72, 73], [72, 76], [76, 77], [76, 78], [78, 79], [78, 81], [81, 82], [81, 83], [83, 84], [83, 87], [87, 88]], "missing_branches": [[87, 90]]}, "Result.from_json": {"executed_lines": [103, 104], "summary": {"covered_lines": 2, "num_statements": 2, "percent_covered": 100.0, "percent_covered_display": "100", "missing_lines": 0, "excluded_lines": 0, "percent_statements_covered": 100.0, "percent_statements_covered_display": "100", "num_branches": 0, "num_partial_branches": 0, "covered_branches": 0, "missing_branches": 0, "percent_branches_covered": 100.0, "percent_branches_covered_display": "100"}, "missing_lines": [], "excluded_lines": [], "start_line": 93, "executed_branches": [], "missing_branches": []}, "Result.json": {"executed_lines": [109, 111, 113, 114, 115], "summary": {"covered_lines": 5, "num_statements": 5, "percent_covered": 85.71428571428571, "percent_covered_display": "86", "missing_lines": 0, "excluded_lines": 0, "percent_statements_covered": 100.0, "percent_statements_covered_display": "100", "num_branches": 2, "num_partial_branches": 1, "covered_branches": 1, "missing_branches": 1, "percent_branches_covered": 50.0, "percent_branches_covered_display": "50"}, "missing_lines": [], "excluded_lines": [], "start_line": 107, "executed_branches": [[113, 114]], "missing_branches": [[113, 115]]}, "Result.to_json": {"executed_lines": [119], "summary": {"covered_lines": 1, "num_statements": 1, "percent_covered": 100.0, "percent_covered_display": "100", "missing_lines": 0, "excluded_lines": 0, "percent_statements_covered": 100.0, "percent_statements_covered_display": "100", "num_branches": 0, "num_partial_branches": 0, "covered_branches": 0, "missing_branches": 0, "percent_branches_covered": 100.0, "percent_branches_covered_display": "100"}, "missing_lines": [], "excluded_lines": [], "start_line": 117, "executed_branches": [], "missing_branches": []}, "Result.display_name": {"executed_lines": [124], "summary": {"covered_lines": 1, "num_statements": 1, "percent_covered": 100.0, "percent_covered_display": "100", "missing_lines": 0, "excluded_lines": 0, "percent_statements_covered": 100.0, "percent_statements_covered_display": "100", "num_branches": 0, "num_partial_branches": 0, "covered_branches": 0, "missing_branches": 0, "percent_branches_covered": 100.0, "percent_branches_covered_display": "100"}, "missing_lines": [], "excluded_lines": [], "start_line": 122, "executed_branches": [], "missing_branches": []}, "": {"executed_lines": [3, 5, 6, 7, 8, 11, 14, 15, 16, 17, 18, 19, 22, 23, 32, 33, 34, 35, 36, 37, 38, 41, 42, 43, 44, 45, 46, 47, 50, 51, 53, 58, 59, 92, 93, 106, 107, 117, 121, 122], "summary": {"covered_lines": 40, "num_statements": 40, "percent_covered": 100.0, "percent_covered_display": "100", "missing_lines": 0, "excluded_lines": 0, "percent_statements_covered": 100.0, "percent_statements_covered_display": "100", "num_branches": 0, "num_partial_branches": 0, "covered_branches": 0, "missing_branches": 0, "percent_branches_covered": 100.0, "percent_branches_covered_display": "100"}, "missing_lines": [], "excluded_lines": [], "start_line": 1, "executed_branches": [], "missing_branches": []}}, "classes": {"TargetPlatform": {"executed_lines": [], "summary": {"covered_lines": 0, "num_statements": 0, "percent_covered": 100.0, "percent_covered_display": "100", "missing_lines": 0, "excluded_lines": 0, "percent_statements_covered": 100.0, "percent_statements_covered_display": "100", "num_branches": 0, "num_partial_branches": 0, "covered_branches": 0, "missing_branches": 0, "percent_branches_covered": 100.0, "percent_branches_covered_display": "100"}, "missing_lines": [], "excluded_lines": [], "start_line": 11, "executed_branches": [], "missing_branches": []}, "Result": {"executed_lines": [55, 56, 69, 72, 73, 76, 77, 78, 79, 80, 81, 82, 83, 84, 87, 88, 90, 103, 104, 109, 111, 113, 114, 115, 119, 124], "summary": {"covered_lines": 26, "num_statements": 26, "percent_covered": 95.23809523809524, "percent_covered_display": "95", "missing_lines": 0, "excluded_lines": 0, "percent_statements_covered": 100.0, "percent_statements_covered_display": "100", "num_branches": 16, "num_partial_branches": 2, "covered_branches": 14, "missing_branches": 2, "percent_branches_covered": 87.5, "percent_branches_covered_display": "88"}, "missing_lines": [], "excluded_lines": [], "start_line": 23, "executed_branches": [[55, -53], [55, 56], [72, 73], [72, 76], [76, 77], [76, 78], [78, 79], [78, 81], [81, 82], [81, 83], [83, 84], [83, 87], [87, 88], [113, 114]], "missing_branches": [[87, 90], [113, 115]]}, "": {"executed_lines": [3, 5, 6, 7, 8, 11, 14, 15, 16, 17, 18, 19, 22, 23, 32, 33, 34, 35, 36, 37, 38, 41, 42, 43, 44, 45, 46, 47, 50, 51, 53, 58, 59, 92, 93, 106, 107, 117, 121, 122], "summary": {"covered_lines": 40, "num_statements": 40, "percent_covered": 100.0, "percent_covered_display": "100", "missing_lines": 0, "excluded_lines": 0, "percent_statements_covered": 100.0, "percent_statements_covered_display": "100", "num_branches": 0, "num_partial_branches": 0, "covered_branches": 0, "missing_branches": 0, "percent_branches_covered": 100.0, "percent_branches_covered_display": "100"}, "missing_lines": [], "excluded_lines": [], "start_line": 1, "executed_branches": [], "missing_branches": []}}}, "src/spotdl_core/types/song.py": {"executed_lines": [3, 5, 6, 7, 8, 11, 14, 15, 16, 17, 18, 19, 20, 23, 27, 28, 38, 39, 40, 41, 44, 45, 46, 49, 50, 51, 52, 55, 56, 57, 58, 59, 60, 61, 64, 65, 68, 69, 70, 71, 74, 75, 76, 79, 80, 81, 82, 85, 87, 89, 90, 92, 93, 95, 96, 107, 108, 109, 111, 113, 114, 124, 125, 127, 128, 130, 132, 133, 135, 137, 138, 140, 142, 145, 146, 153, 154, 155, 156, 157, 159, 160, 162, 164, 165, 167], "summary": {"covered_lines": 86, "num_statements": 86, "percent_covered": 98.91304347826087, "percent_covered_display": "99", "missing_lines": 0, "excluded_lines": 0, "percent_statements_covered": 100.0, "percent_statements_covered_display": "100", "num_branches": 6, "num_partial_branches": 1, "covered_branches": 5, "missing_branches": 1, "percent_branches_covered": 83.33333333333333, "percent_branches_covered_display": "83"}, "missing_lines": [], "excluded_lines": [], "executed_branches": [[89, 90], [89, 92], [92, -87], [92, 93], [107, 108]], "missing_branches": [[107, 111]], "functions": {"Song.__post_init__": {"executed_lines": [89, 90, 92, 93], "summary": {"covered_lines": 4, "num_statements": 4, "percent_covered": 100.0, "percent_covered_display": "100", "missing_lines": 0, "excluded_lines": 0, "percent_statements_covered": 100.0, "percent_statements_covered_display": "100", "num_branches": 4, "num_partial_branches": 0, "covered_branches": 4, "missing_branches": 0, "percent_branches_covered": 100.0, "percent_branches_covered_display": "100"}, "missing_lines": [], "excluded_lines": [], "start_line": 87, "executed_branches": [[89, 90], [89, 92], [92, -87], [92, 93]], "missing_branches": []}, "Song.from_dict": {"executed_lines": [107, 108, 109, 111], "summary": {"covered_lines": 4, "num_statements": 4, "percent_covered": 83.33333333333333, "percent_covered_display": "83", "missing_lines": 0, "excluded_lines": 0, "percent_statements_covered": 100.0, "percent_statements_covered_display": "100", "num_branches": 2, "num_partial_branches": 1, "covered_branches": 1, "missing_branches": 1, "percent_branches_covered": 50.0, "percent_branches_covered_display": "50"}, "missing_lines": [], "excluded_lines": [], "start_line": 96, "executed_branches": [[107, 108]], "missing_branches": [[107, 111]]}, "Song.from_json": {"executed_lines": [124, 125], "summary": {"covered_lines": 2, "num_statements": 2, "percent_covered": 100.0, "percent_covered_display": "100", "missing_lines": 0, "excluded_lines": 0, "percent_statements_covered": 100.0, "percent_statements_covered_display": "100", "num_branches": 0, "num_partial_branches": 0, "covered_branches": 0, "missing_branches": 0, "percent_branches_covered": 100.0, "percent_branches_covered_display": "100"}, "missing_lines": [], "excluded_lines": [], "start_line": 114, "executed_branches": [], "missing_branches": []}, "Song.display_name": {"executed_lines": [130], "summary": {"covered_lines": 1, "num_statements": 1, "percent_covered": 100.0, "percent_covered_display": "100", "missing_lines": 0, "excluded_lines": 0, "percent_statements_covered": 100.0, "percent_statements_covered_display": "100", "num_branches": 0, "num_partial_branches": 0, "covered_branches": 0, "missing_branches": 0, "percent_branches_covered": 100.0, "percent_branches_covered_display": "100"}, "missing_lines": [], "excluded_lines": [], "start_line": 128, "executed_branches": [], "missing_branches": []}, "Song.json": {"executed_lines": [135, 137, 138], "summary": {"covered_lines": 3, "num_statements": 3, "percent_covered": 100.0, "percent_covered_display": "100", "missing_lines": 0, "excluded_lines": 0, "percent_statements_covered": 100.0, "percent_statements_covered_display": "100", "num_branches": 0, "num_partial_branches": 0, "covered_branches": 0, "missing_branches": 0, "percent_branches_covered": 100.0, "percent_branches_covered_display": "100"}, "missing_lines": [], "excluded_lines": [], "start_line": 133, "executed_branches": [], "missing_branches": []}, "Song.to_json": {"executed_lines": [142], "summary": {"covered_lines": 1, "num_statements": 1, "percent_covered": 100.0, "percent_covered_display": "100", "missing_lines": 0, "excluded_lines": 0, "percent_statements_covered": 100.0, "percent_statements_covered_display": "100", "num_branches": 0, "num_partial_branches": 0, "covered_branches": 0, "missing_branches": 0, "percent_branches_covered": 100.0, "percent_branches_covered_display": "100"}, "missing_lines": [], "excluded_lines": [], "start_line": 140, "executed_branches": [], "missing_branches": []}, "SongList.length": {"executed_lines": [162], "summary": {"covered_lines": 1, "num_statements": 1, "percent_covered": 100.0, "percent_covered_display": "100", "missing_lines": 0, "excluded_lines": 0, "percent_statements_covered": 100.0, "percent_statements_covered_display": "100", "num_branches": 0, "num_partial_branches": 0, "covered_branches": 0, "missing_branches": 0, "percent_branches_covered": 100.0, "percent_branches_covered_display": "100"}, "missing_lines": [], "excluded_lines": [], "start_line": 160, "executed_branches": [], "missing_branches": []}, "SongList.json": {"executed_lines": [167], "summary": {"covered_lines": 1, "num_statements": 1, "percent_covered": 100.0, "percent_covered_display": "100", "missing_lines": 0, "excluded_lines": 0, "percent_statements_covered": 100.0, "percent_statements_covered_display": "100", "num_branches": 0, "num_partial_branches": 0, "covered_branches": 0, "missing_branches": 0, "percent_branches_covered": 100.0, "percent_branches_covered_display": "100"}, "missing_lines": [], "excluded_lines": [], "start_line": 165, "executed_branches": [], "missing_branches": []}, "": {"executed_lines": [3, 5, 6, 7, 8, 11, 14, 15, 16, 17, 18, 19, 20, 23, 27, 28, 38, 39, 40, 41, 44, 45, 46, 49, 50, 51, 52, 55, 56, 57, 58, 59, 60, 61, 64, 65, 68, 69, 70, 71, 74, 75, 76, 79, 80, 81, 82, 85, 87, 95, 96, 113, 114, 127, 128, 132, 133, 140, 145, 146, 153, 154, 155, 156, 157, 159, 160, 164, 165], "summary": {"covered_lines": 69, "num_statements": 69, "percent_covered": 100.0, "percent_covered_display": "100", "missing_lines": 0, "excluded_lines": 0, "percent_statements_covered": 100.0, "percent_statements_covered_display": "100", "num_branches": 0, "num_partial_branches": 0, "covered_branches": 0, "missing_branches": 0, "percent_branches_covered": 100.0, "percent_branches_covered_display": "100"}, "missing_lines": [], "excluded_lines": [], "start_line": 1, "executed_branches": [], "missing_branches": []}}, "classes": {"Platform": {"executed_lines": [], "summary": {"covered_lines": 0, "num_statements": 0, "percent_covered": 100.0, "percent_covered_display": "100", "missing_lines": 0, "excluded_lines": 0, "percent_statements_covered": 100.0, "percent_statements_covered_display": "100", "num_branches": 0, "num_partial_branches": 0, "covered_branches": 0, "missing_branches": 0, "percent_branches_covered": 100.0, "percent_branches_covered_display": "100"}, "missing_lines": [], "excluded_lines": [], "start_line": 11, "executed_branches": [], "missing_branches": []}, "SongError": {"executed_lines": [], "summary": {"covered_lines": 0, "num_statements": 0, "percent_covered": 100.0, "percent_covered_display": "100", "missing_lines": 0, "excluded_lines": 0, "percent_statements_covered": 100.0, "percent_statements_covered_display": "100", "num_branches": 0, "num_partial_branches": 0, "covered_branches": 0, "missing_branches": 0, "percent_branches_covered": 100.0, "percent_branches_covered_display": "100"}, "missing_lines": [], "excluded_lines": [], "start_line": 23, "executed_branches": [], "missing_branches": []}, "Song": {"executed_lines": [89, 90, 92, 93, 107, 108, 109, 111, 124, 125, 130, 135, 137, 138, 142], "summary": {"covered_lines": 15, "num_statements": 15, "percent_covered": 95.23809523809524, "percent_covered_display": "95", "missing_lines": 0, "excluded_lines": 0, "percent_statements_covered": 100.0, "percent_statements_covered_display": "100", "num_branches": 6, "num_partial_branches": 1, "covered_branches": 5, "missing_branches": 1, "percent_branches_covered": 83.33333333333333, "percent_branches_covered_display": "83"}, "missing_lines": [], "excluded_lines": [], "start_line": 28, "executed_branches": [[89, 90], [89, 92], [92, -87], [92, 93], [107, 108]], "missing_branches": [[107, 111]]}, "SongList": {"executed_lines": [162, 167], "summary": {"covered_lines": 2, "num_statements": 2, "percent_covered": 100.0, "percent_covered_display": "100", "missing_lines": 0, "excluded_lines": 0, "percent_statements_covered": 100.0, "percent_statements_covered_display": "100", "num_branches": 0, "num_partial_branches": 0, "covered_branches": 0, "missing_branches": 0, "percent_branches_covered": 100.0, "percent_branches_covered_display": "100"}, "missing_lines": [], "excluded_lines": [], "start_line": 146, "executed_branches": [], "missing_branches": []}, "": {"executed_lines": [3, 5, 6, 7, 8, 11, 14, 15, 16, 17, 18, 19, 20, 23, 27, 28, 38, 39, 40, 41, 44, 45, 46, 49, 50, 51, 52, 55, 56, 57, 58, 59, 60, 61, 64, 65, 68, 69, 70, 71, 74, 75, 76, 79, 80, 81, 82, 85, 87, 95, 96, 113, 114, 127, 128, 132, 133, 140, 145, 146, 153, 154, 155, 156, 157, 159, 160, 164, 165], "summary": {"covered_lines": 69, "num_statements": 69, "percent_covered": 100.0, "percent_covered_display": "100", "missing_lines": 0, "excluded_lines": 0, "percent_statements_covered": 100.0, "percent_statements_covered_display": "100", "num_branches": 0, "num_partial_branches": 0, "covered_branches": 0, "missing_branches": 0, "percent_branches_covered": 100.0, "percent_branches_covered_display": "100"}, "missing_lines": [], "excluded_lines": [], "start_line": 1, "executed_branches": [], "missing_branches": []}}}}, "totals": {"covered_lines": 1141, "num_statements": 3795, "percent_covered": 25.29213705684294, "percent_covered_display": "25", "missing_lines": 2654, "excluded_lines": 35, "percent_statements_covered": 30.065876152832676, "percent_statements_covered_display": "30", "num_branches": 1254, "num_partial_branches": 16, "covered_branches": 136, "missing_branches": 1118, "percent_branches_covered": 10.84529505582137, "percent_branches_covered_display": "11"}}